#
# A fatal error has been detected by the Java Runtime Environment:
#
#  SIGSEGV (0xb) at pc=0x00007fbff27b78c4, pid=1032, tid=1034
#
# JRE version: OpenJDK Runtime Environment (17.0+35) (build 17+35-2724)
# Java VM: OpenJDK 64-Bit Server VM (17+35-2724, mixed mode, sharing, tiered, compressed oops, compressed class ptrs, g1 gc, linux-amd64)
# Problematic frame:
# V  [libjvm.so+0x7038c4]  G1ParScanThreadState::trim_queue_to_threshold(unsigned int)+0x14d4
#
# Core dump will be written. Default location: Core dumps may be processed with "/lib/systemd/systemd-coredump %P %u %g %s %t 9223372036854775808 %h" (or dumping to /home/oliv/Documents/openclassrooms/P9/patient-info/core.1032)
#
# If you would like to submit a bug report, please visit:
#   https://bugreport.java.com/bugreport/crash.jsp
#

---------------  S U M M A R Y ------------

Command Line: -Dmaven.multiModuleProjectDirectory=/home/oliv/Documents/openclassrooms/P9/patient-info -Djansi.passthrough=true -Dmaven.home=/app/IDEA-C/plugins/maven/lib/maven3 -Dclassworlds.conf=/app/IDEA-C/plugins/maven/lib/maven3/bin/m2.conf -Dmaven.ext.class.path=/app/IDEA-C/plugins/maven/lib/maven-event-listener.jar -javaagent:/app/IDEA-C/lib/idea_rt.jar=43521:/app/IDEA-C/bin -Dfile.encoding=UTF-8 org.codehaus.classworlds.Launcher -Didea.version=2023.1.2 install

Host: Intel(R) Core(TM) i7 CPU       Q 720  @ 1.60GHz, 8 cores, 7G, Freedesktop.org SDK 22.08 (Flatpak runtime)
Time: Tue Jun 13 19:33:01 2023 CEST elapsed time: 1.107700 seconds (0d 0h 0m 1s)

---------------  T H R E A D  ---------------

Current thread (0x00007fbfec064f40):  GCTaskThread "GC Thread#0" [stack: 0x00007fbff076b000,0x00007fbff086b000] [id=1034]

Stack: [0x00007fbff076b000,0x00007fbff086b000],  sp=0x00007fbff08699b0,  free space=1018k
Native frames: (J=compiled Java code, j=interpreted, Vv=VM code, C=native code)
V  [libjvm.so+0x7038c4]  G1ParScanThreadState::trim_queue_to_threshold(unsigned int)+0x14d4
V  [libjvm.so+0x71fb40]  G1ScanHRForRegionClosure::scan_heap_roots(HeapRegion*)+0x560
V  [libjvm.so+0x716e47]  G1RemSet::scan_heap_roots(G1ParScanThreadState*, unsigned int, G1GCPhaseTimes::GCParPhases, G1GCPhaseTimes::GCParPhases, bool)+0x1a7
V  [libjvm.so+0x6c047b]  G1EvacuateRegionsTask::scan_roots(G1ParScanThreadState*, unsigned int)+0x4b
V  [libjvm.so+0x6c0bf3]  G1EvacuateRegionsBaseTask::work(unsigned int)+0x83
V  [libjvm.so+0xe3f88f]  GangWorker::loop()+0x5f
V  [libjvm.so+0xe3f8ef]
V  [libjvm.so+0xd91cfe]  Thread::call_run()+0xde
V  [libjvm.so+0xbe8011]  thread_native_entry(Thread*)+0xe1
C  [libc.so.6+0x8f1da]


siginfo: si_signo: 11 (SIGSEGV), si_code: 1 (SEGV_MAPERR), si_addr: 0x0000000000000040

Register to memory mapping:

RAX=0x00007fbfec062584 points into unknown readable memory: 00 00 00 00
RBX=0x00007fbfcc004c80 points into unknown readable memory: 0x00007fbff31e6428 | 28 64 1e f3 bf 7f 00 00
RCX=0x00007fbfec062584 points into unknown readable memory: 00 00 00 00
RDX=0x0 is NULL
RSP=0x00007fbff08699b0 points into unknown readable memory: 0x00007ffdc2b8a80a | 0a a8 b8 c2 fd 7f 00 00
RBP=0x00007fbff0869a40 points into unknown readable memory: 0x00007fbff0869b90 | 90 9b 86 f0 bf 7f 00 00
RSI=0x0 is NULL
RDI=0x0 is NULL
R8 =0x0000000000000001 is an unknown value
R9 =0x0 is NULL
R10=0x0 is NULL
R11=0x0000000000000032 is an unknown value
R12=0x00000000ffe17b35 is pointing into object: java.lang.Class 
{0x00000000ffe17af0} - klass: 'java/lang/Class'
 - ---- fields (total size 14 words):
 - private volatile transient 'classRedefinedCount' 'I' @12  0
 - private volatile transient 'cachedConstructor' 'Ljava/lang/reflect/Constructor;' @40  NULL (0)
 - private transient 'name' 'Ljava/lang/String;' @44  NULL (0)
 - private transient 'module' 'Ljava/lang/Module;' @48  NULL (0)
 - private final 'classLoader' 'Ljava/lang/ClassLoader;' @52  NULL (0)
 - private transient 'classData' 'Ljava/lang/Object;' @56  NULL (0)
 - private transient 'packageName' 'Ljava/lang/String;' @60  NULL (0)
 - private final 'componentType' 'Ljava/lang/Class;' @64  NULL (0)
 - private volatile transient 'reflectionData' 'Ljava/lang/ref/SoftReference;' @68  
[error occurred during error reporting (printing register info), id 0xb, SIGSEGV (0xb) at pc=0x00007fbff28a8eda]

Registers:
RAX=0x00007fbfec062584, RBX=0x00007fbfcc004c80, RCX=0x00007fbfec062584, RDX=0x0000000000000000
RSP=0x00007fbff08699b0, RBP=0x00007fbff0869a40, RSI=0x0000000000000000, RDI=0x0000000000000000
R8 =0x0000000000000001, R9 =0x0000000000000000, R10=0x0000000000000000, R11=0x0000000000000032
R12=0x00000000ffe17b35, R13=0x0000000000000040, R14=0x0000000000000000, R15=0x00007fbff32942f0
RIP=0x00007fbff27b78c4, EFLAGS=0x0000000000010246, CSGSFS=0x002b000000000033, ERR=0x0000000000000004
  TRAPNO=0x000000000000000e

Top of Stack: (sp=0x00007fbff08699b0)
0x00007fbff08699b0:   00007ffdc2b8a80a 0000000000000019
0x00007fbff08699c0:   00007fbff10ad0c6 00007fbf00000000
0x00007fbff08699d0:   00007fbfec0e70e0 0000000000000000
0x00007fbff08699e0:   0000000800000d68 0000000000000002 

Instructions: (pc=0x00007fbff27b78c4)
0x00007fbff27b77c4:   48 8b 93 90 01 00 00 48 89 c6 8b 8a 90 05 00 00
0x00007fbff27b77d4:   48 d3 ee 48 8b 8a 80 05 00 00 4c 8d 04 71 41 0f
0x00007fbff27b77e4:   b6 78 01 40 84 ff 78 94 42 0f 18 0c 30 ba 10 00
0x00007fbff27b77f4:   00 00 0f 18 0c 10 48 8b 83 98 01 00 00 49 8d 4c
0x00007fbff27b7804:   24 01 4c 8b 78 10 41 8b 87 80 00 00 00 41 8b b7
0x00007fbff27b7814:   00 01 00 00 89 c2 29 f2 81 e2 ff ff 01 00 81 fa
0x00007fbff27b7824:   fd ff 01 00 0f 86 5d 0b 00 00 49 8b 87 a0 02 00
0x00007fbff27b7834:   00 49 3b 87 88 02 00 00 0f 84 94 14 00 00 48 8d
0x00007fbff27b7844:   34 c5 00 00 00 00 48 83 c0 01 49 8b 97 b8 02 00
0x00007fbff27b7854:   00 48 89 0c 32 49 89 87 a0 02 00 00 e9 3a ff ff
0x00007fbff27b7864:   ff 0f 1f 00 49 8d bd 80 02 00 00 e8 2c e0 fb ff
0x00007fbff27b7874:   b8 01 00 00 00 31 d2 e9 f8 fd ff ff 4c 8d 3d 69
0x00007fbff27b7884:   ca ad 00 45 8b 6c 24 ff 48 8b 43 08 41 8b 77 08
0x00007fbff27b7894:   49 8b 17 89 f1 49 d3 e5 8b 88 90 05 00 00 48 8b
0x00007fbff27b78a4:   80 80 05 00 00 49 01 d5 4c 89 ef 48 d3 ef 48 8d
0x00007fbff27b78b4:   0c 78 44 0f b6 51 01 45 84 d2 0f 88 74 f5 ff ff
0x00007fbff27b78c4:   49 8b 45 00 48 89 c7 83 e7 03 48 83 ff 03 0f 85
0x00007fbff27b78d4:   7a 06 00 00 48 8d 0d 81 1f b2 00 80 39 00 0f 85
0x00007fbff27b78e4:   58 0b 00 00 48 83 e0 fc 4c 8d 2d 89 34 b2 00 48
0x00007fbff27b78f4:   89 45 b8 48 8b 7d b8 89 f1 49 83 ec 01 48 89 f8
0x00007fbff27b7904:   48 29 d0 48 d3 e8 41 89 04 24 48 89 f8 41 8b 4d
0x00007fbff27b7914:   00 4c 31 e0 48 d3 e8 48 85 c0 0f 84 14 f5 ff ff
0x00007fbff27b7924:   48 8b 53 08 4c 89 e0 8b 8a c0 01 00 00 48 d3 e8
0x00007fbff27b7934:   48 89 c1 48 8b 82 b0 01 00 00 48 8b 04 c8 8b 80
0x00007fbff27b7944:   bc 00 00 00 a8 02 0f 85 e8 f4 ff ff 8b 8a 90 05
0x00007fbff27b7954:   00 00 48 89 f8 48 8b 92 80 05 00 00 48 d3 e8 80
0x00007fbff27b7964:   3c 42 00 0f 84 cb f4 ff ff 49 c1 ec 09 48 8b 43
0x00007fbff27b7974:   60 4c 89 e6 e9 94 f4 ff ff 0f 1f 00 49 8d bf 80
0x00007fbff27b7984:   02 00 00 48 89 4d b8 e8 10 df fb ff 48 8b 4d b8
0x00007fbff27b7994:   b8 01 00 00 00 31 d2 e9 bb f0 ff ff 0f 84 9b 03
0x00007fbff27b79a4:   00 00 3c 01 48 8d 0d fd d2 ad 00 48 19 c0 83 e0
0x00007fbff27b79b4:   04 8b 31 44 89 f1 41 c1 fe 10 49 63 44 05 0c 48 


Stack slot to memory mapping:
stack at sp + 0 slots: 0x00007ffdc2b8a80a: <offset 0x000000000000080a> in linux-vdso.so.1 at 0x00007ffdc2b8a000
stack at sp + 1 slots: 0x0000000000000019 is an unknown value
stack at sp + 2 slots: 0x00007fbff10ad0c6 points into unknown readable memory: ff ff
stack at sp + 3 slots: 0x00007fbf00000000 is an unknown value
stack at sp + 4 slots: 0x00007fbfec0e70e0 points into unknown readable memory: 0x000000008b200000 | 00 00 20 8b 00 00 00 00
stack at sp + 5 slots: 0x0 is NULL
stack at sp + 6 slots: 0x0000000800000d68 is a pointer to class: 
java.lang.Object {0x0000000800000d68}
 - instance size:     2
 - klass size:        65
 - access:            public synchronized 
 - state:             fully_initialized
 - name:              'java/lang/Object'
 - super:             NULL
 - sub:               'org/apache/maven/plugin/ExtensionRealmCache'   'org/apache/maven/plugin/BuildPluginManager'   'org/apache/maven/model/plugin/LifecycleBindingsInjector'   'org/apache/maven/lifecycle/internal/builder/BuilderCommon'   (1341 more klasses...)
 - arrays:            'java/lang/Object'[]
 - methods:           Array<T>(0x00000008005c2db0)
 - method ordering:   Array<T>(0x00000008005c2e28)
 - default_methods:   Array<T>(0x0000000000000000)
 - local interfaces:  Array<T>(0x00000008005c2e18)
 - trans. interfaces: Array<T>(0x00000008005c2e18)
 - constants:         constant pool [92] {0x00000008005c2a80} for 'java/lang/Object' cache=0x000000080042ec20
 - class loader data:  loader data: 0x00007fbfec103170 of 'bootstrap'
 - source file:       'Object.java'
 - class annotations:       Array<T>(0x0000000000000000)
 - class type annotations:  Array<T>(0x0000000000000000)
 - field annotations:       Array<T>(0x0000000000000000)
 - field type annotations:  Array<T>(0x0000000000000000)
 - inner classes:     Array<T>(0x00000008005c2da8)
 - nest members:     Array<T>(0x00000008005c2da8)
 - permitted subclasses:     Array<T>(0x00000008005c2da8)
 - java mirror:       a 'java/lang/Class'{0x00000000ffe008c8} = 'java/lang/Object'
 - vtable length      5  (start addr: 0x0000000800000f38)
 - itable length      2 (start addr: 0x0000000800000f60)
 - ---- static fields (0 words):
 - ---- non-static fields (0 words):
 - non-static oop maps: 
stack at sp + 7 slots: 0x0000000000000002 is an unknown value


---------------  P R O C E S S  ---------------

Threads class SMR info:
_java_thread_list=0x00007fbf94309880, length=13, elements={
0x00007fbfec025ca0, 0x00007fbfec11e850, 0x00007fbfec11fc30, 0x00007fbfec128eb0,
0x00007fbfec12a260, 0x00007fbfec12b670, 0x00007fbfec12d020, 0x00007fbfec12e550,
0x00007fbfec1379b0, 0x00007fbfec142620, 0x00007fbfec1bd960, 0x00007fbfec1bf390,
0x00007fbf94308890
}

Java Threads: ( => current thread )
  0x00007fbfec025ca0 JavaThread "main" [_thread_blocked, id=1033, stack(0x00007fbff1ecc000,0x00007fbff1fcc000)]
  0x00007fbfec11e850 JavaThread "Reference Handler" daemon [_thread_blocked, id=1040, stack(0x00007fbfd10ad000,0x00007fbfd11ad000)]
  0x00007fbfec11fc30 JavaThread "Finalizer" daemon [_thread_blocked, id=1041, stack(0x00007fbfd0700000,0x00007fbfd0800000)]
  0x00007fbfec128eb0 JavaThread "Signal Dispatcher" daemon [_thread_blocked, id=1042, stack(0x00007fbfd0388000,0x00007fbfd0488000)]
  0x00007fbfec12a260 JavaThread "Service Thread" daemon [_thread_blocked, id=1043, stack(0x00007fbfd0288000,0x00007fbfd0388000)]
  0x00007fbfec12b670 JavaThread "Monitor Deflation Thread" daemon [_thread_blocked, id=1044, stack(0x00007fbfd0188000,0x00007fbfd0288000)]
  0x00007fbfec12d020 JavaThread "C2 CompilerThread0" daemon [_thread_in_native, id=1045, stack(0x00007fbfd0088000,0x00007fbfd0188000)]
  0x00007fbfec12e550 JavaThread "C1 CompilerThread0" daemon [_thread_blocked, id=1046, stack(0x00007fbfc1f00000,0x00007fbfc2000000)]
  0x00007fbfec1379b0 JavaThread "Sweeper thread" daemon [_thread_blocked, id=1047, stack(0x00007fbfc1e00000,0x00007fbfc1f00000)]
  0x00007fbfec142620 JavaThread "Common-Cleaner" daemon [_thread_blocked, id=1048, stack(0x00007fbfc1d00000,0x00007fbfc1e00000)]
  0x00007fbfec1bd960 JavaThread "Monitor Ctrl-Break" daemon [_thread_in_native, id=1049, stack(0x00007fbfc1c00000,0x00007fbfc1d00000)]
  0x00007fbfec1bf390 JavaThread "Notification Thread" daemon [_thread_blocked, id=1050, stack(0x00007fbfc1b00000,0x00007fbfc1c00000)]
  0x00007fbf94308890 JavaThread "C2 CompilerThread1" daemon [_thread_blocked, id=1059, stack(0x00007fbfc18fe000,0x00007fbfc19fe000)]

Other Threads:
  0x00007fbfec11a880 VMThread "VM Thread" [stack: 0x00007fbfd11af000,0x00007fbfd12af000] [id=1039]
  0x00007fbfec027fb0 WatcherThread [stack: 0x00007fbfc1a00000,0x00007fbfc1b00000] [id=1051]
=>0x00007fbfec064f40 GCTaskThread "GC Thread#0" [stack: 0x00007fbff076b000,0x00007fbff086b000] [id=1034]
  0x00007fbfb8005d50 GCTaskThread "GC Thread#1" [stack: 0x00007fbfc1500000,0x00007fbfc1600000] [id=1060]
  0x00007fbfb8006780 GCTaskThread "GC Thread#2" [stack: 0x00007fbfc13fe000,0x00007fbfc14fe000] [id=1061]
  0x00007fbfec075d80 ConcurrentGCThread "G1 Main Marker" [stack: 0x00007fbff0669000,0x00007fbff0769000] [id=1035]
  0x00007fbfec076ce0 ConcurrentGCThread "G1 Conc#0" [stack: 0x00007fbff0567000,0x00007fbff0667000] [id=1036]
  0x00007fbfec0edbb0 ConcurrentGCThread "G1 Refine#0" [stack: 0x00007fbfd155f000,0x00007fbfd165f000] [id=1037]
  0x00007fbfec0eeaa0 ConcurrentGCThread "G1 Service" [stack: 0x00007fbfd145d000,0x00007fbfd155d000] [id=1038]

Threads with active compile tasks:
C2 CompilerThread0     1123  980   !   4       sun.nio.cs.StreamDecoder::read (196 bytes)
C2 CompilerThread1     1123  984       4       java.io.InputStreamReader::read (11 bytes)

VM state: at safepoint (normal execution)

VM Mutex/Monitor currently owned by a thread:  ([mutex/lock_event])
[0x00007fbfec022a10] Threads_lock - owner thread: 0x00007fbfec11a880
[0x00007fbfec0231c0] Heap_lock - owner thread: 0x00007fbfec025ca0

Heap address: 0x0000000083e00000, size: 1986 MB, Compressed Oops mode: 32-bit

CDS archive(s) mapped at: [0x0000000800000000-0x0000000800bd9000-0x0000000800bd9000), size 12423168, SharedBaseAddress: 0x0000000800000000, ArchiveRelocationMode: 0.
Compressed class space mapped at: 0x0000000800c00000-0x0000000840c00000, reserved size: 1073741824
Narrow klass base: 0x0000000800000000, Narrow klass shift: 0, Narrow klass range: 0x100000000

GC Precious Log:
 CPUs: 8 total, 8 available
 Memory: 7937M
 Large Page Support: Disabled
 NUMA Support: Disabled
 Compressed Oops: Enabled (32-bit)
 Heap Region Size: 1M
 Heap Min Capacity: 8M
 Heap Initial Capacity: 126M
 Heap Max Capacity: 1986M
 Pre-touch: Disabled
 Parallel Workers: 8
 Concurrent Workers: 2
 Concurrent Refinement Workers: 8
 Periodic GC: Disabled

Heap:
 garbage-first heap   total 131072K, used 24544K [0x0000000083e00000, 0x0000000100000000)
  region size 1024K, 26 young (26624K), 3 survivors (3072K)
 Metaspace       used 5752K, committed 5952K, reserved 1056768K
  class space    used 677K, committed 768K, reserved 1048576K

Heap Regions: E=young(eden), S=young(survivor), O=old, HS=humongous(starts), HC=humongous(continues), CS=collection set, F=free, OA=open archive, CA=closed archive, TAMS=top-at-mark-start (previous, next)
|   0|0x0000000083e00000, 0x0000000083e53868, 0x0000000083f00000| 32%| O|  |TAMS 0x0000000083e00000, 0x0000000083e00000| Untracked 
|   1|0x0000000083f00000, 0x0000000083f00000, 0x0000000084000000|  0%| F|  |TAMS 0x0000000083f00000, 0x0000000083f00000| Untracked 
|   2|0x0000000084000000, 0x0000000084000000, 0x0000000084100000|  0%| F|  |TAMS 0x0000000084000000, 0x0000000084000000| Untracked 
|   3|0x0000000084100000, 0x0000000084100000, 0x0000000084200000|  0%| F|  |TAMS 0x0000000084100000, 0x0000000084100000| Untracked 
|   4|0x0000000084200000, 0x0000000084200000, 0x0000000084300000|  0%| F|  |TAMS 0x0000000084200000, 0x0000000084200000| Untracked 
|   5|0x0000000084300000, 0x0000000084300000, 0x0000000084400000|  0%| F|  |TAMS 0x0000000084300000, 0x0000000084300000| Untracked 
|   6|0x0000000084400000, 0x0000000084400000, 0x0000000084500000|  0%| F|  |TAMS 0x0000000084400000, 0x0000000084400000| Untracked 
|   7|0x0000000084500000, 0x0000000084500000, 0x0000000084600000|  0%| F|  |TAMS 0x0000000084500000, 0x0000000084500000| Untracked 
|   8|0x0000000084600000, 0x0000000084600000, 0x0000000084700000|  0%| F|  |TAMS 0x0000000084600000, 0x0000000084600000| Untracked 
|   9|0x0000000084700000, 0x0000000084700000, 0x0000000084800000|  0%| F|  |TAMS 0x0000000084700000, 0x0000000084700000| Untracked 
|  10|0x0000000084800000, 0x0000000084800000, 0x0000000084900000|  0%| F|  |TAMS 0x0000000084800000, 0x0000000084800000| Untracked 
|  11|0x0000000084900000, 0x0000000084900000, 0x0000000084a00000|  0%| F|  |TAMS 0x0000000084900000, 0x0000000084900000| Untracked 
|  12|0x0000000084a00000, 0x0000000084a00000, 0x0000000084b00000|  0%| F|  |TAMS 0x0000000084a00000, 0x0000000084a00000| Untracked 
|  13|0x0000000084b00000, 0x0000000084b00000, 0x0000000084c00000|  0%| F|  |TAMS 0x0000000084b00000, 0x0000000084b00000| Untracked 
|  14|0x0000000084c00000, 0x0000000084c00000, 0x0000000084d00000|  0%| F|  |TAMS 0x0000000084c00000, 0x0000000084c00000| Untracked 
|  15|0x0000000084d00000, 0x0000000084d00000, 0x0000000084e00000|  0%| F|  |TAMS 0x0000000084d00000, 0x0000000084d00000| Untracked 
|  16|0x0000000084e00000, 0x0000000084e00000, 0x0000000084f00000|  0%| F|  |TAMS 0x0000000084e00000, 0x0000000084e00000| Untracked 
|  17|0x0000000084f00000, 0x0000000084f00000, 0x0000000085000000|  0%| F|  |TAMS 0x0000000084f00000, 0x0000000084f00000| Untracked 
|  18|0x0000000085000000, 0x0000000085000000, 0x0000000085100000|  0%| F|  |TAMS 0x0000000085000000, 0x0000000085000000| Untracked 
|  19|0x0000000085100000, 0x0000000085100000, 0x0000000085200000|  0%| F|  |TAMS 0x0000000085100000, 0x0000000085100000| Untracked 
|  20|0x0000000085200000, 0x0000000085200000, 0x0000000085300000|  0%| F|  |TAMS 0x0000000085200000, 0x0000000085200000| Untracked 
|  21|0x0000000085300000, 0x0000000085300000, 0x0000000085400000|  0%| F|  |TAMS 0x0000000085300000, 0x0000000085300000| Untracked 
|  22|0x0000000085400000, 0x0000000085400000, 0x0000000085500000|  0%| F|  |TAMS 0x0000000085400000, 0x0000000085400000| Untracked 
|  23|0x0000000085500000, 0x0000000085500000, 0x0000000085600000|  0%| F|  |TAMS 0x0000000085500000, 0x0000000085500000| Untracked 
|  24|0x0000000085600000, 0x0000000085600000, 0x0000000085700000|  0%| F|  |TAMS 0x0000000085600000, 0x0000000085600000| Untracked 
|  25|0x0000000085700000, 0x0000000085700000, 0x0000000085800000|  0%| F|  |TAMS 0x0000000085700000, 0x0000000085700000| Untracked 
|  26|0x0000000085800000, 0x0000000085800000, 0x0000000085900000|  0%| F|  |TAMS 0x0000000085800000, 0x0000000085800000| Untracked 
|  27|0x0000000085900000, 0x0000000085900000, 0x0000000085a00000|  0%| F|  |TAMS 0x0000000085900000, 0x0000000085900000| Untracked 
|  28|0x0000000085a00000, 0x0000000085a00000, 0x0000000085b00000|  0%| F|  |TAMS 0x0000000085a00000, 0x0000000085a00000| Untracked 
|  29|0x0000000085b00000, 0x0000000085b00000, 0x0000000085c00000|  0%| F|  |TAMS 0x0000000085b00000, 0x0000000085b00000| Untracked 
|  30|0x0000000085c00000, 0x0000000085c00000, 0x0000000085d00000|  0%| F|  |TAMS 0x0000000085c00000, 0x0000000085c00000| Untracked 
|  31|0x0000000085d00000, 0x0000000085d00000, 0x0000000085e00000|  0%| F|  |TAMS 0x0000000085d00000, 0x0000000085d00000| Untracked 
|  32|0x0000000085e00000, 0x0000000085e00000, 0x0000000085f00000|  0%| F|  |TAMS 0x0000000085e00000, 0x0000000085e00000| Untracked 
|  33|0x0000000085f00000, 0x0000000085f00000, 0x0000000086000000|  0%| F|  |TAMS 0x0000000085f00000, 0x0000000085f00000| Untracked 
|  34|0x0000000086000000, 0x0000000086000000, 0x0000000086100000|  0%| F|  |TAMS 0x0000000086000000, 0x0000000086000000| Untracked 
|  35|0x0000000086100000, 0x0000000086100000, 0x0000000086200000|  0%| F|  |TAMS 0x0000000086100000, 0x0000000086100000| Untracked 
|  36|0x0000000086200000, 0x0000000086200000, 0x0000000086300000|  0%| F|  |TAMS 0x0000000086200000, 0x0000000086200000| Untracked 
|  37|0x0000000086300000, 0x0000000086300000, 0x0000000086400000|  0%| F|  |TAMS 0x0000000086300000, 0x0000000086300000| Untracked 
|  38|0x0000000086400000, 0x0000000086400000, 0x0000000086500000|  0%| F|  |TAMS 0x0000000086400000, 0x0000000086400000| Untracked 
|  39|0x0000000086500000, 0x0000000086500000, 0x0000000086600000|  0%| F|  |TAMS 0x0000000086500000, 0x0000000086500000| Untracked 
|  40|0x0000000086600000, 0x0000000086600000, 0x0000000086700000|  0%| F|  |TAMS 0x0000000086600000, 0x0000000086600000| Untracked 
|  41|0x0000000086700000, 0x0000000086700000, 0x0000000086800000|  0%| F|  |TAMS 0x0000000086700000, 0x0000000086700000| Untracked 
|  42|0x0000000086800000, 0x0000000086800000, 0x0000000086900000|  0%| F|  |TAMS 0x0000000086800000, 0x0000000086800000| Untracked 
|  43|0x0000000086900000, 0x0000000086900000, 0x0000000086a00000|  0%| F|  |TAMS 0x0000000086900000, 0x0000000086900000| Untracked 
|  44|0x0000000086a00000, 0x0000000086a00000, 0x0000000086b00000|  0%| F|  |TAMS 0x0000000086a00000, 0x0000000086a00000| Untracked 
|  45|0x0000000086b00000, 0x0000000086b00000, 0x0000000086c00000|  0%| F|  |TAMS 0x0000000086b00000, 0x0000000086b00000| Untracked 
|  46|0x0000000086c00000, 0x0000000086c00000, 0x0000000086d00000|  0%| F|  |TAMS 0x0000000086c00000, 0x0000000086c00000| Untracked 
|  47|0x0000000086d00000, 0x0000000086d00000, 0x0000000086e00000|  0%| F|  |TAMS 0x0000000086d00000, 0x0000000086d00000| Untracked 
|  48|0x0000000086e00000, 0x0000000086e00000, 0x0000000086f00000|  0%| F|  |TAMS 0x0000000086e00000, 0x0000000086e00000| Untracked 
|  49|0x0000000086f00000, 0x0000000086f00000, 0x0000000087000000|  0%| F|  |TAMS 0x0000000086f00000, 0x0000000086f00000| Untracked 
|  50|0x0000000087000000, 0x0000000087000000, 0x0000000087100000|  0%| F|  |TAMS 0x0000000087000000, 0x0000000087000000| Untracked 
|  51|0x0000000087100000, 0x0000000087100000, 0x0000000087200000|  0%| F|  |TAMS 0x0000000087100000, 0x0000000087100000| Untracked 
|  52|0x0000000087200000, 0x0000000087200000, 0x0000000087300000|  0%| F|  |TAMS 0x0000000087200000, 0x0000000087200000| Untracked 
|  53|0x0000000087300000, 0x0000000087300000, 0x0000000087400000|  0%| F|  |TAMS 0x0000000087300000, 0x0000000087300000| Untracked 
|  54|0x0000000087400000, 0x0000000087400000, 0x0000000087500000|  0%| F|  |TAMS 0x0000000087400000, 0x0000000087400000| Untracked 
|  55|0x0000000087500000, 0x0000000087500000, 0x0000000087600000|  0%| F|  |TAMS 0x0000000087500000, 0x0000000087500000| Untracked 
|  56|0x0000000087600000, 0x0000000087600000, 0x0000000087700000|  0%| F|  |TAMS 0x0000000087600000, 0x0000000087600000| Untracked 
|  57|0x0000000087700000, 0x0000000087700000, 0x0000000087800000|  0%| F|  |TAMS 0x0000000087700000, 0x0000000087700000| Untracked 
|  58|0x0000000087800000, 0x0000000087800000, 0x0000000087900000|  0%| F|  |TAMS 0x0000000087800000, 0x0000000087800000| Untracked 
|  59|0x0000000087900000, 0x0000000087900000, 0x0000000087a00000|  0%| F|  |TAMS 0x0000000087900000, 0x0000000087900000| Untracked 
|  60|0x0000000087a00000, 0x0000000087a00000, 0x0000000087b00000|  0%| F|  |TAMS 0x0000000087a00000, 0x0000000087a00000| Untracked 
|  61|0x0000000087b00000, 0x0000000087b00000, 0x0000000087c00000|  0%| F|  |TAMS 0x0000000087b00000, 0x0000000087b00000| Untracked 
|  62|0x0000000087c00000, 0x0000000087c00000, 0x0000000087d00000|  0%| F|  |TAMS 0x0000000087c00000, 0x0000000087c00000| Untracked 
|  63|0x0000000087d00000, 0x0000000087d00000, 0x0000000087e00000|  0%| F|  |TAMS 0x0000000087d00000, 0x0000000087d00000| Untracked 
|  64|0x0000000087e00000, 0x0000000087e00000, 0x0000000087f00000|  0%| F|  |TAMS 0x0000000087e00000, 0x0000000087e00000| Untracked 
|  65|0x0000000087f00000, 0x0000000087f00000, 0x0000000088000000|  0%| F|  |TAMS 0x0000000087f00000, 0x0000000087f00000| Untracked 
|  66|0x0000000088000000, 0x0000000088000000, 0x0000000088100000|  0%| F|  |TAMS 0x0000000088000000, 0x0000000088000000| Untracked 
|  67|0x0000000088100000, 0x0000000088100000, 0x0000000088200000|  0%| F|  |TAMS 0x0000000088100000, 0x0000000088100000| Untracked 
|  68|0x0000000088200000, 0x0000000088200000, 0x0000000088300000|  0%| F|  |TAMS 0x0000000088200000, 0x0000000088200000| Untracked 
|  69|0x0000000088300000, 0x0000000088300000, 0x0000000088400000|  0%| F|  |TAMS 0x0000000088300000, 0x0000000088300000| Untracked 
|  70|0x0000000088400000, 0x0000000088400000, 0x0000000088500000|  0%| F|  |TAMS 0x0000000088400000, 0x0000000088400000| Untracked 
|  71|0x0000000088500000, 0x0000000088500000, 0x0000000088600000|  0%| F|  |TAMS 0x0000000088500000, 0x0000000088500000| Untracked 
|  72|0x0000000088600000, 0x0000000088600000, 0x0000000088700000|  0%| F|  |TAMS 0x0000000088600000, 0x0000000088600000| Untracked 
|  73|0x0000000088700000, 0x0000000088700000, 0x0000000088800000|  0%| F|  |TAMS 0x0000000088700000, 0x0000000088700000| Untracked 
|  74|0x0000000088800000, 0x0000000088800000, 0x0000000088900000|  0%| F|  |TAMS 0x0000000088800000, 0x0000000088800000| Untracked 
|  75|0x0000000088900000, 0x0000000088900000, 0x0000000088a00000|  0%| F|  |TAMS 0x0000000088900000, 0x0000000088900000| Untracked 
|  76|0x0000000088a00000, 0x0000000088a00000, 0x0000000088b00000|  0%| F|  |TAMS 0x0000000088a00000, 0x0000000088a00000| Untracked 
|  77|0x0000000088b00000, 0x0000000088b00000, 0x0000000088c00000|  0%| F|  |TAMS 0x0000000088b00000, 0x0000000088b00000| Untracked 
|  78|0x0000000088c00000, 0x0000000088c00000, 0x0000000088d00000|  0%| F|  |TAMS 0x0000000088c00000, 0x0000000088c00000| Untracked 
|  79|0x0000000088d00000, 0x0000000088d00000, 0x0000000088e00000|  0%| F|  |TAMS 0x0000000088d00000, 0x0000000088d00000| Untracked 
|  80|0x0000000088e00000, 0x0000000088e00000, 0x0000000088f00000|  0%| F|  |TAMS 0x0000000088e00000, 0x0000000088e00000| Untracked 
|  81|0x0000000088f00000, 0x0000000088f00000, 0x0000000089000000|  0%| F|  |TAMS 0x0000000088f00000, 0x0000000088f00000| Untracked 
|  82|0x0000000089000000, 0x0000000089000000, 0x0000000089100000|  0%| F|  |TAMS 0x0000000089000000, 0x0000000089000000| Untracked 
|  83|0x0000000089100000, 0x0000000089100000, 0x0000000089200000|  0%| F|  |TAMS 0x0000000089100000, 0x0000000089100000| Untracked 
|  84|0x0000000089200000, 0x0000000089200000, 0x0000000089300000|  0%| F|  |TAMS 0x0000000089200000, 0x0000000089200000| Untracked 
|  85|0x0000000089300000, 0x0000000089300000, 0x0000000089400000|  0%| F|  |TAMS 0x0000000089300000, 0x0000000089300000| Untracked 
|  86|0x0000000089400000, 0x0000000089400000, 0x0000000089500000|  0%| F|  |TAMS 0x0000000089400000, 0x0000000089400000| Untracked 
|  87|0x0000000089500000, 0x0000000089500000, 0x0000000089600000|  0%| F|  |TAMS 0x0000000089500000, 0x0000000089500000| Untracked 
|  88|0x0000000089600000, 0x0000000089600000, 0x0000000089700000|  0%| F|  |TAMS 0x0000000089600000, 0x0000000089600000| Untracked 
|  89|0x0000000089700000, 0x0000000089700000, 0x0000000089800000|  0%| F|  |TAMS 0x0000000089700000, 0x0000000089700000| Untracked 
|  90|0x0000000089800000, 0x0000000089800000, 0x0000000089900000|  0%| F|  |TAMS 0x0000000089800000, 0x0000000089800000| Untracked 
|  91|0x0000000089900000, 0x0000000089900000, 0x0000000089a00000|  0%| F|  |TAMS 0x0000000089900000, 0x0000000089900000| Untracked 
|  92|0x0000000089a00000, 0x0000000089a00000, 0x0000000089b00000|  0%| F|  |TAMS 0x0000000089a00000, 0x0000000089a00000| Untracked 
|  93|0x0000000089b00000, 0x0000000089b00000, 0x0000000089c00000|  0%| F|  |TAMS 0x0000000089b00000, 0x0000000089b00000| Untracked 
|  94|0x0000000089c00000, 0x0000000089c00000, 0x0000000089d00000|  0%| F|  |TAMS 0x0000000089c00000, 0x0000000089c00000| Untracked 
|  95|0x0000000089d00000, 0x0000000089d00000, 0x0000000089e00000|  0%| F|  |TAMS 0x0000000089d00000, 0x0000000089d00000| Untracked 
|  96|0x0000000089e00000, 0x0000000089e00000, 0x0000000089f00000|  0%| F|  |TAMS 0x0000000089e00000, 0x0000000089e00000| Untracked 
|  97|0x0000000089f00000, 0x0000000089f00000, 0x000000008a000000|  0%| F|  |TAMS 0x0000000089f00000, 0x0000000089f00000| Untracked 
|  98|0x000000008a000000, 0x000000008a000000, 0x000000008a100000|  0%| F|  |TAMS 0x000000008a000000, 0x000000008a000000| Untracked 
|  99|0x000000008a100000, 0x000000008a100000, 0x000000008a200000|  0%| F|  |TAMS 0x000000008a100000, 0x000000008a100000| Untracked 
| 100|0x000000008a200000, 0x000000008a300000, 0x000000008a300000|100%| S|  |TAMS 0x000000008a200000, 0x000000008a200000| Complete 
| 101|0x000000008a300000, 0x000000008a400000, 0x000000008a400000|100%| S|  |TAMS 0x000000008a300000, 0x000000008a300000| Complete 
| 102|0x000000008a400000, 0x000000008a500000, 0x000000008a500000|100%| S|  |TAMS 0x000000008a400000, 0x000000008a400000| Complete 
| 103|0x000000008a500000, 0x000000008a600000, 0x000000008a600000|100%| E|CS|TAMS 0x000000008a500000, 0x000000008a500000| Complete 
| 104|0x000000008a600000, 0x000000008a700000, 0x000000008a700000|100%| E|CS|TAMS 0x000000008a600000, 0x000000008a600000| Complete 
| 105|0x000000008a700000, 0x000000008a800000, 0x000000008a800000|100%| E|CS|TAMS 0x000000008a700000, 0x000000008a700000| Complete 
| 106|0x000000008a800000, 0x000000008a900000, 0x000000008a900000|100%| E|CS|TAMS 0x000000008a800000, 0x000000008a800000| Complete 
| 107|0x000000008a900000, 0x000000008aa00000, 0x000000008aa00000|100%| E|CS|TAMS 0x000000008a900000, 0x000000008a900000| Complete 
| 108|0x000000008aa00000, 0x000000008ab00000, 0x000000008ab00000|100%| E|CS|TAMS 0x000000008aa00000, 0x000000008aa00000| Complete 
| 109|0x000000008ab00000, 0x000000008ac00000, 0x000000008ac00000|100%| E|CS|TAMS 0x000000008ab00000, 0x000000008ab00000| Complete 
| 110|0x000000008ac00000, 0x000000008ad00000, 0x000000008ad00000|100%| E|CS|TAMS 0x000000008ac00000, 0x000000008ac00000| Complete 
| 111|0x000000008ad00000, 0x000000008ae00000, 0x000000008ae00000|100%| E|CS|TAMS 0x000000008ad00000, 0x000000008ad00000| Complete 
| 112|0x000000008ae00000, 0x000000008af00000, 0x000000008af00000|100%| E|CS|TAMS 0x000000008ae00000, 0x000000008ae00000| Complete 
| 113|0x000000008af00000, 0x000000008b000000, 0x000000008b000000|100%| E|CS|TAMS 0x000000008af00000, 0x000000008af00000| Complete 
| 114|0x000000008b000000, 0x000000008b100000, 0x000000008b100000|100%| E|CS|TAMS 0x000000008b000000, 0x000000008b000000| Complete 
| 115|0x000000008b100000, 0x000000008b200000, 0x000000008b200000|100%| E|CS|TAMS 0x000000008b100000, 0x000000008b100000| Complete 
| 116|0x000000008b200000, 0x000000008b300000, 0x000000008b300000|100%| E|CS|TAMS 0x000000008b200000, 0x000000008b200000| Complete 
| 117|0x000000008b300000, 0x000000008b400000, 0x000000008b400000|100%| E|CS|TAMS 0x000000008b300000, 0x000000008b300000| Complete 
| 118|0x000000008b400000, 0x000000008b500000, 0x000000008b500000|100%| E|CS|TAMS 0x000000008b400000, 0x000000008b400000| Complete 
| 119|0x000000008b500000, 0x000000008b600000, 0x000000008b600000|100%| E|CS|TAMS 0x000000008b500000, 0x000000008b500000| Complete 
| 120|0x000000008b600000, 0x000000008b700000, 0x000000008b700000|100%| E|CS|TAMS 0x000000008b600000, 0x000000008b600000| Complete 
| 121|0x000000008b700000, 0x000000008b800000, 0x000000008b800000|100%| E|CS|TAMS 0x000000008b700000, 0x000000008b700000| Complete 
| 122|0x000000008b800000, 0x000000008b900000, 0x000000008b900000|100%| E|CS|TAMS 0x000000008b800000, 0x000000008b800000| Complete 
| 123|0x000000008b900000, 0x000000008ba00000, 0x000000008ba00000|100%| E|CS|TAMS 0x000000008b900000, 0x000000008b900000| Complete 
| 124|0x000000008ba00000, 0x000000008bb00000, 0x000000008bb00000|100%| E|CS|TAMS 0x000000008ba00000, 0x000000008ba00000| Complete 
| 125|0x000000008bb00000, 0x000000008bc00000, 0x000000008bc00000|100%| E|CS|TAMS 0x000000008bb00000, 0x000000008bb00000| Complete 
|1984|0x00000000ffe00000, 0x00000000ffe76000, 0x00000000fff00000| 46%|OA|  |TAMS 0x00000000ffe00000, 0x00000000ffe00000| Untracked 
|1985|0x00000000fff00000, 0x00000000fff82000, 0x0000000100000000| 50%|CA|  |TAMS 0x00000000fff00000, 0x00000000fff00000| Untracked 

Card table byte_map: [0x00007fbff0ccd000,0x00007fbff10ae000] _byte_map_base: 0x00007fbff08ae000

Marking Bits (Prev, Next): (CMBitMap*) 0x00007fbfec0659c0, (CMBitMap*) 0x00007fbfec065a00
 Prev Bits: [0x00007fbfd386a000, 0x00007fbfd5772000)
 Next Bits: [0x00007fbfd1962000, 0x00007fbfd386a000)

Polling page: 0x00007fbff356d000

Metaspace:

Usage:
  Non-class:      4,96 MB used.
      Class:    677,38 KB used.
       Both:      5,62 MB used.

Virtual space:
  Non-class space:        8,00 MB reserved,       5,06 MB ( 63%) committed,  1 nodes.
      Class space:        1,00 GB reserved,     768,00 KB ( <1%) committed,  1 nodes.
             Both:        1,01 GB reserved,       5,81 MB ( <1%) committed. 

Chunk freelists:
   Non-Class:  1,41 MB
       Class:  3,06 MB
        Both:  4,47 MB

MaxMetaspaceSize: unlimited
CompressedClassSpaceSize: 1,00 GB
Initial GC threshold: 21,00 MB
Current GC threshold: 21,00 MB
CDS: on
MetaspaceReclaimPolicy: balanced
 - commit_granule_bytes: 65536.
 - commit_granule_words: 8192.
 - virtual_space_node_default_size: 1048576.
 - enlarge_chunks_in_place: 1.
 - new_chunks_are_fully_committed: 0.
 - uncommit_free_chunks: 1.
 - use_allocation_guard: 0.
 - handle_deallocations: 1.


Internal statistics:

num_allocs_failed_limit: 0.
num_arena_births: 18.
num_arena_deaths: 0.
num_vsnodes_births: 2.
num_vsnodes_deaths: 0.
num_space_committed: 93.
num_space_uncommitted: 0.
num_chunks_returned_to_freelist: 0.
num_chunks_taken_from_freelist: 150.
num_chunk_merges: 0.
num_chunk_splits: 107.
num_chunks_enlarged: 96.
num_purges: 0.
num_inconsistent_stats: 0.

CodeHeap 'non-profiled nmethods': size=120028Kb used=357Kb max_used=357Kb free=119670Kb
 bounds [0x00007fbfdd23b000, 0x00007fbfdd4ab000, 0x00007fbfe4772000]
CodeHeap 'profiled nmethods': size=120028Kb used=1963Kb max_used=1963Kb free=118064Kb
 bounds [0x00007fbfd5d04000, 0x00007fbfd5f74000, 0x00007fbfdd23b000]
CodeHeap 'non-nmethods': size=5704Kb used=1140Kb max_used=1167Kb free=4563Kb
 bounds [0x00007fbfd5772000, 0x00007fbfd59e2000, 0x00007fbfd5d04000]
 total_blobs=1416 nmethods=982 adapters=349
 compilation: enabled
              stopped_count=0, restarted_count=0
 full_count=0

Compilation events (20 events):
Event: 1,033 Thread 0x00007fbfec12e550  983       3       java.util.HashMap::isEmpty (13 bytes)
Event: 1,033 Thread 0x00007fbfec12e550 nmethod 983 0x00007fbfd5ee5c90 code [0x00007fbfd5ee5e20, 0x00007fbfd5ee5f90]
Event: 1,042 Thread 0x00007fbfec12e550  985       3       org.codehaus.plexus.util.xml.pull.MXParser::nextText (103 bytes)
Event: 1,044 Thread 0x00007fbfec12e550 nmethod 985 0x00007fbfd5ee6010 code [0x00007fbfd5ee62e0, 0x00007fbfd5ee6e80]
Event: 1,051 Thread 0x00007fbfec12e550  987       3       java.util.Collections::emptyMap (4 bytes)
Event: 1,051 Thread 0x00007fbf94308890 nmethod 960 0x00007fbfdd292c90 code [0x00007fbfdd292f00, 0x00007fbfdd293928]
Event: 1,051 Thread 0x00007fbfec12e550 nmethod 987 0x00007fbfd5ee7310 code [0x00007fbfd5ee74a0, 0x00007fbfd5ee7590]
Event: 1,051 Thread 0x00007fbf94308890  984       4       java.io.InputStreamReader::read (11 bytes)
Event: 1,058 Thread 0x00007fbfec12e550  988       3       org.codehaus.plexus.util.xml.pull.MXParser::require (443 bytes)
Event: 1,063 Thread 0x00007fbfec12e550 nmethod 988 0x00007fbfd5ee7610 code [0x00007fbfd5ee7ea0, 0x00007fbfd5eeb890]
Event: 1,063 Thread 0x00007fbfec12e550  989 %     3       org.codehaus.plexus.util.InterpolationFilterReader::read @ 3 (48 bytes)
Event: 1,064 Thread 0x00007fbfec12e550 nmethod 989% 0x00007fbfd5eecc10 code [0x00007fbfd5eecde0, 0x00007fbfd5eed180]
Event: 1,067 Thread 0x00007fbfec12e550  990       3       java.util.ArrayList::<init> (12 bytes)
Event: 1,068 Thread 0x00007fbfec12e550 nmethod 990 0x00007fbfd5eed310 code [0x00007fbfd5eed4c0, 0x00007fbfd5eed750]
Event: 1,069 Thread 0x00007fbfec12e550  991       3       org.codehaus.plexus.util.InterpolationFilterReader::read (48 bytes)
Event: 1,070 Thread 0x00007fbfec12e550 nmethod 991 0x00007fbfd5eed890 code [0x00007fbfd5eeda60, 0x00007fbfd5eedd80]
Event: 1,076 Thread 0x00007fbfec12e550  992       3       jdk.internal.loader.URLClassPath$JarLoader$2::getCodeSigners (8 bytes)
Event: 1,076 Thread 0x00007fbfec12e550 nmethod 992 0x00007fbfd5eedf10 code [0x00007fbfd5eee0c0, 0x00007fbfd5eee280]
Event: 1,076 Thread 0x00007fbfec12e550  993   !   3       java.util.jar.JarFile$JarFileEntry::getCodeSigners (81 bytes)
Event: 1,076 Thread 0x00007fbfec12e550 nmethod 993 0x00007fbfd5eee390 code [0x00007fbfd5eee5a0, 0x00007fbfd5eeeb00]

GC Heap History (1 events):
Event: 1,079 GC heap before
{Heap before GC invocations=0 (full 0):
 garbage-first heap   total 131072K, used 24544K [0x0000000083e00000, 0x0000000100000000)
  region size 1024K, 23 young (23552K), 0 survivors (0K)
 Metaspace       used 5752K, committed 5952K, reserved 1056768K
  class space    used 677K, committed 768K, reserved 1048576K
}

Deoptimization events (20 events):
Event: 0,933 Thread 0x00007fbfec025ca0 DEOPT PACKING pc=0x00007fbfd5d924a8 sp=0x00007fbff1fc8db0
Event: 0,933 Thread 0x00007fbfec025ca0 DEOPT UNPACKING pc=0x00007fbfd57c4810 sp=0x00007fbff1fc82e8 mode 0
Event: 0,935 Thread 0x00007fbfec025ca0 Uncommon trap: trap_request=0xffffff45 fr.pc=0x00007fbfdd261a4c relative=0x00000000000000ac
Event: 0,935 Thread 0x00007fbfec025ca0 Uncommon trap: reason=unstable_if action=reinterpret pc=0x00007fbfdd261a4c method=org.codehaus.plexus.util.xml.pull.MXParser.more()C @ 8 c2
Event: 0,935 Thread 0x00007fbfec025ca0 DEOPT PACKING pc=0x00007fbfdd261a4c sp=0x00007fbff1fc9340
Event: 0,935 Thread 0x00007fbfec025ca0 DEOPT UNPACKING pc=0x00007fbfd57c4093 sp=0x00007fbff1fc92f0 mode 2
Event: 0,982 Thread 0x00007fbfec025ca0 Uncommon trap: trap_request=0xffffffc6 fr.pc=0x00007fbfdd2822e0 relative=0x00000000000016a0
Event: 0,982 Thread 0x00007fbfec025ca0 Uncommon trap: reason=bimorphic_or_optimized_type_check action=maybe_recompile pc=0x00007fbfdd2822e0 method=java.util.HashMap.putVal(ILjava/lang/Object;Ljava/lang/Object;ZZ)Ljava/lang/Object; @ 91 c2
Event: 0,982 Thread 0x00007fbfec025ca0 DEOPT PACKING pc=0x00007fbfdd2822e0 sp=0x00007fbff1fc93e0
Event: 0,982 Thread 0x00007fbfec025ca0 DEOPT UNPACKING pc=0x00007fbfd57c4093 sp=0x00007fbff1fc9338 mode 2
Event: 1,005 Thread 0x00007fbfec025ca0 Uncommon trap: trap_request=0xffffff45 fr.pc=0x00007fbfdd289030 relative=0x0000000000001630
Event: 1,005 Thread 0x00007fbfec025ca0 Uncommon trap: reason=unstable_if action=reinterpret pc=0x00007fbfdd289030 method=java.nio.charset.CharsetDecoder.decode(Ljava/nio/ByteBuffer;Ljava/nio/CharBuffer;Z)Ljava/nio/charset/CoderResult; @ 82 c2
Event: 1,005 Thread 0x00007fbfec025ca0 DEOPT PACKING pc=0x00007fbfdd289030 sp=0x00007fbff1fc8d00
Event: 1,005 Thread 0x00007fbfec025ca0 DEOPT UNPACKING pc=0x00007fbfd57c4093 sp=0x00007fbff1fc8a88 mode 2
Event: 1,012 Thread 0x00007fbfec025ca0 DEOPT PACKING pc=0x00007fbfd5d6313c sp=0x00007fbff1fc90b0
Event: 1,012 Thread 0x00007fbfec025ca0 DEOPT UNPACKING pc=0x00007fbfd57c4810 sp=0x00007fbff1fc8580 mode 0
Event: 1,018 Thread 0x00007fbfec025ca0 Uncommon trap: trap_request=0xffffff45 fr.pc=0x00007fbfdd28cd38 relative=0x0000000000001738
Event: 1,018 Thread 0x00007fbfec025ca0 Uncommon trap: reason=unstable_if action=reinterpret pc=0x00007fbfdd28cd38 method=java.nio.charset.CharsetDecoder.decode(Ljava/nio/ByteBuffer;Ljava/nio/CharBuffer;Z)Ljava/nio/charset/CoderResult; @ 82 c2
Event: 1,018 Thread 0x00007fbfec025ca0 DEOPT PACKING pc=0x00007fbfdd28cd38 sp=0x00007fbff1fc8fa0
Event: 1,019 Thread 0x00007fbfec025ca0 DEOPT UNPACKING pc=0x00007fbfd57c4093 sp=0x00007fbff1fc8cb0 mode 2

Classes unloaded (0 events):
No events

Classes redefined (0 events):
No events

Internal exceptions (4 events):
Event: 0,163 Thread 0x00007fbfec025ca0 Implicit null exception at 0x00007fbfdd247c55 to 0x00007fbfdd247da0
Event: 0,178 Thread 0x00007fbfec1bd960 Exception <a 'java/lang/NoSuchMethodError'{0x000000008ba79348}: 'java.lang.Object java.lang.invoke.DirectMethodHandle$Holder.invokeStaticInit(java.lang.Object)'> (0x000000008ba79348) 
thrown [open/src/hotspot/share/interpreter/linkResolver.cpp, line 765]
Event: 0,193 Thread 0x00007fbfec1bd960 Exception <a 'java/lang/NoSuchMethodError'{0x000000008ba87980}: 'void java.lang.invoke.DirectMethodHandle$Holder.invokeStatic(java.lang.Object, java.lang.Object)'> (0x000000008ba87980) 
thrown [open/src/hotspot/share/interpreter/linkResolver.cpp, line 765]
Event: 0,872 Thread 0x00007fbfec025ca0 Exception <a 'java/lang/NoSuchMethodError'{0x000000008adc2290}: 'java.lang.Object java.lang.invoke.DirectMethodHandle$Holder.newInvokeSpecial(java.lang.Object, java.lang.Object, java.lang.Object, java.lang.Object, java.lang.Object)'> (0x000000008adc2290) 
thrown [open/src/hotspot/share/interpreter/linkResolver.cpp, line 765]

VM Operations (11 events):
Event: 0,112 Executing VM operation: HandshakeAllThreads
Event: 0,112 Executing VM operation: HandshakeAllThreads done
Event: 0,175 Executing VM operation: HandshakeAllThreads
Event: 0,175 Executing VM operation: HandshakeAllThreads done
Event: 0,373 Executing VM operation: HandshakeAllThreads
Event: 0,373 Executing VM operation: HandshakeAllThreads done
Event: 0,429 Executing VM operation: HandshakeAllThreads
Event: 0,429 Executing VM operation: HandshakeAllThreads done
Event: 0,946 Executing VM operation: ICBufferFull
Event: 0,947 Executing VM operation: ICBufferFull done
Event: 1,078 Executing VM operation: G1CollectForAllocation

Events (20 events):
Event: 0,913 loading class sun/reflect/generics/repository/AbstractRepository
Event: 0,913 loading class sun/reflect/generics/repository/AbstractRepository done
Event: 0,913 loading class sun/reflect/generics/repository/GenericDeclRepository done
Event: 0,913 loading class sun/reflect/generics/repository/ClassRepository done
Event: 0,913 loading class sun/reflect/generics/tree/FormalTypeParameter
Event: 0,913 loading class sun/reflect/generics/tree/FormalTypeParameter done
Event: 0,913 loading class sun/reflect/generics/tree/ClassSignature
Event: 0,913 loading class sun/reflect/generics/tree/Signature
Event: 0,913 loading class sun/reflect/generics/tree/Signature done
Event: 0,913 loading class sun/reflect/generics/tree/ClassSignature done
Event: 0,913 loading class java/lang/reflect/TypeVariable
Event: 0,913 loading class java/lang/reflect/TypeVariable done
Event: 0,913 loading class java/lang/reflect/WildcardType
Event: 0,913 loading class java/lang/reflect/WildcardType done
Event: 0,916 loading class sun/reflect/generics/tree/TypeVariableSignature
Event: 0,916 loading class sun/reflect/generics/tree/TypeVariableSignature done
Event: 0,929 loading class java/lang/annotation/IncompleteAnnotationException
Event: 0,929 loading class java/lang/annotation/IncompleteAnnotationException done
Event: 1,003 loading class jdk/internal/access/foreign/MemorySegmentProxy
Event: 1,003 loading class jdk/internal/access/foreign/MemorySegmentProxy done


Dynamic libraries:
83e00000-8bc00000 rw-p 00000000 00:00 0 
8bc00000-ffe00000 ---p 00000000 00:00 0 
ffe00000-ffe76000 rw-p 00c94000 08:05 14288761                           /home/oliv/.jdks/openjdk-17/lib/server/classes.jsa
ffe76000-fff00000 rw-p 00000000 00:00 0 
fff00000-fff82000 rw-p 00c12000 08:05 14288761                           /home/oliv/.jdks/openjdk-17/lib/server/classes.jsa
fff82000-100000000 rw-p 00000000 00:00 0 
800000000-80043e000 rw-p 00001000 08:05 14288761                         /home/oliv/.jdks/openjdk-17/lib/server/classes.jsa
80043e000-800bd9000 r--p 0043f000 08:05 14288761                         /home/oliv/.jdks/openjdk-17/lib/server/classes.jsa
800bd9000-800c00000 ---p 00000000 00:00 0 
800c00000-800c40000 rw-p 00000000 00:00 0 
800c40000-800cb0000 rw-p 00000000 00:00 0 
800cb0000-800cc0000 ---p 00000000 00:00 0 
800cc0000-800cd0000 rw-p 00000000 00:00 0 
800cd0000-840c00000 ---p 00000000 00:00 0 
56475e426000-56475e427000 r-xp 00000000 08:05 14288265                   /home/oliv/.jdks/openjdk-17/bin/java
56475e428000-56475e429000 r--p 00001000 08:05 14288265                   /home/oliv/.jdks/openjdk-17/bin/java
56475e429000-56475e42a000 rw-p 00002000 08:05 14288265                   /home/oliv/.jdks/openjdk-17/bin/java
56475fc58000-56475fc79000 rw-p 00000000 00:00 0                          [heap]
7fbf74000000-7fbf74021000 rw-p 00000000 00:00 0 
7fbf74021000-7fbf78000000 ---p 00000000 00:00 0 
7fbf7c000000-7fbf7c13c000 rw-p 00000000 00:00 0 
7fbf7c13c000-7fbf80000000 ---p 00000000 00:00 0 
7fbf80000000-7fbf80021000 rw-p 00000000 00:00 0 
7fbf80021000-7fbf84000000 ---p 00000000 00:00 0 
7fbf84000000-7fbf84021000 rw-p 00000000 00:00 0 
7fbf84021000-7fbf88000000 ---p 00000000 00:00 0 
7fbf88000000-7fbf88021000 rw-p 00000000 00:00 0 
7fbf88021000-7fbf8c000000 ---p 00000000 00:00 0 
7fbf8c000000-7fbf8c021000 rw-p 00000000 00:00 0 
7fbf8c021000-7fbf90000000 ---p 00000000 00:00 0 
7fbf90000000-7fbf90021000 rw-p 00000000 00:00 0 
7fbf90021000-7fbf94000000 ---p 00000000 00:00 0 
7fbf94000000-7fbf94435000 rw-p 00000000 00:00 0 
7fbf94435000-7fbf98000000 ---p 00000000 00:00 0 
7fbf98000000-7fbf98021000 rw-p 00000000 00:00 0 
7fbf98021000-7fbf9c000000 ---p 00000000 00:00 0 
7fbf9c000000-7fbf9c021000 rw-p 00000000 00:00 0 
7fbf9c021000-7fbfa0000000 ---p 00000000 00:00 0 
7fbfa0000000-7fbfa0404000 rw-p 00000000 00:00 0 
7fbfa0404000-7fbfa4000000 ---p 00000000 00:00 0 
7fbfa4000000-7fbfa4021000 rw-p 00000000 00:00 0 
7fbfa4021000-7fbfa8000000 ---p 00000000 00:00 0 
7fbfa8000000-7fbfa8021000 rw-p 00000000 00:00 0 
7fbfa8021000-7fbfac000000 ---p 00000000 00:00 0 
7fbfac000000-7fbfac021000 rw-p 00000000 00:00 0 
7fbfac021000-7fbfb0000000 ---p 00000000 00:00 0 
7fbfb0000000-7fbfb0021000 rw-p 00000000 00:00 0 
7fbfb0021000-7fbfb4000000 ---p 00000000 00:00 0 
7fbfb4000000-7fbfb4021000 rw-p 00000000 00:00 0 
7fbfb4021000-7fbfb8000000 ---p 00000000 00:00 0 
7fbfb8000000-7fbfb8021000 rw-p 00000000 00:00 0 
7fbfb8021000-7fbfbc000000 ---p 00000000 00:00 0 
7fbfbc000000-7fbfbc021000 rw-p 00000000 00:00 0 
7fbfbc021000-7fbfc0000000 ---p 00000000 00:00 0 
7fbfc104f000-7fbfc13fc000 rw-p 00000000 00:00 0 
7fbfc13fc000-7fbfc13fd000 ---p 00000000 00:00 0 
7fbfc13fd000-7fbfc14fe000 rw-p 00000000 00:00 0 
7fbfc14fe000-7fbfc14ff000 ---p 00000000 00:00 0 
7fbfc14ff000-7fbfc1600000 rw-p 00000000 00:00 0 
7fbfc1600000-7fbfc1603000 r-xp 00000000 00:2a 224                        /tmp/libjansi-1.17.1-7436546677690677020.so
7fbfc1603000-7fbfc1802000 ---p 00003000 00:2a 224                        /tmp/libjansi-1.17.1-7436546677690677020.so
7fbfc1802000-7fbfc1803000 rw-p 00002000 00:2a 224                        /tmp/libjansi-1.17.1-7436546677690677020.so
7fbfc18fe000-7fbfc1902000 ---p 00000000 00:00 0 
7fbfc1902000-7fbfc19fe000 rw-p 00000000 00:00 0 
7fbfc19fe000-7fbfc19ff000 ---p 00000000 00:00 0 
7fbfc19ff000-7fbfc1b00000 rw-p 00000000 00:00 0 
7fbfc1b00000-7fbfc1b04000 ---p 00000000 00:00 0 
7fbfc1b04000-7fbfc1c00000 rw-p 00000000 00:00 0 
7fbfc1c00000-7fbfc1c04000 ---p 00000000 00:00 0 
7fbfc1c04000-7fbfc1d00000 rw-p 00000000 00:00 0 
7fbfc1d00000-7fbfc1d04000 ---p 00000000 00:00 0 
7fbfc1d04000-7fbfc1e00000 rw-p 00000000 00:00 0 
7fbfc1e00000-7fbfc1e04000 ---p 00000000 00:00 0 
7fbfc1e04000-7fbfc1f00000 rw-p 00000000 00:00 0 
7fbfc1f00000-7fbfc1f04000 ---p 00000000 00:00 0 
7fbfc1f04000-7fbfc4000000 rw-p 00000000 00:00 0 
7fbfc4000000-7fbfc4021000 rw-p 00000000 00:00 0 
7fbfc4021000-7fbfc8000000 ---p 00000000 00:00 0 
7fbfc8000000-7fbfc8021000 rw-p 00000000 00:00 0 
7fbfc8021000-7fbfcc000000 ---p 00000000 00:00 0 
7fbfcc000000-7fbfcc029000 rw-p 00000000 00:00 0 
7fbfcc029000-7fbfd0000000 ---p 00000000 00:00 0 
7fbfd0088000-7fbfd008c000 ---p 00000000 00:00 0 
7fbfd008c000-7fbfd0188000 rw-p 00000000 00:00 0 
7fbfd0188000-7fbfd018c000 ---p 00000000 00:00 0 
7fbfd018c000-7fbfd0288000 rw-p 00000000 00:00 0 
7fbfd0288000-7fbfd028c000 ---p 00000000 00:00 0 
7fbfd028c000-7fbfd0388000 rw-p 00000000 00:00 0 
7fbfd0388000-7fbfd038c000 ---p 00000000 00:00 0 
7fbfd038c000-7fbfd0488000 rw-p 00000000 00:00 0 
7fbfd0488000-7fbfd0700000 r--p 00000000 08:05 10492563                   /usr/share/runtime/locale/fr/lib/fr_FR.utf8/LC_COLLATE
7fbfd0700000-7fbfd0704000 ---p 00000000 00:00 0 
7fbfd0704000-7fbfd0a70000 rw-p 00000000 00:00 0 
7fbfd0a70000-7fbfd0c00000 ---p 00000000 00:00 0 
7fbfd0c00000-7fbfd0ea0000 rw-p 00000000 00:00 0 
7fbfd0ea0000-7fbfd1000000 ---p 00000000 00:00 0 
7fbfd1006000-7fbfd1007000 r--p 00000000 08:05 10417263                   /usr/lib/x86_64-linux-gnu/libutil.so.1
7fbfd1007000-7fbfd1008000 r-xp 00001000 08:05 10417263                   /usr/lib/x86_64-linux-gnu/libutil.so.1
7fbfd1008000-7fbfd1009000 r--p 00002000 08:05 10417263                   /usr/lib/x86_64-linux-gnu/libutil.so.1
7fbfd1009000-7fbfd100a000 r--p 00002000 08:05 10417263                   /usr/lib/x86_64-linux-gnu/libutil.so.1
7fbfd100a000-7fbfd100b000 rw-p 00003000 08:05 10417263                   /usr/lib/x86_64-linux-gnu/libutil.so.1
7fbfd1019000-7fbfd1026000 r-xp 00000000 08:05 14288750                   /home/oliv/.jdks/openjdk-17/lib/libverify.so
7fbfd1026000-7fbfd1028000 r--p 0000c000 08:05 14288750                   /home/oliv/.jdks/openjdk-17/lib/libverify.so
7fbfd1028000-7fbfd1029000 rw-p 0000e000 08:05 14288750                   /home/oliv/.jdks/openjdk-17/lib/libverify.so
7fbfd1029000-7fbfd103e000 r-xp 00000000 08:05 14288741                   /home/oliv/.jdks/openjdk-17/lib/libnet.so
7fbfd103e000-7fbfd103f000 ---p 00015000 08:05 14288741                   /home/oliv/.jdks/openjdk-17/lib/libnet.so
7fbfd103f000-7fbfd1040000 r--p 00015000 08:05 14288741                   /home/oliv/.jdks/openjdk-17/lib/libnet.so
7fbfd1040000-7fbfd1041000 rw-p 00016000 08:05 14288741                   /home/oliv/.jdks/openjdk-17/lib/libnet.so
7fbfd1041000-7fbfd1054000 r-xp 00000000 08:05 14288742                   /home/oliv/.jdks/openjdk-17/lib/libnio.so
7fbfd1054000-7fbfd1055000 r--p 00012000 08:05 14288742                   /home/oliv/.jdks/openjdk-17/lib/libnio.so
7fbfd1055000-7fbfd1056000 rw-p 00013000 08:05 14288742                   /home/oliv/.jdks/openjdk-17/lib/libnio.so
7fbfd1056000-7fbfd10ad000 r--p 00000000 08:05 14432883                   /usr/share/runtime/locale/fr/lib/fr_FR.utf8/LC_CTYPE
7fbfd10ad000-7fbfd10b1000 ---p 00000000 00:00 0 
7fbfd10b1000-7fbfd11ad000 rw-p 00000000 00:00 0 
7fbfd11ad000-7fbfd11ae000 ---p 00000000 00:00 0 
7fbfd11ae000-7fbfd12af000 rw-p 00000000 00:00 0 
7fbfd12af000-7fbfd137d000 r-xp 00000000 08:05 14288748                   /home/oliv/.jdks/openjdk-17/lib/libsvml.so
7fbfd137d000-7fbfd137e000 r--p 000cd000 08:05 14288748                   /home/oliv/.jdks/openjdk-17/lib/libsvml.so
7fbfd137e000-7fbfd137f000 rw-p 000ce000 08:05 14288748                   /home/oliv/.jdks/openjdk-17/lib/libsvml.so
7fbfd137f000-7fbfd145b000 rw-p 00000000 00:00 0 
7fbfd145b000-7fbfd145c000 ---p 00000000 00:00 0 
7fbfd145c000-7fbfd155d000 rw-p 00000000 00:00 0 
7fbfd155d000-7fbfd155e000 ---p 00000000 00:00 0 
7fbfd155e000-7fbfd1b5a000 rw-p 00000000 00:00 0 
7fbfd1b5a000-7fbfd3862000 ---p 00000000 00:00 0 
7fbfd3862000-7fbfd3a62000 rw-p 00000000 00:00 0 
7fbfd3a62000-7fbfd576a000 ---p 00000000 00:00 0 
7fbfd576a000-7fbfd5772000 rw-p 00000000 00:00 0 
7fbfd5772000-7fbfd59e2000 rwxp 00000000 00:00 0 
7fbfd59e2000-7fbfd5d04000 ---p 00000000 00:00 0 
7fbfd5d04000-7fbfd5f74000 rwxp 00000000 00:00 0 
7fbfd5f74000-7fbfdd23b000 ---p 00000000 00:00 0 
7fbfdd23b000-7fbfdd4ab000 rwxp 00000000 00:00 0 
7fbfdd4ab000-7fbfe4772000 ---p 00000000 00:00 0 
7fbfe4772000-7fbfec000000 r--s 00000000 08:05 14288752                   /home/oliv/.jdks/openjdk-17/lib/modules
7fbfec000000-7fbfec5df000 rw-p 00000000 00:00 0 
7fbfec5df000-7fbff0000000 ---p 00000000 00:00 0 
7fbff0003000-7fbff0005000 r-xp 00000000 08:05 14288721                   /home/oliv/.jdks/openjdk-17/lib/libextnet.so
7fbff0005000-7fbff0006000 r--p 00001000 08:05 14288721                   /home/oliv/.jdks/openjdk-17/lib/libextnet.so
7fbff0006000-7fbff0007000 rw-p 00002000 08:05 14288721                   /home/oliv/.jdks/openjdk-17/lib/libextnet.so
7fbff0007000-7fbff000e000 r-xp 00000000 08:05 14288751                   /home/oliv/.jdks/openjdk-17/lib/libzip.so
7fbff000e000-7fbff000f000 ---p 00007000 08:05 14288751                   /home/oliv/.jdks/openjdk-17/lib/libzip.so
7fbff000f000-7fbff0010000 r--p 00007000 08:05 14288751                   /home/oliv/.jdks/openjdk-17/lib/libzip.so
7fbff0010000-7fbff0011000 rw-p 00008000 08:05 14288751                   /home/oliv/.jdks/openjdk-17/lib/libzip.so
7fbff0011000-7fbff0012000 r--p 00000000 08:05 10493092                   /usr/share/runtime/locale/fr/lib/fr_FR.utf8/LC_NUMERIC
7fbff0012000-7fbff0013000 r--p 00000000 08:05 10489042                   /usr/share/runtime/locale/fr/lib/fr_FR.utf8/LC_TIME
7fbff0013000-7fbff0014000 r--p 00000000 08:05 10488950                   /usr/share/runtime/locale/fr/lib/fr_FR.utf8/LC_MONETARY
7fbff0014000-7fbff0015000 r--p 00000000 08:05 10491911                   /usr/share/runtime/locale/fr/lib/fr_FR.utf8/LC_MESSAGES/SYS_LC_MESSAGES
7fbff0015000-7fbff0016000 r--p 00000000 08:05 10488849                   /usr/share/runtime/locale/fr/lib/fr_FR.utf8/LC_PAPER
7fbff0016000-7fbff0017000 r--p 00000000 08:05 10489751                   /usr/share/runtime/locale/fr/lib/fr_FR.utf8/LC_NAME
7fbff0017000-7fbff0018000 r--p 00000000 08:05 10491629                   /usr/share/runtime/locale/fr/lib/fr_FR.utf8/LC_ADDRESS
7fbff0018000-7fbff001f000 r--s 00000000 08:05 10408761                   /usr/lib/x86_64-linux-gnu/gconv/gconv-modules.cache
7fbff001f000-7fbff0565000 rw-p 00000000 00:00 0 
7fbff0565000-7fbff0566000 ---p 00000000 00:00 0 
7fbff0566000-7fbff0667000 rw-p 00000000 00:00 0 
7fbff0667000-7fbff0668000 ---p 00000000 00:00 0 
7fbff0668000-7fbff0769000 rw-p 00000000 00:00 0 
7fbff0769000-7fbff076a000 ---p 00000000 00:00 0 
7fbff076a000-7fbff092b000 rw-p 00000000 00:00 0 
7fbff092b000-7fbff0ccc000 ---p 00000000 00:00 0 
7fbff0ccc000-7fbff0d0c000 rw-p 00000000 00:00 0 
7fbff0d0c000-7fbff10ad000 ---p 00000000 00:00 0 
7fbff10ad000-7fbff10ed000 rw-p 00000000 00:00 0 
7fbff10ed000-7fbff148e000 ---p 00000000 00:00 0 
7fbff148e000-7fbff1c9c000 rw-p 00000000 00:00 0 
7fbff1c9c000-7fbff1d82000 ---p 00000000 00:00 0 
7fbff1d82000-7fbff1d87000 rw-p 00000000 00:00 0 
7fbff1d87000-7fbff1e6d000 ---p 00000000 00:00 0 
7fbff1e6d000-7fbff1e72000 rw-p 00000000 00:00 0 
7fbff1e72000-7fbff1e79000 ---p 00000000 00:00 0 
7fbff1e79000-7fbff1e9d000 r-xp 00000000 08:05 14288728                   /home/oliv/.jdks/openjdk-17/lib/libjava.so
7fbff1e9d000-7fbff1e9e000 ---p 00024000 08:05 14288728                   /home/oliv/.jdks/openjdk-17/lib/libjava.so
7fbff1e9e000-7fbff1e9f000 r--p 00024000 08:05 14288728                   /home/oliv/.jdks/openjdk-17/lib/libjava.so
7fbff1e9f000-7fbff1ea0000 rw-p 00025000 08:05 14288728                   /home/oliv/.jdks/openjdk-17/lib/libjava.so
7fbff1ea0000-7fbff1ea1000 rw-p 00000000 00:00 0 
7fbff1ea1000-7fbff1eab000 r-xp 00000000 08:05 14288723                   /home/oliv/.jdks/openjdk-17/lib/libinstrument.so
7fbff1eab000-7fbff1eac000 r--p 00009000 08:05 14288723                   /home/oliv/.jdks/openjdk-17/lib/libinstrument.so
7fbff1eac000-7fbff1ead000 rw-p 0000a000 08:05 14288723                   /home/oliv/.jdks/openjdk-17/lib/libinstrument.so
7fbff1ead000-7fbff1ec8000 r-xp 00000000 08:05 14288732                   /home/oliv/.jdks/openjdk-17/lib/libjimage.so
7fbff1ec8000-7fbff1ec9000 ---p 0001b000 08:05 14288732                   /home/oliv/.jdks/openjdk-17/lib/libjimage.so
7fbff1ec9000-7fbff1ecb000 r--p 0001b000 08:05 14288732                   /home/oliv/.jdks/openjdk-17/lib/libjimage.so
7fbff1ecb000-7fbff1ecc000 rw-p 0001d000 08:05 14288732                   /home/oliv/.jdks/openjdk-17/lib/libjimage.so
7fbff1ecc000-7fbff1ed0000 ---p 00000000 00:00 0 
7fbff1ed0000-7fbff1fcc000 rw-p 00000000 00:00 0 
7fbff1fcc000-7fbff1fda000 r--p 00000000 08:05 10415010                   /usr/lib/x86_64-linux-gnu/libm.so.6
7fbff1fda000-7fbff2050000 r-xp 0000e000 08:05 10415010                   /usr/lib/x86_64-linux-gnu/libm.so.6
7fbff2050000-7fbff20ad000 r--p 00084000 08:05 10415010                   /usr/lib/x86_64-linux-gnu/libm.so.6
7fbff20ad000-7fbff20ae000 r--p 000e0000 08:05 10415010                   /usr/lib/x86_64-linux-gnu/libm.so.6
7fbff20ae000-7fbff20af000 rw-p 000e1000 08:05 10415010                   /usr/lib/x86_64-linux-gnu/libm.so.6
7fbff20af000-7fbff20b0000 r--p 00000000 08:05 10417319                   /usr/lib/x86_64-linux-gnu/librt.so.1
7fbff20b0000-7fbff20b1000 r-xp 00001000 08:05 10417319                   /usr/lib/x86_64-linux-gnu/librt.so.1
7fbff20b1000-7fbff20b2000 r--p 00002000 08:05 10417319                   /usr/lib/x86_64-linux-gnu/librt.so.1
7fbff20b2000-7fbff20b3000 r--p 00002000 08:05 10417319                   /usr/lib/x86_64-linux-gnu/librt.so.1
7fbff20b3000-7fbff20b4000 rw-p 00003000 08:05 10417319                   /usr/lib/x86_64-linux-gnu/librt.so.1
7fbff20b4000-7fbff31da000 r-xp 00000000 08:05 14288764                   /home/oliv/.jdks/openjdk-17/lib/server/libjvm.so
7fbff31da000-7fbff31db000 ---p 01126000 08:05 14288764                   /home/oliv/.jdks/openjdk-17/lib/server/libjvm.so
7fbff31db000-7fbff3290000 r--p 01126000 08:05 14288764                   /home/oliv/.jdks/openjdk-17/lib/server/libjvm.so
7fbff3290000-7fbff32c3000 rw-p 011db000 08:05 14288764                   /home/oliv/.jdks/openjdk-17/lib/server/libjvm.so
7fbff32c3000-7fbff331f000 rw-p 00000000 00:00 0 
7fbff331f000-7fbff3347000 r--p 00000000 08:05 10420242                   /usr/lib/x86_64-linux-gnu/libc.so.6
7fbff3347000-7fbff34c7000 r-xp 00028000 08:05 10420242                   /usr/lib/x86_64-linux-gnu/libc.so.6
7fbff34c7000-7fbff3519000 r--p 001a8000 08:05 10420242                   /usr/lib/x86_64-linux-gnu/libc.so.6
7fbff3519000-7fbff351d000 r--p 001f9000 08:05 10420242                   /usr/lib/x86_64-linux-gnu/libc.so.6
7fbff351d000-7fbff351f000 rw-p 001fd000 08:05 10420242                   /usr/lib/x86_64-linux-gnu/libc.so.6
7fbff351f000-7fbff352c000 rw-p 00000000 00:00 0 
7fbff352c000-7fbff352d000 r--p 00000000 08:05 10416568                   /usr/lib/x86_64-linux-gnu/libdl.so.2
7fbff352d000-7fbff352e000 r-xp 00001000 08:05 10416568                   /usr/lib/x86_64-linux-gnu/libdl.so.2
7fbff352e000-7fbff352f000 r--p 00002000 08:05 10416568                   /usr/lib/x86_64-linux-gnu/libdl.so.2
7fbff352f000-7fbff3530000 r--p 00002000 08:05 10416568                   /usr/lib/x86_64-linux-gnu/libdl.so.2
7fbff3530000-7fbff3531000 rw-p 00003000 08:05 10416568                   /usr/lib/x86_64-linux-gnu/libdl.so.2
7fbff3531000-7fbff3532000 r--p 00000000 08:05 10414679                   /usr/lib/x86_64-linux-gnu/libpthread.so.0
7fbff3532000-7fbff3533000 r-xp 00001000 08:05 10414679                   /usr/lib/x86_64-linux-gnu/libpthread.so.0
7fbff3533000-7fbff3534000 r--p 00002000 08:05 10414679                   /usr/lib/x86_64-linux-gnu/libpthread.so.0
7fbff3534000-7fbff3535000 r--p 00002000 08:05 10414679                   /usr/lib/x86_64-linux-gnu/libpthread.so.0
7fbff3535000-7fbff3536000 rw-p 00003000 08:05 10414679                   /usr/lib/x86_64-linux-gnu/libpthread.so.0
7fbff3536000-7fbff3545000 r-xp 00000000 08:05 14288733                   /home/oliv/.jdks/openjdk-17/lib/libjli.so
7fbff3545000-7fbff3546000 r--p 0000e000 08:05 14288733                   /home/oliv/.jdks/openjdk-17/lib/libjli.so
7fbff3546000-7fbff3547000 rw-p 0000f000 08:05 14288733                   /home/oliv/.jdks/openjdk-17/lib/libjli.so
7fbff3547000-7fbff354a000 r--p 00000000 08:05 10379885                   /usr/lib/x86_64-linux-gnu/libz.so.1.2.13
7fbff354a000-7fbff3559000 r-xp 00003000 08:05 10379885                   /usr/lib/x86_64-linux-gnu/libz.so.1.2.13
7fbff3559000-7fbff355f000 r--p 00012000 08:05 10379885                   /usr/lib/x86_64-linux-gnu/libz.so.1.2.13
7fbff355f000-7fbff3560000 ---p 00018000 08:05 10379885                   /usr/lib/x86_64-linux-gnu/libz.so.1.2.13
7fbff3560000-7fbff3561000 r--p 00018000 08:05 10379885                   /usr/lib/x86_64-linux-gnu/libz.so.1.2.13
7fbff3561000-7fbff3562000 rw-p 00019000 08:05 10379885                   /usr/lib/x86_64-linux-gnu/libz.so.1.2.13
7fbff3562000-7fbff3563000 r--p 00000000 08:05 10491431                   /usr/share/runtime/locale/fr/lib/fr_FR.utf8/LC_TELEPHONE
7fbff3563000-7fbff3564000 r--p 00000000 08:05 10490356                   /usr/share/runtime/locale/fr/lib/fr_FR.utf8/LC_MEASUREMENT
7fbff3564000-7fbff3565000 r--p 00000000 08:05 10488651                   /usr/share/runtime/locale/fr/lib/fr_FR.utf8/LC_IDENTIFICATION
7fbff3565000-7fbff356d000 rw-s 00000000 00:2a 223                        /tmp/hsperfdata_oliv/1032
7fbff356d000-7fbff356e000 ---p 00000000 00:00 0 
7fbff356e000-7fbff356f000 r--p 00000000 00:00 0 
7fbff356f000-7fbff3570000 ---p 00000000 00:00 0 
7fbff3570000-7fbff3572000 rw-p 00000000 00:00 0 
7fbff3572000-7fbff3574000 r--p 00000000 08:05 10414124                   /usr/lib/x86_64-linux-gnu/ld-linux-x86-64.so.2
7fbff3574000-7fbff359c000 r-xp 00002000 08:05 10414124                   /usr/lib/x86_64-linux-gnu/ld-linux-x86-64.so.2
7fbff359c000-7fbff35a7000 r--p 0002a000 08:05 10414124                   /usr/lib/x86_64-linux-gnu/ld-linux-x86-64.so.2
7fbff35a7000-7fbff35a9000 r--p 00034000 08:05 10414124                   /usr/lib/x86_64-linux-gnu/ld-linux-x86-64.so.2
7fbff35a9000-7fbff35ab000 rw-p 00036000 08:05 10414124                   /usr/lib/x86_64-linux-gnu/ld-linux-x86-64.so.2
7ffdc2a3b000-7ffdc2a5c000 rw-p 00000000 00:00 0                          [stack]
7ffdc2b86000-7ffdc2b8a000 r--p 00000000 00:00 0                          [vvar]
7ffdc2b8a000-7ffdc2b8c000 r-xp 00000000 00:00 0                          [vdso]
ffffffffff600000-ffffffffff601000 --xp 00000000 00:00 0                  [vsyscall]


VM Arguments:
jvm_args: -Dmaven.multiModuleProjectDirectory=/home/oliv/Documents/openclassrooms/P9/patient-info -Djansi.passthrough=true -Dmaven.home=/app/IDEA-C/plugins/maven/lib/maven3 -Dclassworlds.conf=/app/IDEA-C/plugins/maven/lib/maven3/bin/m2.conf -Dmaven.ext.class.path=/app/IDEA-C/plugins/maven/lib/maven-event-listener.jar -javaagent:/app/IDEA-C/lib/idea_rt.jar=43521:/app/IDEA-C/bin -Dfile.encoding=UTF-8 
java_command: org.codehaus.classworlds.Launcher -Didea.version=2023.1.2 install
java_class_path (initial): /app/IDEA-C/plugins/maven/lib/maven3/boot/plexus-classworlds.license:/app/IDEA-C/plugins/maven/lib/maven3/boot/plexus-classworlds-2.6.0.jar
Launcher Type: SUN_STANDARD

[Global flags]
     intx CICompilerCount                          = 4                                         {product} {ergonomic}
     uint ConcGCThreads                            = 2                                         {product} {ergonomic}
     uint G1ConcRefinementThreads                  = 8                                         {product} {ergonomic}
   size_t G1HeapRegionSize                         = 1048576                                   {product} {ergonomic}
    uintx GCDrainStackTargetSize                   = 64                                        {product} {ergonomic}
   size_t InitialHeapSize                          = 132120576                                 {product} {ergonomic}
   size_t MarkStackSize                            = 4194304                                   {product} {ergonomic}
   size_t MaxHeapSize                              = 2082471936                                {product} {ergonomic}
   size_t MaxNewSize                               = 1248854016                                {product} {ergonomic}
   size_t MinHeapDeltaBytes                        = 1048576                                   {product} {ergonomic}
   size_t MinHeapSize                              = 8388608                                   {product} {ergonomic}
    uintx NonNMethodCodeHeapSize                   = 5839372                                {pd product} {ergonomic}
    uintx NonProfiledCodeHeapSize                  = 122909434                              {pd product} {ergonomic}
    uintx ProfiledCodeHeapSize                     = 122909434                              {pd product} {ergonomic}
    uintx ReservedCodeCacheSize                    = 251658240                              {pd product} {ergonomic}
     bool SegmentedCodeCache                       = true                                      {product} {ergonomic}
   size_t SoftMaxHeapSize                          = 2082471936                             {manageable} {ergonomic}
     bool UseCompressedClassPointers               = true                           {product lp64_product} {ergonomic}
     bool UseCompressedOops                        = true                           {product lp64_product} {ergonomic}
     bool UseG1GC                                  = true                                      {product} {ergonomic}

Logging:
Log output configuration:
 #0: stdout all=warning uptime,level,tags
 #1: stderr all=off uptime,level,tags

Environment Variables:
PATH=/app/bin:/usr/bin:/home/oliv/.var/app/com.jetbrains.IntelliJ-IDEA-Community/data/node/bin:/home/oliv/.var/app/com.jetbrains.IntelliJ-IDEA-Community/data/cargo/bin:/home/oliv/.var/app/com.jetbrains.IntelliJ-IDEA-Community/data/python/bin:/home/oliv/.var/app/com.jetbrains.IntelliJ-IDEA-Community/data/gem/ruby/3.1.0/bin
LD_LIBRARY_PATH=
SHELL=/bin/sh
DISPLAY=:99.0
LANG=fr_FR.UTF-8

Signal Handlers:
   SIGSEGV: crash_handler in libjvm.so, mask=11100100010111111101111111111110, flags=SA_RESTART|SA_SIGINFO
    SIGBUS: crash_handler in libjvm.so, mask=11100100010111111101111111111110, flags=SA_RESTART|SA_SIGINFO
    SIGFPE: crash_handler in libjvm.so, mask=11100100010111111101111111111110, flags=SA_RESTART|SA_SIGINFO
   SIGPIPE: javaSignalHandler in libjvm.so, mask=11100100010111111101111111111110, flags=SA_RESTART|SA_SIGINFO
   SIGXFSZ: javaSignalHandler in libjvm.so, mask=11100100010111111101111111111110, flags=SA_RESTART|SA_SIGINFO
    SIGILL: crash_handler in libjvm.so, mask=11100100010111111101111111111110, flags=SA_RESTART|SA_SIGINFO
   SIGUSR2: SR_handler in libjvm.so, mask=00100000000000000000000000000000, flags=SA_RESTART|SA_SIGINFO
    SIGHUP: UserHandler in libjvm.so, mask=11100100010111111101111111111110, flags=SA_RESTART|SA_SIGINFO
    SIGINT: UserHandler in libjvm.so, mask=11100100010111111101111111111110, flags=SA_RESTART|SA_SIGINFO
   SIGTERM: UserHandler in libjvm.so, mask=11100100010111111101111111111110, flags=SA_RESTART|SA_SIGINFO
   SIGQUIT: UserHandler in libjvm.so, mask=11100100010111111101111111111110, flags=SA_RESTART|SA_SIGINFO
   SIGTRAP: crash_handler in libjvm.so, mask=11100100010111111101111111111110, flags=SA_RESTART|SA_SIGINFO


---------------  S Y S T E M  ---------------

OS:
NAME="Freedesktop SDK"
VERSION="22.08 (Flatpak runtime)"
VERSION_ID=22.08
ID=org.freedesktop.platform
PRETTY_NAME="Freedesktop.org SDK 22.08 (Flatpak runtime)"
BUG_REPORT_URL=https://gitlab.com/freedesktop-sdk/freedesktop-sdk/issues
uname: Linux 5.15.0-73-generic #80-Ubuntu SMP Mon May 15 15:18:26 UTC 2023 x86_64
OS uptime: 0 days 1:00 hours
libc: glibc 2.35 NPTL 2.35 
rlimit (soft/hard): STACK 8192k/infinity , CORE 0k/infinity , NPROC 31275/31275 , NOFILE 1048576/1048576 , AS infinity/infinity , CPU infinity/infinity , DATA infinity/infinity , FSIZE infinity/infinity , MEMLOCK 1016008k/1016008k
load average: 0,79 0,68 0,77

/proc/meminfo:
MemTotal:        8128072 kB
MemFree:          584668 kB
MemAvailable:    4396564 kB
Buffers:          792808 kB
Cached:          2730188 kB
SwapCached:           64 kB
Active:          1481528 kB
Inactive:        5167512 kB
Active(anon):       2940 kB
Inactive(anon):  3134676 kB
Active(file):    1478588 kB
Inactive(file):  2032836 kB
Unevictable:          48 kB
Mlocked:              48 kB
SwapTotal:       2097148 kB
SwapFree:        2095868 kB
Dirty:             10956 kB
Writeback:             0 kB
AnonPages:       3126200 kB
Mapped:           970880 kB
Shmem:             15864 kB
KReclaimable:     609264 kB
Slab:             719768 kB
SReclaimable:     609264 kB
SUnreclaim:       110504 kB
KernelStack:       12368 kB
PageTables:        26996 kB
NFS_Unstable:          0 kB
Bounce:                0 kB
WritebackTmp:          0 kB
CommitLimit:     6161184 kB
Committed_AS:    6866252 kB
VmallocTotal:   34359738367 kB
VmallocUsed:       43476 kB
VmallocChunk:          0 kB
Percpu:             6720 kB
HardwareCorrupted:     0 kB
AnonHugePages:         0 kB
ShmemHugePages:        0 kB
ShmemPmdMapped:        0 kB
FileHugePages:         0 kB
FilePmdMapped:         0 kB
HugePages_Total:       0
HugePages_Free:        0
HugePages_Rsvd:        0
HugePages_Surp:        0
Hugepagesize:       2048 kB
Hugetlb:               0 kB
DirectMap4k:      445332 kB
DirectMap2M:     7931904 kB

/sys/kernel/mm/transparent_hugepage/enabled: <Not Available>
/sys/kernel/mm/transparent_hugepage/defrag (defrag/compaction efforts parameter): <Not Available>

Process Memory:
Virtual Size: 5097524K (peak: 5159296K)
Resident Set Size: 86560K (peak: 87516K) (anon: 58700K, file: 27816K, shmem: 44K)
Swapped out: 0K
C-Heap outstanding allocations: 13889K

/proc/sys/kernel/threads-max (system-wide limit on the number of threads): 62550
/proc/sys/vm/max_map_count (maximum number of memory map areas a process may have): 65530
/proc/sys/kernel/pid_max (system-wide limit on number of process identifiers): 4194304

Steal ticks since vm start: 0
Steal ticks percentage since vm start:  0,000

CPU: total 8 (initial active 8) (4 cores per cpu, 2 threads per core) family 6 model 30 stepping 5 microcode 0xa, cx8, cmov, fxsr, ht, mmx, sse, sse2, sse3, ssse3, sse4.1, sse4.2, popcnt, tsc, tscinvbit, clflush
CPU Model and flags from /proc/cpuinfo:
model name	: Intel(R) Core(TM) i7 CPU       Q 720  @ 1.60GHz
flags		: fpu vme de pse tsc msr pae mce cx8 apic sep mtrr pge mca cmov pat pse36 clflush dts acpi mmx fxsr sse sse2 ht tm pbe syscall nx rdtscp lm constant_tsc arch_perfmon pebs bts rep_good nopl xtopology nonstop_tsc cpuid aperfmperf pni dtes64 monitor ds_cpl vmx smx est tm2 ssse3 cx16 xtpr pdcm sse4_1 sse4_2 popcnt lahf_lm pti ssbd ibrs ibpb stibp tpr_shadow vnmi flexpriority ept vpid dtherm ida flush_l1d

Online cpus: 0-7
Offline cpus: 
BIOS frequency limitation: 1600000
Frequency switch latency (ns): 10000
Available cpu frequencies: 1600000 1599000 1466000 1333000 1199000 1066000 933000 
Current governor: schedutil
Core performance/turbo boost: 1

Memory: 4k page, physical 8128072k(584668k free), swap 2097148k(2095868k free)
Page Sizes: 4k

vm_info: OpenJDK 64-Bit Server VM (17+35-2724) for linux-amd64 JRE (17+35-2724), built on Aug  5 2021 22:17:49 by "mach5one" with gcc 10.3.0

END.
