#
# A fatal error has been detected by the Java Runtime Environment:
#
#  SIGSEGV (0xb) at pc=0x00007f9415add8c4, pid=843, tid=869
#
# JRE version: OpenJDK Runtime Environment (17.0+35) (build 17+35-2724)
# Java VM: OpenJDK 64-Bit Server VM (17+35-2724, mixed mode, sharing, tiered, compressed oops, compressed class ptrs, g1 gc, linux-amd64)
# Problematic frame:
# V  [libjvm.so+0x7038c4]  G1ParScanThreadState::trim_queue_to_threshold(unsigned int)+0x14d4
#
# Core dump will be written. Default location: Core dumps may be processed with "/lib/systemd/systemd-coredump %P %u %g %s %t 9223372036854775808 %h" (or dumping to /home/oliv/Documents/openclassrooms/P9/patient-info/core.843)
#
# If you would like to submit a bug report, please visit:
#   https://bugreport.java.com/bugreport/crash.jsp
#

---------------  S U M M A R Y ------------

Command Line: -Dmaven.multiModuleProjectDirectory=/home/oliv/Documents/openclassrooms/P9/patient-info -Djansi.passthrough=true -Dmaven.home=/app/IDEA-C/plugins/maven/lib/maven3 -Dclassworlds.conf=/app/IDEA-C/plugins/maven/lib/maven3/bin/m2.conf -Dmaven.ext.class.path=/app/IDEA-C/plugins/maven/lib/maven-event-listener.jar -javaagent:/app/IDEA-C/lib/idea_rt.jar=35703:/app/IDEA-C/bin -Dfile.encoding=UTF-8 org.codehaus.classworlds.Launcher -Didea.version=2023.1.2 install

Host: Intel(R) Core(TM) i7 CPU       Q 720  @ 1.60GHz, 8 cores, 7G, Freedesktop.org SDK 22.08 (Flatpak runtime)
Time: Tue Jun 13 19:22:42 2023 CEST elapsed time: 1.051722 seconds (0d 0h 0m 1s)

---------------  T H R E A D  ---------------

Current thread (0x00007f93dc005d50):  GCTaskThread "GC Thread#1" [stack: 0x00007f93e4900000,0x00007f93e4a00000] [id=869]

Stack: [0x00007f93e4900000,0x00007f93e4a00000],  sp=0x00007f93e49fe9b0,  free space=1018k
Native frames: (J=compiled Java code, j=interpreted, Vv=VM code, C=native code)
V  [libjvm.so+0x7038c4]  G1ParScanThreadState::trim_queue_to_threshold(unsigned int)+0x14d4
V  [libjvm.so+0x71fb40]  G1ScanHRForRegionClosure::scan_heap_roots(HeapRegion*)+0x560
V  [libjvm.so+0x716e47]  G1RemSet::scan_heap_roots(G1ParScanThreadState*, unsigned int, G1GCPhaseTimes::GCParPhases, G1GCPhaseTimes::GCParPhases, bool)+0x1a7
V  [libjvm.so+0x6c047b]  G1EvacuateRegionsTask::scan_roots(G1ParScanThreadState*, unsigned int)+0x4b
V  [libjvm.so+0x6c0bf3]  G1EvacuateRegionsBaseTask::work(unsigned int)+0x83
V  [libjvm.so+0xe3f88f]  GangWorker::loop()+0x5f
V  [libjvm.so+0xe3f8ef]
V  [libjvm.so+0xd91cfe]  Thread::call_run()+0xde
V  [libjvm.so+0xbe8011]  thread_native_entry(Thread*)+0xe1
C  [libc.so.6+0x8f1da]


siginfo: si_signo: 11 (SIGSEGV), si_code: 1 (SEGV_MAPERR), si_addr: 0x0000000000000040

Register to memory mapping:

RAX=0x00007f9410062584 points into unknown readable memory: 00 00 00 00
RBX=0x00007f93a4000d70 points into unknown readable memory: 0x00007f941650c428 | 28 c4 50 16 94 7f 00 00
RCX=0x00007f9410062584 points into unknown readable memory: 00 00 00 00
RDX=0x0 is NULL
RSP=0x00007f93e49fe9b0 points into unknown readable memory: 0x00007ffc9d48f80a | 0a f8 48 9d fc 7f 00 00
RBP=0x00007f93e49fea40 points into unknown readable memory: 0x00007f93e49feb90 | 90 eb 9f e4 93 7f 00 00
RSI=0x0 is NULL
RDI=0x0 is NULL
R8 =0x0000000000000001 is an unknown value
R9 =0x0000000800000f70 is pointing into metadata
R10=0x0 is NULL
R11=0x0000000000000002 is an unknown value
R12=0x00000000ffe17b35 is pointing into object: java.lang.Class 
{0x00000000ffe17af0} - klass: 'java/lang/Class'
 - ---- fields (total size 14 words):
 - private volatile transient 'classRedefinedCount' 'I' @12  0
 - private volatile transient 'cachedConstructor' 'Ljava/lang/reflect/Constructor;' @40  NULL (0)
 - private transient 'name' 'Ljava/lang/String;' @44  NULL (0)
 - private transient 'module' 'Ljava/lang/Module;' @48  NULL (0)
 - private final 'classLoader' 'Ljava/lang/ClassLoader;' @52  NULL (0)
 - private transient 'classData' 'Ljava/lang/Object;' @56  NULL (0)
 - private transient 'packageName' 'Ljava/lang/String;' @60  NULL (0)
 - private final 'componentType' 'Ljava/lang/Class;' @64  NULL (0)
 - private volatile transient 'reflectionData' 'Ljava/lang/ref/SoftReference;' @68  
[error occurred during error reporting (printing register info), id 0xb, SIGSEGV (0xb) at pc=0x00007f9415bceeda]

Registers:
RAX=0x00007f9410062584, RBX=0x00007f93a4000d70, RCX=0x00007f9410062584, RDX=0x0000000000000000
RSP=0x00007f93e49fe9b0, RBP=0x00007f93e49fea40, RSI=0x0000000000000000, RDI=0x0000000000000000
R8 =0x0000000000000001, R9 =0x0000000800000f70, R10=0x0000000000000000, R11=0x0000000000000002
R12=0x00000000ffe17b35, R13=0x0000000000000040, R14=0x00007f94165ff9d5, R15=0x00007f94165ba2f0
RIP=0x00007f9415add8c4, EFLAGS=0x0000000000010246, CSGSFS=0x002b000000000033, ERR=0x0000000000000004
  TRAPNO=0x000000000000000e

Top of Stack: (sp=0x00007f93e49fe9b0)
0x00007f93e49fe9b0:   00007ffc9d48f80a 0000000000000019
0x00007f93e49fe9c0:   00007f93f97710c6 00007f9300000000
0x00007f93e49fe9d0:   00007f94100e9b60 0000000000000000
0x00007f93e49fe9e0:   0000000800000d68 0000000000000002 

Instructions: (pc=0x00007f9415add8c4)
0x00007f9415add7c4:   48 8b 93 90 01 00 00 48 89 c6 8b 8a 90 05 00 00
0x00007f9415add7d4:   48 d3 ee 48 8b 8a 80 05 00 00 4c 8d 04 71 41 0f
0x00007f9415add7e4:   b6 78 01 40 84 ff 78 94 42 0f 18 0c 30 ba 10 00
0x00007f9415add7f4:   00 00 0f 18 0c 10 48 8b 83 98 01 00 00 49 8d 4c
0x00007f9415add804:   24 01 4c 8b 78 10 41 8b 87 80 00 00 00 41 8b b7
0x00007f9415add814:   00 01 00 00 89 c2 29 f2 81 e2 ff ff 01 00 81 fa
0x00007f9415add824:   fd ff 01 00 0f 86 5d 0b 00 00 49 8b 87 a0 02 00
0x00007f9415add834:   00 49 3b 87 88 02 00 00 0f 84 94 14 00 00 48 8d
0x00007f9415add844:   34 c5 00 00 00 00 48 83 c0 01 49 8b 97 b8 02 00
0x00007f9415add854:   00 48 89 0c 32 49 89 87 a0 02 00 00 e9 3a ff ff
0x00007f9415add864:   ff 0f 1f 00 49 8d bd 80 02 00 00 e8 2c e0 fb ff
0x00007f9415add874:   b8 01 00 00 00 31 d2 e9 f8 fd ff ff 4c 8d 3d 69
0x00007f9415add884:   ca ad 00 45 8b 6c 24 ff 48 8b 43 08 41 8b 77 08
0x00007f9415add894:   49 8b 17 89 f1 49 d3 e5 8b 88 90 05 00 00 48 8b
0x00007f9415add8a4:   80 80 05 00 00 49 01 d5 4c 89 ef 48 d3 ef 48 8d
0x00007f9415add8b4:   0c 78 44 0f b6 51 01 45 84 d2 0f 88 74 f5 ff ff
0x00007f9415add8c4:   49 8b 45 00 48 89 c7 83 e7 03 48 83 ff 03 0f 85
0x00007f9415add8d4:   7a 06 00 00 48 8d 0d 81 1f b2 00 80 39 00 0f 85
0x00007f9415add8e4:   58 0b 00 00 48 83 e0 fc 4c 8d 2d 89 34 b2 00 48
0x00007f9415add8f4:   89 45 b8 48 8b 7d b8 89 f1 49 83 ec 01 48 89 f8
0x00007f9415add904:   48 29 d0 48 d3 e8 41 89 04 24 48 89 f8 41 8b 4d
0x00007f9415add914:   00 4c 31 e0 48 d3 e8 48 85 c0 0f 84 14 f5 ff ff
0x00007f9415add924:   48 8b 53 08 4c 89 e0 8b 8a c0 01 00 00 48 d3 e8
0x00007f9415add934:   48 89 c1 48 8b 82 b0 01 00 00 48 8b 04 c8 8b 80
0x00007f9415add944:   bc 00 00 00 a8 02 0f 85 e8 f4 ff ff 8b 8a 90 05
0x00007f9415add954:   00 00 48 89 f8 48 8b 92 80 05 00 00 48 d3 e8 80
0x00007f9415add964:   3c 42 00 0f 84 cb f4 ff ff 49 c1 ec 09 48 8b 43
0x00007f9415add974:   60 4c 89 e6 e9 94 f4 ff ff 0f 1f 00 49 8d bf 80
0x00007f9415add984:   02 00 00 48 89 4d b8 e8 10 df fb ff 48 8b 4d b8
0x00007f9415add994:   b8 01 00 00 00 31 d2 e9 bb f0 ff ff 0f 84 9b 03
0x00007f9415add9a4:   00 00 3c 01 48 8d 0d fd d2 ad 00 48 19 c0 83 e0
0x00007f9415add9b4:   04 8b 31 44 89 f1 41 c1 fe 10 49 63 44 05 0c 48 


Stack slot to memory mapping:
stack at sp + 0 slots: 0x00007ffc9d48f80a: <offset 0x000000000000080a> in linux-vdso.so.1 at 0x00007ffc9d48f000
stack at sp + 1 slots: 0x0000000000000019 is an unknown value
stack at sp + 2 slots: 0x00007f93f97710c6 points into unknown readable memory: ff ff
stack at sp + 3 slots: 0x00007f9300000000 is an unknown value
stack at sp + 4 slots: 0x00007f94100e9b60 points into unknown readable memory: 0x000000008b600000 | 00 00 60 8b 00 00 00 00
stack at sp + 5 slots: 0x0 is NULL
stack at sp + 6 slots: 0x0000000800000d68 is a pointer to class: 
java.lang.Object {0x0000000800000d68}
 - instance size:     2
 - klass size:        65
 - access:            public synchronized 
 - state:             fully_initialized
 - name:              'java/lang/Object'
 - super:             NULL
 - sub:               'org/apache/maven/plugin/ExtensionRealmCache'   'org/apache/maven/plugin/BuildPluginManager'   'org/apache/maven/model/plugin/LifecycleBindingsInjector'   'org/apache/maven/lifecycle/internal/builder/BuilderCommon'   (1341 more klasses...)
 - arrays:            'java/lang/Object'[]
 - methods:           Array<T>(0x00000008005c2db0)
 - method ordering:   Array<T>(0x00000008005c2e28)
 - default_methods:   Array<T>(0x0000000000000000)
 - local interfaces:  Array<T>(0x00000008005c2e18)
 - trans. interfaces: Array<T>(0x00000008005c2e18)
 - constants:         constant pool [92] {0x00000008005c2a80} for 'java/lang/Object' cache=0x000000080042ec20
 - class loader data:  loader data: 0x00007f9410103170 of 'bootstrap'
 - source file:       'Object.java'
 - class annotations:       Array<T>(0x0000000000000000)
 - class type annotations:  Array<T>(0x0000000000000000)
 - field annotations:       Array<T>(0x0000000000000000)
 - field type annotations:  Array<T>(0x0000000000000000)
 - inner classes:     Array<T>(0x00000008005c2da8)
 - nest members:     Array<T>(0x00000008005c2da8)
 - permitted subclasses:     Array<T>(0x00000008005c2da8)
 - java mirror:       a 'java/lang/Class'{0x00000000ffe008c8} = 'java/lang/Object'
 - vtable length      5  (start addr: 0x0000000800000f38)
 - itable length      2 (start addr: 0x0000000800000f60)
 - ---- static fields (0 words):
 - ---- non-static fields (0 words):
 - non-static oop maps: 
stack at sp + 7 slots: 0x0000000000000002 is an unknown value


---------------  P R O C E S S  ---------------

Threads class SMR info:
_java_thread_list=0x00007f93b80d6310, length=13, elements={
0x00007f9410025ca0, 0x00007f941011e850, 0x00007f941011fc30, 0x00007f9410128eb0,
0x00007f941012a260, 0x00007f941012b670, 0x00007f941012d020, 0x00007f941012e550,
0x00007f94101379b0, 0x00007f9410142620, 0x00007f94101b1f50, 0x00007f94101b3980,
0x00007f93b80d5340
}

Java Threads: ( => current thread )
  0x00007f9410025ca0 JavaThread "main" [_thread_blocked, id=846, stack(0x00007f94151f2000,0x00007f94152f2000)]
  0x00007f941011e850 JavaThread "Reference Handler" daemon [_thread_blocked, id=853, stack(0x00007f93f43e6000,0x00007f93f44e6000)]
  0x00007f941011fc30 JavaThread "Finalizer" daemon [_thread_blocked, id=854, stack(0x00007f93f42e6000,0x00007f93f43e6000)]
  0x00007f9410128eb0 JavaThread "Signal Dispatcher" daemon [_thread_blocked, id=856, stack(0x00007f93e5700000,0x00007f93e5800000)]
  0x00007f941012a260 JavaThread "Service Thread" daemon [_thread_blocked, id=857, stack(0x00007f93e5600000,0x00007f93e5700000)]
  0x00007f941012b670 JavaThread "Monitor Deflation Thread" daemon [_thread_blocked, id=858, stack(0x00007f93e5500000,0x00007f93e5600000)]
  0x00007f941012d020 JavaThread "C2 CompilerThread0" daemon [_thread_blocked, id=859, stack(0x00007f93e5400000,0x00007f93e5500000)]
  0x00007f941012e550 JavaThread "C1 CompilerThread0" daemon [_thread_blocked, id=860, stack(0x00007f93e5300000,0x00007f93e5400000)]
  0x00007f94101379b0 JavaThread "Sweeper thread" daemon [_thread_blocked, id=861, stack(0x00007f93e5200000,0x00007f93e5300000)]
  0x00007f9410142620 JavaThread "Common-Cleaner" daemon [_thread_blocked, id=864, stack(0x00007f93e5100000,0x00007f93e5200000)]
  0x00007f94101b1f50 JavaThread "Monitor Ctrl-Break" daemon [_thread_in_native, id=865, stack(0x00007f93e4fd3000,0x00007f93e50d3000)]
  0x00007f94101b3980 JavaThread "Notification Thread" daemon [_thread_blocked, id=866, stack(0x00007f93e4ed3000,0x00007f93e4fd3000)]
  0x00007f93b80d5340 JavaThread "C2 CompilerThread1" daemon [_thread_blocked, id=868, stack(0x00007f93e4cd1000,0x00007f93e4dd1000)]

Other Threads:
  0x00007f941011a880 VMThread "VM Thread" [stack: 0x00007f93f44e8000,0x00007f93f45e8000] [id=852]
  0x00007f9410027fb0 WatcherThread [stack: 0x00007f93e4dd3000,0x00007f93e4ed3000] [id=867]
  0x00007f9410064f40 GCTaskThread "GC Thread#0" [stack: 0x00007f9414253000,0x00007f9414353000] [id=847]
=>0x00007f93dc005d50 GCTaskThread "GC Thread#1" [stack: 0x00007f93e4900000,0x00007f93e4a00000] [id=869]
  0x00007f93dc006780 GCTaskThread "GC Thread#2" [stack: 0x00007f93e47fe000,0x00007f93e48fe000] [id=870]
  0x00007f9410075d80 ConcurrentGCThread "G1 Main Marker" [stack: 0x00007f9414151000,0x00007f9414251000] [id=848]
  0x00007f9410076ce0 ConcurrentGCThread "G1 Conc#0" [stack: 0x00007f941404f000,0x00007f941414f000] [id=849]
  0x00007f94100edbb0 ConcurrentGCThread "G1 Refine#0" [stack: 0x00007f93f4898000,0x00007f93f4998000] [id=850]
  0x00007f94100eeaa0 ConcurrentGCThread "G1 Service" [stack: 0x00007f93f4796000,0x00007f93f4896000] [id=851]

Threads with active compile tasks:
C2 CompilerThread0     1063  946   !   4       sun.nio.cs.StreamDecoder::read (196 bytes)
C1 CompilerThread0     1063  994       2       jdk.internal.loader.URLClassPath$JarLoader$2::getInputStream (15 bytes)
C2 CompilerThread1     1063  967       4       java.lang.StringLatin1::inflate (34 bytes)

VM state: at safepoint (normal execution)

VM Mutex/Monitor currently owned by a thread:  ([mutex/lock_event])
[0x00007f9410022a10] Threads_lock - owner thread: 0x00007f941011a880
[0x00007f94100231c0] Heap_lock - owner thread: 0x00007f9410025ca0

Heap address: 0x0000000083e00000, size: 1986 MB, Compressed Oops mode: 32-bit

CDS archive(s) mapped at: [0x0000000800000000-0x0000000800bd9000-0x0000000800bd9000), size 12423168, SharedBaseAddress: 0x0000000800000000, ArchiveRelocationMode: 0.
Compressed class space mapped at: 0x0000000800c00000-0x0000000840c00000, reserved size: 1073741824
Narrow klass base: 0x0000000800000000, Narrow klass shift: 0, Narrow klass range: 0x100000000

GC Precious Log:
 CPUs: 8 total, 8 available
 Memory: 7937M
 Large Page Support: Disabled
 NUMA Support: Disabled
 Compressed Oops: Enabled (32-bit)
 Heap Region Size: 1M
 Heap Min Capacity: 8M
 Heap Initial Capacity: 126M
 Heap Max Capacity: 1986M
 Pre-touch: Disabled
 Parallel Workers: 8
 Concurrent Workers: 2
 Concurrent Refinement Workers: 8
 Periodic GC: Disabled

Heap:
 garbage-first heap   total 131072K, used 24544K [0x0000000083e00000, 0x0000000100000000)
  region size 1024K, 26 young (26624K), 3 survivors (3072K)
 Metaspace       used 5763K, committed 5952K, reserved 1056768K
  class space    used 677K, committed 768K, reserved 1048576K

Heap Regions: E=young(eden), S=young(survivor), O=old, HS=humongous(starts), HC=humongous(continues), CS=collection set, F=free, OA=open archive, CA=closed archive, TAMS=top-at-mark-start (previous, next)
|   0|0x0000000083e00000, 0x0000000083e49dd8, 0x0000000083f00000| 28%| O|  |TAMS 0x0000000083e00000, 0x0000000083e00000| Untracked 
|   1|0x0000000083f00000, 0x0000000083f00000, 0x0000000084000000|  0%| F|  |TAMS 0x0000000083f00000, 0x0000000083f00000| Untracked 
|   2|0x0000000084000000, 0x0000000084000000, 0x0000000084100000|  0%| F|  |TAMS 0x0000000084000000, 0x0000000084000000| Untracked 
|   3|0x0000000084100000, 0x0000000084100000, 0x0000000084200000|  0%| F|  |TAMS 0x0000000084100000, 0x0000000084100000| Untracked 
|   4|0x0000000084200000, 0x0000000084200000, 0x0000000084300000|  0%| F|  |TAMS 0x0000000084200000, 0x0000000084200000| Untracked 
|   5|0x0000000084300000, 0x0000000084300000, 0x0000000084400000|  0%| F|  |TAMS 0x0000000084300000, 0x0000000084300000| Untracked 
|   6|0x0000000084400000, 0x0000000084400000, 0x0000000084500000|  0%| F|  |TAMS 0x0000000084400000, 0x0000000084400000| Untracked 
|   7|0x0000000084500000, 0x0000000084500000, 0x0000000084600000|  0%| F|  |TAMS 0x0000000084500000, 0x0000000084500000| Untracked 
|   8|0x0000000084600000, 0x0000000084600000, 0x0000000084700000|  0%| F|  |TAMS 0x0000000084600000, 0x0000000084600000| Untracked 
|   9|0x0000000084700000, 0x0000000084700000, 0x0000000084800000|  0%| F|  |TAMS 0x0000000084700000, 0x0000000084700000| Untracked 
|  10|0x0000000084800000, 0x0000000084800000, 0x0000000084900000|  0%| F|  |TAMS 0x0000000084800000, 0x0000000084800000| Untracked 
|  11|0x0000000084900000, 0x0000000084900000, 0x0000000084a00000|  0%| F|  |TAMS 0x0000000084900000, 0x0000000084900000| Untracked 
|  12|0x0000000084a00000, 0x0000000084a00000, 0x0000000084b00000|  0%| F|  |TAMS 0x0000000084a00000, 0x0000000084a00000| Untracked 
|  13|0x0000000084b00000, 0x0000000084b00000, 0x0000000084c00000|  0%| F|  |TAMS 0x0000000084b00000, 0x0000000084b00000| Untracked 
|  14|0x0000000084c00000, 0x0000000084c00000, 0x0000000084d00000|  0%| F|  |TAMS 0x0000000084c00000, 0x0000000084c00000| Untracked 
|  15|0x0000000084d00000, 0x0000000084d00000, 0x0000000084e00000|  0%| F|  |TAMS 0x0000000084d00000, 0x0000000084d00000| Untracked 
|  16|0x0000000084e00000, 0x0000000084e00000, 0x0000000084f00000|  0%| F|  |TAMS 0x0000000084e00000, 0x0000000084e00000| Untracked 
|  17|0x0000000084f00000, 0x0000000084f00000, 0x0000000085000000|  0%| F|  |TAMS 0x0000000084f00000, 0x0000000084f00000| Untracked 
|  18|0x0000000085000000, 0x0000000085000000, 0x0000000085100000|  0%| F|  |TAMS 0x0000000085000000, 0x0000000085000000| Untracked 
|  19|0x0000000085100000, 0x0000000085100000, 0x0000000085200000|  0%| F|  |TAMS 0x0000000085100000, 0x0000000085100000| Untracked 
|  20|0x0000000085200000, 0x0000000085200000, 0x0000000085300000|  0%| F|  |TAMS 0x0000000085200000, 0x0000000085200000| Untracked 
|  21|0x0000000085300000, 0x0000000085300000, 0x0000000085400000|  0%| F|  |TAMS 0x0000000085300000, 0x0000000085300000| Untracked 
|  22|0x0000000085400000, 0x0000000085400000, 0x0000000085500000|  0%| F|  |TAMS 0x0000000085400000, 0x0000000085400000| Untracked 
|  23|0x0000000085500000, 0x0000000085500000, 0x0000000085600000|  0%| F|  |TAMS 0x0000000085500000, 0x0000000085500000| Untracked 
|  24|0x0000000085600000, 0x0000000085600000, 0x0000000085700000|  0%| F|  |TAMS 0x0000000085600000, 0x0000000085600000| Untracked 
|  25|0x0000000085700000, 0x0000000085700000, 0x0000000085800000|  0%| F|  |TAMS 0x0000000085700000, 0x0000000085700000| Untracked 
|  26|0x0000000085800000, 0x0000000085800000, 0x0000000085900000|  0%| F|  |TAMS 0x0000000085800000, 0x0000000085800000| Untracked 
|  27|0x0000000085900000, 0x0000000085900000, 0x0000000085a00000|  0%| F|  |TAMS 0x0000000085900000, 0x0000000085900000| Untracked 
|  28|0x0000000085a00000, 0x0000000085a00000, 0x0000000085b00000|  0%| F|  |TAMS 0x0000000085a00000, 0x0000000085a00000| Untracked 
|  29|0x0000000085b00000, 0x0000000085b00000, 0x0000000085c00000|  0%| F|  |TAMS 0x0000000085b00000, 0x0000000085b00000| Untracked 
|  30|0x0000000085c00000, 0x0000000085c00000, 0x0000000085d00000|  0%| F|  |TAMS 0x0000000085c00000, 0x0000000085c00000| Untracked 
|  31|0x0000000085d00000, 0x0000000085d00000, 0x0000000085e00000|  0%| F|  |TAMS 0x0000000085d00000, 0x0000000085d00000| Untracked 
|  32|0x0000000085e00000, 0x0000000085e00000, 0x0000000085f00000|  0%| F|  |TAMS 0x0000000085e00000, 0x0000000085e00000| Untracked 
|  33|0x0000000085f00000, 0x0000000085f00000, 0x0000000086000000|  0%| F|  |TAMS 0x0000000085f00000, 0x0000000085f00000| Untracked 
|  34|0x0000000086000000, 0x0000000086000000, 0x0000000086100000|  0%| F|  |TAMS 0x0000000086000000, 0x0000000086000000| Untracked 
|  35|0x0000000086100000, 0x0000000086100000, 0x0000000086200000|  0%| F|  |TAMS 0x0000000086100000, 0x0000000086100000| Untracked 
|  36|0x0000000086200000, 0x0000000086200000, 0x0000000086300000|  0%| F|  |TAMS 0x0000000086200000, 0x0000000086200000| Untracked 
|  37|0x0000000086300000, 0x0000000086300000, 0x0000000086400000|  0%| F|  |TAMS 0x0000000086300000, 0x0000000086300000| Untracked 
|  38|0x0000000086400000, 0x0000000086400000, 0x0000000086500000|  0%| F|  |TAMS 0x0000000086400000, 0x0000000086400000| Untracked 
|  39|0x0000000086500000, 0x0000000086500000, 0x0000000086600000|  0%| F|  |TAMS 0x0000000086500000, 0x0000000086500000| Untracked 
|  40|0x0000000086600000, 0x0000000086600000, 0x0000000086700000|  0%| F|  |TAMS 0x0000000086600000, 0x0000000086600000| Untracked 
|  41|0x0000000086700000, 0x0000000086700000, 0x0000000086800000|  0%| F|  |TAMS 0x0000000086700000, 0x0000000086700000| Untracked 
|  42|0x0000000086800000, 0x0000000086800000, 0x0000000086900000|  0%| F|  |TAMS 0x0000000086800000, 0x0000000086800000| Untracked 
|  43|0x0000000086900000, 0x0000000086900000, 0x0000000086a00000|  0%| F|  |TAMS 0x0000000086900000, 0x0000000086900000| Untracked 
|  44|0x0000000086a00000, 0x0000000086a00000, 0x0000000086b00000|  0%| F|  |TAMS 0x0000000086a00000, 0x0000000086a00000| Untracked 
|  45|0x0000000086b00000, 0x0000000086b00000, 0x0000000086c00000|  0%| F|  |TAMS 0x0000000086b00000, 0x0000000086b00000| Untracked 
|  46|0x0000000086c00000, 0x0000000086c00000, 0x0000000086d00000|  0%| F|  |TAMS 0x0000000086c00000, 0x0000000086c00000| Untracked 
|  47|0x0000000086d00000, 0x0000000086d00000, 0x0000000086e00000|  0%| F|  |TAMS 0x0000000086d00000, 0x0000000086d00000| Untracked 
|  48|0x0000000086e00000, 0x0000000086e00000, 0x0000000086f00000|  0%| F|  |TAMS 0x0000000086e00000, 0x0000000086e00000| Untracked 
|  49|0x0000000086f00000, 0x0000000086f00000, 0x0000000087000000|  0%| F|  |TAMS 0x0000000086f00000, 0x0000000086f00000| Untracked 
|  50|0x0000000087000000, 0x0000000087000000, 0x0000000087100000|  0%| F|  |TAMS 0x0000000087000000, 0x0000000087000000| Untracked 
|  51|0x0000000087100000, 0x0000000087100000, 0x0000000087200000|  0%| F|  |TAMS 0x0000000087100000, 0x0000000087100000| Untracked 
|  52|0x0000000087200000, 0x0000000087200000, 0x0000000087300000|  0%| F|  |TAMS 0x0000000087200000, 0x0000000087200000| Untracked 
|  53|0x0000000087300000, 0x0000000087300000, 0x0000000087400000|  0%| F|  |TAMS 0x0000000087300000, 0x0000000087300000| Untracked 
|  54|0x0000000087400000, 0x0000000087400000, 0x0000000087500000|  0%| F|  |TAMS 0x0000000087400000, 0x0000000087400000| Untracked 
|  55|0x0000000087500000, 0x0000000087500000, 0x0000000087600000|  0%| F|  |TAMS 0x0000000087500000, 0x0000000087500000| Untracked 
|  56|0x0000000087600000, 0x0000000087600000, 0x0000000087700000|  0%| F|  |TAMS 0x0000000087600000, 0x0000000087600000| Untracked 
|  57|0x0000000087700000, 0x0000000087700000, 0x0000000087800000|  0%| F|  |TAMS 0x0000000087700000, 0x0000000087700000| Untracked 
|  58|0x0000000087800000, 0x0000000087800000, 0x0000000087900000|  0%| F|  |TAMS 0x0000000087800000, 0x0000000087800000| Untracked 
|  59|0x0000000087900000, 0x0000000087900000, 0x0000000087a00000|  0%| F|  |TAMS 0x0000000087900000, 0x0000000087900000| Untracked 
|  60|0x0000000087a00000, 0x0000000087a00000, 0x0000000087b00000|  0%| F|  |TAMS 0x0000000087a00000, 0x0000000087a00000| Untracked 
|  61|0x0000000087b00000, 0x0000000087b00000, 0x0000000087c00000|  0%| F|  |TAMS 0x0000000087b00000, 0x0000000087b00000| Untracked 
|  62|0x0000000087c00000, 0x0000000087c00000, 0x0000000087d00000|  0%| F|  |TAMS 0x0000000087c00000, 0x0000000087c00000| Untracked 
|  63|0x0000000087d00000, 0x0000000087d00000, 0x0000000087e00000|  0%| F|  |TAMS 0x0000000087d00000, 0x0000000087d00000| Untracked 
|  64|0x0000000087e00000, 0x0000000087e00000, 0x0000000087f00000|  0%| F|  |TAMS 0x0000000087e00000, 0x0000000087e00000| Untracked 
|  65|0x0000000087f00000, 0x0000000087f00000, 0x0000000088000000|  0%| F|  |TAMS 0x0000000087f00000, 0x0000000087f00000| Untracked 
|  66|0x0000000088000000, 0x0000000088000000, 0x0000000088100000|  0%| F|  |TAMS 0x0000000088000000, 0x0000000088000000| Untracked 
|  67|0x0000000088100000, 0x0000000088100000, 0x0000000088200000|  0%| F|  |TAMS 0x0000000088100000, 0x0000000088100000| Untracked 
|  68|0x0000000088200000, 0x0000000088200000, 0x0000000088300000|  0%| F|  |TAMS 0x0000000088200000, 0x0000000088200000| Untracked 
|  69|0x0000000088300000, 0x0000000088300000, 0x0000000088400000|  0%| F|  |TAMS 0x0000000088300000, 0x0000000088300000| Untracked 
|  70|0x0000000088400000, 0x0000000088400000, 0x0000000088500000|  0%| F|  |TAMS 0x0000000088400000, 0x0000000088400000| Untracked 
|  71|0x0000000088500000, 0x0000000088500000, 0x0000000088600000|  0%| F|  |TAMS 0x0000000088500000, 0x0000000088500000| Untracked 
|  72|0x0000000088600000, 0x0000000088600000, 0x0000000088700000|  0%| F|  |TAMS 0x0000000088600000, 0x0000000088600000| Untracked 
|  73|0x0000000088700000, 0x0000000088700000, 0x0000000088800000|  0%| F|  |TAMS 0x0000000088700000, 0x0000000088700000| Untracked 
|  74|0x0000000088800000, 0x0000000088800000, 0x0000000088900000|  0%| F|  |TAMS 0x0000000088800000, 0x0000000088800000| Untracked 
|  75|0x0000000088900000, 0x0000000088900000, 0x0000000088a00000|  0%| F|  |TAMS 0x0000000088900000, 0x0000000088900000| Untracked 
|  76|0x0000000088a00000, 0x0000000088a00000, 0x0000000088b00000|  0%| F|  |TAMS 0x0000000088a00000, 0x0000000088a00000| Untracked 
|  77|0x0000000088b00000, 0x0000000088b00000, 0x0000000088c00000|  0%| F|  |TAMS 0x0000000088b00000, 0x0000000088b00000| Untracked 
|  78|0x0000000088c00000, 0x0000000088c00000, 0x0000000088d00000|  0%| F|  |TAMS 0x0000000088c00000, 0x0000000088c00000| Untracked 
|  79|0x0000000088d00000, 0x0000000088d00000, 0x0000000088e00000|  0%| F|  |TAMS 0x0000000088d00000, 0x0000000088d00000| Untracked 
|  80|0x0000000088e00000, 0x0000000088e00000, 0x0000000088f00000|  0%| F|  |TAMS 0x0000000088e00000, 0x0000000088e00000| Untracked 
|  81|0x0000000088f00000, 0x0000000088f00000, 0x0000000089000000|  0%| F|  |TAMS 0x0000000088f00000, 0x0000000088f00000| Untracked 
|  82|0x0000000089000000, 0x0000000089000000, 0x0000000089100000|  0%| F|  |TAMS 0x0000000089000000, 0x0000000089000000| Untracked 
|  83|0x0000000089100000, 0x0000000089100000, 0x0000000089200000|  0%| F|  |TAMS 0x0000000089100000, 0x0000000089100000| Untracked 
|  84|0x0000000089200000, 0x0000000089200000, 0x0000000089300000|  0%| F|  |TAMS 0x0000000089200000, 0x0000000089200000| Untracked 
|  85|0x0000000089300000, 0x0000000089300000, 0x0000000089400000|  0%| F|  |TAMS 0x0000000089300000, 0x0000000089300000| Untracked 
|  86|0x0000000089400000, 0x0000000089400000, 0x0000000089500000|  0%| F|  |TAMS 0x0000000089400000, 0x0000000089400000| Untracked 
|  87|0x0000000089500000, 0x0000000089500000, 0x0000000089600000|  0%| F|  |TAMS 0x0000000089500000, 0x0000000089500000| Untracked 
|  88|0x0000000089600000, 0x0000000089600000, 0x0000000089700000|  0%| F|  |TAMS 0x0000000089600000, 0x0000000089600000| Untracked 
|  89|0x0000000089700000, 0x0000000089700000, 0x0000000089800000|  0%| F|  |TAMS 0x0000000089700000, 0x0000000089700000| Untracked 
|  90|0x0000000089800000, 0x0000000089800000, 0x0000000089900000|  0%| F|  |TAMS 0x0000000089800000, 0x0000000089800000| Untracked 
|  91|0x0000000089900000, 0x0000000089900000, 0x0000000089a00000|  0%| F|  |TAMS 0x0000000089900000, 0x0000000089900000| Untracked 
|  92|0x0000000089a00000, 0x0000000089a00000, 0x0000000089b00000|  0%| F|  |TAMS 0x0000000089a00000, 0x0000000089a00000| Untracked 
|  93|0x0000000089b00000, 0x0000000089b00000, 0x0000000089c00000|  0%| F|  |TAMS 0x0000000089b00000, 0x0000000089b00000| Untracked 
|  94|0x0000000089c00000, 0x0000000089c00000, 0x0000000089d00000|  0%| F|  |TAMS 0x0000000089c00000, 0x0000000089c00000| Untracked 
|  95|0x0000000089d00000, 0x0000000089d00000, 0x0000000089e00000|  0%| F|  |TAMS 0x0000000089d00000, 0x0000000089d00000| Untracked 
|  96|0x0000000089e00000, 0x0000000089e00000, 0x0000000089f00000|  0%| F|  |TAMS 0x0000000089e00000, 0x0000000089e00000| Untracked 
|  97|0x0000000089f00000, 0x0000000089f00000, 0x000000008a000000|  0%| F|  |TAMS 0x0000000089f00000, 0x0000000089f00000| Untracked 
|  98|0x000000008a000000, 0x000000008a000000, 0x000000008a100000|  0%| F|  |TAMS 0x000000008a000000, 0x000000008a000000| Untracked 
|  99|0x000000008a100000, 0x000000008a100000, 0x000000008a200000|  0%| F|  |TAMS 0x000000008a100000, 0x000000008a100000| Untracked 
| 100|0x000000008a200000, 0x000000008a300000, 0x000000008a300000|100%| S|  |TAMS 0x000000008a200000, 0x000000008a200000| Complete 
| 101|0x000000008a300000, 0x000000008a400000, 0x000000008a400000|100%| S|  |TAMS 0x000000008a300000, 0x000000008a300000| Complete 
| 102|0x000000008a400000, 0x000000008a500000, 0x000000008a500000|100%| S|  |TAMS 0x000000008a400000, 0x000000008a400000| Complete 
| 103|0x000000008a500000, 0x000000008a600000, 0x000000008a600000|100%| E|CS|TAMS 0x000000008a500000, 0x000000008a500000| Complete 
| 104|0x000000008a600000, 0x000000008a700000, 0x000000008a700000|100%| E|CS|TAMS 0x000000008a600000, 0x000000008a600000| Complete 
| 105|0x000000008a700000, 0x000000008a800000, 0x000000008a800000|100%| E|CS|TAMS 0x000000008a700000, 0x000000008a700000| Complete 
| 106|0x000000008a800000, 0x000000008a900000, 0x000000008a900000|100%| E|CS|TAMS 0x000000008a800000, 0x000000008a800000| Complete 
| 107|0x000000008a900000, 0x000000008aa00000, 0x000000008aa00000|100%| E|CS|TAMS 0x000000008a900000, 0x000000008a900000| Complete 
| 108|0x000000008aa00000, 0x000000008ab00000, 0x000000008ab00000|100%| E|CS|TAMS 0x000000008aa00000, 0x000000008aa00000| Complete 
| 109|0x000000008ab00000, 0x000000008ac00000, 0x000000008ac00000|100%| E|CS|TAMS 0x000000008ab00000, 0x000000008ab00000| Complete 
| 110|0x000000008ac00000, 0x000000008ad00000, 0x000000008ad00000|100%| E|CS|TAMS 0x000000008ac00000, 0x000000008ac00000| Complete 
| 111|0x000000008ad00000, 0x000000008ae00000, 0x000000008ae00000|100%| E|CS|TAMS 0x000000008ad00000, 0x000000008ad00000| Complete 
| 112|0x000000008ae00000, 0x000000008af00000, 0x000000008af00000|100%| E|CS|TAMS 0x000000008ae00000, 0x000000008ae00000| Complete 
| 113|0x000000008af00000, 0x000000008b000000, 0x000000008b000000|100%| E|CS|TAMS 0x000000008af00000, 0x000000008af00000| Complete 
| 114|0x000000008b000000, 0x000000008b100000, 0x000000008b100000|100%| E|CS|TAMS 0x000000008b000000, 0x000000008b000000| Complete 
| 115|0x000000008b100000, 0x000000008b200000, 0x000000008b200000|100%| E|CS|TAMS 0x000000008b100000, 0x000000008b100000| Complete 
| 116|0x000000008b200000, 0x000000008b300000, 0x000000008b300000|100%| E|CS|TAMS 0x000000008b200000, 0x000000008b200000| Complete 
| 117|0x000000008b300000, 0x000000008b400000, 0x000000008b400000|100%| E|CS|TAMS 0x000000008b300000, 0x000000008b300000| Complete 
| 118|0x000000008b400000, 0x000000008b500000, 0x000000008b500000|100%| E|CS|TAMS 0x000000008b400000, 0x000000008b400000| Complete 
| 119|0x000000008b500000, 0x000000008b600000, 0x000000008b600000|100%| E|CS|TAMS 0x000000008b500000, 0x000000008b500000| Complete 
| 120|0x000000008b600000, 0x000000008b700000, 0x000000008b700000|100%| E|CS|TAMS 0x000000008b600000, 0x000000008b600000| Complete 
| 121|0x000000008b700000, 0x000000008b800000, 0x000000008b800000|100%| E|CS|TAMS 0x000000008b700000, 0x000000008b700000| Complete 
| 122|0x000000008b800000, 0x000000008b900000, 0x000000008b900000|100%| E|CS|TAMS 0x000000008b800000, 0x000000008b800000| Complete 
| 123|0x000000008b900000, 0x000000008ba00000, 0x000000008ba00000|100%| E|CS|TAMS 0x000000008b900000, 0x000000008b900000| Complete 
| 124|0x000000008ba00000, 0x000000008bb00000, 0x000000008bb00000|100%| E|CS|TAMS 0x000000008ba00000, 0x000000008ba00000| Complete 
| 125|0x000000008bb00000, 0x000000008bc00000, 0x000000008bc00000|100%| E|CS|TAMS 0x000000008bb00000, 0x000000008bb00000| Complete 
|1984|0x00000000ffe00000, 0x00000000ffe76000, 0x00000000fff00000| 46%|OA|  |TAMS 0x00000000ffe00000, 0x00000000ffe00000| Untracked 
|1985|0x00000000fff00000, 0x00000000fff82000, 0x0000000100000000| 50%|CA|  |TAMS 0x00000000fff00000, 0x00000000fff00000| Untracked 

Card table byte_map: [0x00007f93f9391000,0x00007f93f9772000] _byte_map_base: 0x00007f93f8f72000

Marking Bits (Prev, Next): (CMBitMap*) 0x00007f94100659c0, (CMBitMap*) 0x00007f9410065a00
 Prev Bits: [0x00007f93f70a8000, 0x00007f93f8fb0000)
 Next Bits: [0x00007f93f51a0000, 0x00007f93f70a8000)

Polling page: 0x00007f9416893000

Metaspace:

Usage:
  Non-class:      4,97 MB used.
      Class:    677,38 KB used.
       Both:      5,63 MB used.

Virtual space:
  Non-class space:        8,00 MB reserved,       5,06 MB ( 63%) committed,  1 nodes.
      Class space:        1,00 GB reserved,     768,00 KB ( <1%) committed,  1 nodes.
             Both:        1,01 GB reserved,       5,81 MB ( <1%) committed. 

Chunk freelists:
   Non-Class:  1,41 MB
       Class:  3,06 MB
        Both:  4,47 MB

MaxMetaspaceSize: unlimited
CompressedClassSpaceSize: 1,00 GB
Initial GC threshold: 21,00 MB
Current GC threshold: 21,00 MB
CDS: on
MetaspaceReclaimPolicy: balanced
 - commit_granule_bytes: 65536.
 - commit_granule_words: 8192.
 - virtual_space_node_default_size: 1048576.
 - enlarge_chunks_in_place: 1.
 - new_chunks_are_fully_committed: 0.
 - uncommit_free_chunks: 1.
 - use_allocation_guard: 0.
 - handle_deallocations: 1.


Internal statistics:

num_allocs_failed_limit: 0.
num_arena_births: 18.
num_arena_deaths: 0.
num_vsnodes_births: 2.
num_vsnodes_deaths: 0.
num_space_committed: 93.
num_space_uncommitted: 0.
num_chunks_returned_to_freelist: 0.
num_chunks_taken_from_freelist: 150.
num_chunk_merges: 0.
num_chunk_splits: 107.
num_chunks_enlarged: 96.
num_purges: 0.
num_inconsistent_stats: 0.

CodeHeap 'non-profiled nmethods': size=120028Kb used=334Kb max_used=334Kb free=119693Kb
 bounds [0x00007f940123b000, 0x00007f94014ab000, 0x00007f9408772000]
CodeHeap 'profiled nmethods': size=120028Kb used=1951Kb max_used=1951Kb free=118076Kb
 bounds [0x00007f93f9d04000, 0x00007f93f9f74000, 0x00007f940123b000]
CodeHeap 'non-nmethods': size=5704Kb used=1140Kb max_used=1166Kb free=4563Kb
 bounds [0x00007f93f9772000, 0x00007f93f99e2000, 0x00007f93f9d04000]
 total_blobs=1405 nmethods=971 adapters=349
 compilation: enabled
              stopped_count=0, restarted_count=0
 full_count=0

Compilation events (20 events):
Event: 0,991 Thread 0x00007f941012e550  986       2       org.eclipse.sisu.plexus.PlexusXmlScanner::TEXT (10 bytes)
Event: 0,992 Thread 0x00007f941012e550 nmethod 986 0x00007f93f9ee5b10 code [0x00007f93f9ee5ce0, 0x00007f93f9ee5e80]
Event: 0,992 Thread 0x00007f941012e550  987       2       org.codehaus.plexus.util.xml.pull.MXParser::nextText (103 bytes)
Event: 0,993 Thread 0x00007f941012e550 nmethod 987 0x00007f93f9ee6010 code [0x00007f93f9ee6280, 0x00007f93f9ee6900]
Event: 0,999 Thread 0x00007f941012e550  989       2       java.util.Collections::emptyMap (4 bytes)
Event: 0,999 Thread 0x00007f941012e550 nmethod 989 0x00007f93f9ee6c90 code [0x00007f93f9ee6e20, 0x00007f93f9ee6f10]
Event: 1,006 Thread 0x00007f941012e550  990       2       org.codehaus.plexus.util.xml.pull.MXParser::require (443 bytes)
Event: 1,013 Thread 0x00007f941012e550 nmethod 990 0x00007f93f9ee6f90 code [0x00007f93f9ee7540, 0x00007f93f9ee8a50]
Event: 1,013 Thread 0x00007f941012e550  991 %     3       org.codehaus.plexus.util.InterpolationFilterReader::read @ 3 (48 bytes)
Event: 1,013 Thread 0x00007f941012e550 nmethod 991% 0x00007f93f9ee9710 code [0x00007f93f9ee98e0, 0x00007f93f9ee9c80]
Event: 1,017 Thread 0x00007f941012e550  992       3       org.codehaus.plexus.util.InterpolationFilterReader::read (48 bytes)
Event: 1,018 Thread 0x00007f941012e550 nmethod 992 0x00007f93f9ee9e10 code [0x00007f93f9ee9fe0, 0x00007f93f9eea300]
Event: 1,020 Thread 0x00007f93b80d5340 nmethod 948 0x00007f9401289590 code [0x00007f9401289960, 0x00007f940128ca58]
Event: 1,020 Thread 0x00007f93b80d5340  959       4       org.codehaus.plexus.util.xml.pull.MXParser::more (79 bytes)
Event: 1,022 Thread 0x00007f93b80d5340 nmethod 959 0x00007f940128e790 code [0x00007f940128e920, 0x00007f940128ea48]
Event: 1,022 Thread 0x00007f93b80d5340  967       4       java.lang.StringLatin1::inflate (34 bytes)
Event: 1,023 Thread 0x00007f941012e550  993   !   2       java.util.jar.JarFile::getManifestFromReference (197 bytes)
Event: 1,025 Thread 0x00007f941012e550 nmethod 993 0x00007f93f9eea490 code [0x00007f93f9eea780, 0x00007f93f9eeb3f0]
Event: 1,025 Thread 0x00007f941012e550  994       2       jdk.internal.loader.URLClassPath$JarLoader$2::getInputStream (15 bytes)
Event: 1,025 Thread 0x00007f941012e550 nmethod 994 0x00007f93f9eebb10 code [0x00007f93f9eebcc0, 0x00007f93f9eebde0]

GC Heap History (1 events):
Event: 1,026 GC heap before
{Heap before GC invocations=0 (full 0):
 garbage-first heap   total 131072K, used 24544K [0x0000000083e00000, 0x0000000100000000)
  region size 1024K, 23 young (23552K), 0 survivors (0K)
 Metaspace       used 5763K, committed 5952K, reserved 1056768K
  class space    used 677K, committed 768K, reserved 1048576K
}

Deoptimization events (20 events):
Event: 0,800 Thread 0x00007f9410025ca0 Uncommon trap: trap_request=0xffffffde fr.pc=0x00007f940126ae44 relative=0x0000000000001584
Event: 0,800 Thread 0x00007f9410025ca0 Uncommon trap: reason=class_check action=maybe_recompile pc=0x00007f940126ae44 method=java.util.HashMap.putVal(ILjava/lang/Object;Ljava/lang/Object;ZZ)Ljava/lang/Object; @ 91 c2
Event: 0,800 Thread 0x00007f9410025ca0 DEOPT PACKING pc=0x00007f940126ae44 sp=0x00007f94152ef200
Event: 0,800 Thread 0x00007f9410025ca0 DEOPT UNPACKING pc=0x00007f93f97c4093 sp=0x00007f94152ef158 mode 2
Event: 0,801 Thread 0x00007f9410025ca0 Uncommon trap: trap_request=0xffffffde fr.pc=0x00007f940126ae44 relative=0x0000000000001584
Event: 0,801 Thread 0x00007f9410025ca0 Uncommon trap: reason=class_check action=maybe_recompile pc=0x00007f940126ae44 method=java.util.HashMap.putVal(ILjava/lang/Object;Ljava/lang/Object;ZZ)Ljava/lang/Object; @ 91 c2
Event: 0,801 Thread 0x00007f9410025ca0 DEOPT PACKING pc=0x00007f940126ae44 sp=0x00007f94152ef0e0
Event: 0,801 Thread 0x00007f9410025ca0 DEOPT UNPACKING pc=0x00007f93f97c4093 sp=0x00007f94152ef038 mode 2
Event: 0,893 Thread 0x00007f9410025ca0 DEOPT PACKING pc=0x00007f93f9e564bf sp=0x00007f94152eead0
Event: 0,893 Thread 0x00007f9410025ca0 DEOPT UNPACKING pc=0x00007f93f97c4810 sp=0x00007f94152edf50 mode 0
Event: 0,900 Thread 0x00007f9410025ca0 Uncommon trap: trap_request=0xffffff45 fr.pc=0x00007f940126174c relative=0x00000000000000ac
Event: 0,900 Thread 0x00007f9410025ca0 Uncommon trap: reason=unstable_if action=reinterpret pc=0x00007f940126174c method=org.codehaus.plexus.util.xml.pull.MXParser.more()C @ 8 c2
Event: 0,900 Thread 0x00007f9410025ca0 DEOPT PACKING pc=0x00007f940126174c sp=0x00007f94152ef340
Event: 0,900 Thread 0x00007f9410025ca0 DEOPT UNPACKING pc=0x00007f93f97c4093 sp=0x00007f94152ef2f0 mode 2
Event: 0,934 Thread 0x00007f9410025ca0 Uncommon trap: trap_request=0xffffffc6 fr.pc=0x00007f9401286f98 relative=0x00000000000015d8
Event: 0,934 Thread 0x00007f9410025ca0 Uncommon trap: reason=bimorphic_or_optimized_type_check action=maybe_recompile pc=0x00007f9401286f98 method=java.util.HashMap.putVal(ILjava/lang/Object;Ljava/lang/Object;ZZ)Ljava/lang/Object; @ 91 c2
Event: 0,934 Thread 0x00007f9410025ca0 DEOPT PACKING pc=0x00007f9401286f98 sp=0x00007f94152ef3e0
Event: 0,934 Thread 0x00007f9410025ca0 DEOPT UNPACKING pc=0x00007f93f97c4093 sp=0x00007f94152ef338 mode 2
Event: 0,966 Thread 0x00007f9410025ca0 DEOPT PACKING pc=0x00007f93f9d6393c sp=0x00007f94152ef0b0
Event: 0,966 Thread 0x00007f9410025ca0 DEOPT UNPACKING pc=0x00007f93f97c4810 sp=0x00007f94152ee580 mode 0

Classes unloaded (0 events):
No events

Classes redefined (0 events):
No events

Internal exceptions (3 events):
Event: 0,184 Thread 0x00007f94101b1f50 Exception <a 'java/lang/NoSuchMethodError'{0x000000008ba79348}: 'java.lang.Object java.lang.invoke.DirectMethodHandle$Holder.invokeStaticInit(java.lang.Object)'> (0x000000008ba79348) 
thrown [open/src/hotspot/share/interpreter/linkResolver.cpp, line 765]
Event: 0,196 Thread 0x00007f94101b1f50 Exception <a 'java/lang/NoSuchMethodError'{0x000000008ba87980}: 'void java.lang.invoke.DirectMethodHandle$Holder.invokeStatic(java.lang.Object, java.lang.Object)'> (0x000000008ba87980) 
thrown [open/src/hotspot/share/interpreter/linkResolver.cpp, line 765]
Event: 0,835 Thread 0x00007f9410025ca0 Exception <a 'java/lang/NoSuchMethodError'{0x000000008adc2290}: 'java.lang.Object java.lang.invoke.DirectMethodHandle$Holder.newInvokeSpecial(java.lang.Object, java.lang.Object, java.lang.Object, java.lang.Object, java.lang.Object)'> (0x000000008adc2290) 
thrown [open/src/hotspot/share/interpreter/linkResolver.cpp, line 765]

VM Operations (11 events):
Event: 0,123 Executing VM operation: HandshakeAllThreads
Event: 0,124 Executing VM operation: HandshakeAllThreads done
Event: 0,181 Executing VM operation: HandshakeAllThreads
Event: 0,181 Executing VM operation: HandshakeAllThreads done
Event: 0,375 Executing VM operation: HandshakeAllThreads
Event: 0,375 Executing VM operation: HandshakeAllThreads done
Event: 0,440 Executing VM operation: HandshakeAllThreads
Event: 0,440 Executing VM operation: HandshakeAllThreads done
Event: 0,910 Executing VM operation: ICBufferFull
Event: 0,910 Executing VM operation: ICBufferFull done
Event: 1,025 Executing VM operation: G1CollectForAllocation

Events (20 events):
Event: 0,876 loading class sun/reflect/generics/repository/AbstractRepository
Event: 0,876 loading class sun/reflect/generics/repository/AbstractRepository done
Event: 0,876 loading class sun/reflect/generics/repository/GenericDeclRepository done
Event: 0,876 loading class sun/reflect/generics/repository/ClassRepository done
Event: 0,877 loading class sun/reflect/generics/tree/FormalTypeParameter
Event: 0,877 loading class sun/reflect/generics/tree/FormalTypeParameter done
Event: 0,877 loading class sun/reflect/generics/tree/ClassSignature
Event: 0,877 loading class sun/reflect/generics/tree/Signature
Event: 0,877 loading class sun/reflect/generics/tree/Signature done
Event: 0,877 loading class sun/reflect/generics/tree/ClassSignature done
Event: 0,877 loading class java/lang/reflect/TypeVariable
Event: 0,877 loading class java/lang/reflect/TypeVariable done
Event: 0,877 loading class java/lang/reflect/WildcardType
Event: 0,877 loading class java/lang/reflect/WildcardType done
Event: 0,880 loading class sun/reflect/generics/tree/TypeVariableSignature
Event: 0,880 loading class sun/reflect/generics/tree/TypeVariableSignature done
Event: 0,894 loading class java/lang/annotation/IncompleteAnnotationException
Event: 0,894 loading class java/lang/annotation/IncompleteAnnotationException done
Event: 0,958 loading class jdk/internal/access/foreign/MemorySegmentProxy
Event: 0,958 loading class jdk/internal/access/foreign/MemorySegmentProxy done


Dynamic libraries:
83e00000-8bc00000 rw-p 00000000 00:00 0 
8bc00000-ffe00000 ---p 00000000 00:00 0 
ffe00000-ffe76000 rw-p 00c94000 08:05 14288761                           /home/oliv/.jdks/openjdk-17/lib/server/classes.jsa
ffe76000-fff00000 rw-p 00000000 00:00 0 
fff00000-fff82000 rw-p 00c12000 08:05 14288761                           /home/oliv/.jdks/openjdk-17/lib/server/classes.jsa
fff82000-100000000 rw-p 00000000 00:00 0 
800000000-80043e000 rw-p 00001000 08:05 14288761                         /home/oliv/.jdks/openjdk-17/lib/server/classes.jsa
80043e000-800bd9000 r--p 0043f000 08:05 14288761                         /home/oliv/.jdks/openjdk-17/lib/server/classes.jsa
800bd9000-800c00000 ---p 00000000 00:00 0 
800c00000-800c40000 rw-p 00000000 00:00 0 
800c40000-800cb0000 rw-p 00000000 00:00 0 
800cb0000-800cc0000 ---p 00000000 00:00 0 
800cc0000-800cd0000 rw-p 00000000 00:00 0 
800cd0000-840c00000 ---p 00000000 00:00 0 
5568b78c6000-5568b78c7000 r-xp 00000000 08:05 14288265                   /home/oliv/.jdks/openjdk-17/bin/java
5568b78c8000-5568b78c9000 r--p 00001000 08:05 14288265                   /home/oliv/.jdks/openjdk-17/bin/java
5568b78c9000-5568b78ca000 rw-p 00002000 08:05 14288265                   /home/oliv/.jdks/openjdk-17/bin/java
5568b8996000-5568b89b7000 rw-p 00000000 00:00 0                          [heap]
7f9398000000-7f9398021000 rw-p 00000000 00:00 0 
7f9398021000-7f939c000000 ---p 00000000 00:00 0 
7f93a0000000-7f93a041d000 rw-p 00000000 00:00 0 
7f93a041d000-7f93a4000000 ---p 00000000 00:00 0 
7f93a4000000-7f93a4025000 rw-p 00000000 00:00 0 
7f93a4025000-7f93a8000000 ---p 00000000 00:00 0 
7f93a8000000-7f93a8021000 rw-p 00000000 00:00 0 
7f93a8021000-7f93ac000000 ---p 00000000 00:00 0 
7f93ac000000-7f93ac021000 rw-p 00000000 00:00 0 
7f93ac021000-7f93b0000000 ---p 00000000 00:00 0 
7f93b0000000-7f93b0021000 rw-p 00000000 00:00 0 
7f93b0021000-7f93b4000000 ---p 00000000 00:00 0 
7f93b4000000-7f93b4021000 rw-p 00000000 00:00 0 
7f93b4021000-7f93b8000000 ---p 00000000 00:00 0 
7f93b8000000-7f93b83bf000 rw-p 00000000 00:00 0 
7f93b83bf000-7f93bc000000 ---p 00000000 00:00 0 
7f93bc000000-7f93bc021000 rw-p 00000000 00:00 0 
7f93bc021000-7f93c0000000 ---p 00000000 00:00 0 
7f93c0000000-7f93c0021000 rw-p 00000000 00:00 0 
7f93c0021000-7f93c4000000 ---p 00000000 00:00 0 
7f93c4000000-7f93c4375000 rw-p 00000000 00:00 0 
7f93c4375000-7f93c8000000 ---p 00000000 00:00 0 
7f93c8000000-7f93c8021000 rw-p 00000000 00:00 0 
7f93c8021000-7f93cc000000 ---p 00000000 00:00 0 
7f93cc000000-7f93cc021000 rw-p 00000000 00:00 0 
7f93cc021000-7f93d0000000 ---p 00000000 00:00 0 
7f93d0000000-7f93d0021000 rw-p 00000000 00:00 0 
7f93d0021000-7f93d4000000 ---p 00000000 00:00 0 
7f93d4000000-7f93d4021000 rw-p 00000000 00:00 0 
7f93d4021000-7f93d8000000 ---p 00000000 00:00 0 
7f93d8000000-7f93d8021000 rw-p 00000000 00:00 0 
7f93d8021000-7f93dc000000 ---p 00000000 00:00 0 
7f93dc000000-7f93dc021000 rw-p 00000000 00:00 0 
7f93dc021000-7f93e0000000 ---p 00000000 00:00 0 
7f93e0000000-7f93e0021000 rw-p 00000000 00:00 0 
7f93e0021000-7f93e4000000 ---p 00000000 00:00 0 
7f93e444f000-7f93e47fc000 rw-p 00000000 00:00 0 
7f93e47fc000-7f93e47fd000 ---p 00000000 00:00 0 
7f93e47fd000-7f93e48fe000 rw-p 00000000 00:00 0 
7f93e48fe000-7f93e48ff000 ---p 00000000 00:00 0 
7f93e48ff000-7f93e4a00000 rw-p 00000000 00:00 0 
7f93e4a00000-7f93e4a03000 r-xp 00000000 00:2a 218                        /tmp/libjansi-1.17.1-13847812634458018238.so
7f93e4a03000-7f93e4c02000 ---p 00003000 00:2a 218                        /tmp/libjansi-1.17.1-13847812634458018238.so
7f93e4c02000-7f93e4c03000 rw-p 00002000 00:2a 218                        /tmp/libjansi-1.17.1-13847812634458018238.so
7f93e4cc1000-7f93e4cce000 r-xp 00000000 08:05 14288750                   /home/oliv/.jdks/openjdk-17/lib/libverify.so
7f93e4cce000-7f93e4cd0000 r--p 0000c000 08:05 14288750                   /home/oliv/.jdks/openjdk-17/lib/libverify.so
7f93e4cd0000-7f93e4cd1000 rw-p 0000e000 08:05 14288750                   /home/oliv/.jdks/openjdk-17/lib/libverify.so
7f93e4cd1000-7f93e4cd5000 ---p 00000000 00:00 0 
7f93e4cd5000-7f93e4dd1000 rw-p 00000000 00:00 0 
7f93e4dd1000-7f93e4dd2000 ---p 00000000 00:00 0 
7f93e4dd2000-7f93e4ed3000 rw-p 00000000 00:00 0 
7f93e4ed3000-7f93e4ed7000 ---p 00000000 00:00 0 
7f93e4ed7000-7f93e4fd3000 rw-p 00000000 00:00 0 
7f93e4fd3000-7f93e4fd7000 ---p 00000000 00:00 0 
7f93e4fd7000-7f93e50d3000 rw-p 00000000 00:00 0 
7f93e50d3000-7f93e50e8000 r-xp 00000000 08:05 14288741                   /home/oliv/.jdks/openjdk-17/lib/libnet.so
7f93e50e8000-7f93e50e9000 ---p 00015000 08:05 14288741                   /home/oliv/.jdks/openjdk-17/lib/libnet.so
7f93e50e9000-7f93e50ea000 r--p 00015000 08:05 14288741                   /home/oliv/.jdks/openjdk-17/lib/libnet.so
7f93e50ea000-7f93e50eb000 rw-p 00016000 08:05 14288741                   /home/oliv/.jdks/openjdk-17/lib/libnet.so
7f93e50eb000-7f93e50fe000 r-xp 00000000 08:05 14288742                   /home/oliv/.jdks/openjdk-17/lib/libnio.so
7f93e50fe000-7f93e50ff000 r--p 00012000 08:05 14288742                   /home/oliv/.jdks/openjdk-17/lib/libnio.so
7f93e50ff000-7f93e5100000 rw-p 00013000 08:05 14288742                   /home/oliv/.jdks/openjdk-17/lib/libnio.so
7f93e5100000-7f93e5104000 ---p 00000000 00:00 0 
7f93e5104000-7f93e5200000 rw-p 00000000 00:00 0 
7f93e5200000-7f93e5204000 ---p 00000000 00:00 0 
7f93e5204000-7f93e5300000 rw-p 00000000 00:00 0 
7f93e5300000-7f93e5304000 ---p 00000000 00:00 0 
7f93e5304000-7f93e5400000 rw-p 00000000 00:00 0 
7f93e5400000-7f93e5404000 ---p 00000000 00:00 0 
7f93e5404000-7f93e5500000 rw-p 00000000 00:00 0 
7f93e5500000-7f93e5504000 ---p 00000000 00:00 0 
7f93e5504000-7f93e5600000 rw-p 00000000 00:00 0 
7f93e5600000-7f93e5604000 ---p 00000000 00:00 0 
7f93e5604000-7f93e5700000 rw-p 00000000 00:00 0 
7f93e5700000-7f93e5704000 ---p 00000000 00:00 0 
7f93e5704000-7f93e5a70000 rw-p 00000000 00:00 0 
7f93e5a70000-7f93e5c00000 ---p 00000000 00:00 0 
7f93e5c00000-7f93e5ea0000 rw-p 00000000 00:00 0 
7f93e5ea0000-7f93e6000000 ---p 00000000 00:00 0 
7f93e6000000-7f93e8000000 rw-p 00000000 00:00 0 
7f93e8000000-7f93e8021000 rw-p 00000000 00:00 0 
7f93e8021000-7f93ec000000 ---p 00000000 00:00 0 
7f93ec000000-7f93ec021000 rw-p 00000000 00:00 0 
7f93ec021000-7f93f0000000 ---p 00000000 00:00 0 
7f93f0000000-7f93f0021000 rw-p 00000000 00:00 0 
7f93f0021000-7f93f4000000 ---p 00000000 00:00 0 
7f93f4002000-7f93f4003000 r--p 00000000 08:05 10417263                   /usr/lib/x86_64-linux-gnu/libutil.so.1
7f93f4003000-7f93f4004000 r-xp 00001000 08:05 10417263                   /usr/lib/x86_64-linux-gnu/libutil.so.1
7f93f4004000-7f93f4005000 r--p 00002000 08:05 10417263                   /usr/lib/x86_64-linux-gnu/libutil.so.1
7f93f4005000-7f93f4006000 r--p 00002000 08:05 10417263                   /usr/lib/x86_64-linux-gnu/libutil.so.1
7f93f4006000-7f93f4007000 rw-p 00003000 08:05 10417263                   /usr/lib/x86_64-linux-gnu/libutil.so.1
7f93f4007000-7f93f4009000 r-xp 00000000 08:05 14288721                   /home/oliv/.jdks/openjdk-17/lib/libextnet.so
7f93f4009000-7f93f400a000 r--p 00001000 08:05 14288721                   /home/oliv/.jdks/openjdk-17/lib/libextnet.so
7f93f400a000-7f93f400b000 rw-p 00002000 08:05 14288721                   /home/oliv/.jdks/openjdk-17/lib/libextnet.so
7f93f400b000-7f93f4012000 r-xp 00000000 08:05 14288751                   /home/oliv/.jdks/openjdk-17/lib/libzip.so
7f93f4012000-7f93f4013000 ---p 00007000 08:05 14288751                   /home/oliv/.jdks/openjdk-17/lib/libzip.so
7f93f4013000-7f93f4014000 r--p 00007000 08:05 14288751                   /home/oliv/.jdks/openjdk-17/lib/libzip.so
7f93f4014000-7f93f4015000 rw-p 00008000 08:05 14288751                   /home/oliv/.jdks/openjdk-17/lib/libzip.so
7f93f4015000-7f93f406c000 r--p 00000000 08:05 14432883                   /usr/share/runtime/locale/fr/lib/fr_FR.utf8/LC_CTYPE
7f93f406c000-7f93f406d000 r--p 00000000 08:05 10493092                   /usr/share/runtime/locale/fr/lib/fr_FR.utf8/LC_NUMERIC
7f93f406d000-7f93f406e000 r--p 00000000 08:05 10489042                   /usr/share/runtime/locale/fr/lib/fr_FR.utf8/LC_TIME
7f93f406e000-7f93f42e6000 r--p 00000000 08:05 10492563                   /usr/share/runtime/locale/fr/lib/fr_FR.utf8/LC_COLLATE
7f93f42e6000-7f93f42ea000 ---p 00000000 00:00 0 
7f93f42ea000-7f93f43e6000 rw-p 00000000 00:00 0 
7f93f43e6000-7f93f43ea000 ---p 00000000 00:00 0 
7f93f43ea000-7f93f44e6000 rw-p 00000000 00:00 0 
7f93f44e6000-7f93f44e7000 ---p 00000000 00:00 0 
7f93f44e7000-7f93f45e8000 rw-p 00000000 00:00 0 
7f93f45e8000-7f93f46b6000 r-xp 00000000 08:05 14288748                   /home/oliv/.jdks/openjdk-17/lib/libsvml.so
7f93f46b6000-7f93f46b7000 r--p 000cd000 08:05 14288748                   /home/oliv/.jdks/openjdk-17/lib/libsvml.so
7f93f46b7000-7f93f46b8000 rw-p 000ce000 08:05 14288748                   /home/oliv/.jdks/openjdk-17/lib/libsvml.so
7f93f46b8000-7f93f4794000 rw-p 00000000 00:00 0 
7f93f4794000-7f93f4795000 ---p 00000000 00:00 0 
7f93f4795000-7f93f4896000 rw-p 00000000 00:00 0 
7f93f4896000-7f93f4897000 ---p 00000000 00:00 0 
7f93f4897000-7f93f5398000 rw-p 00000000 00:00 0 
7f93f5398000-7f93f70a0000 ---p 00000000 00:00 0 
7f93f70a0000-7f93f72a0000 rw-p 00000000 00:00 0 
7f93f72a0000-7f93f8fa8000 ---p 00000000 00:00 0 
7f93f8fa8000-7f93f8fef000 rw-p 00000000 00:00 0 
7f93f8fef000-7f93f9390000 ---p 00000000 00:00 0 
7f93f9390000-7f93f93d0000 rw-p 00000000 00:00 0 
7f93f93d0000-7f93f9771000 ---p 00000000 00:00 0 
7f93f9771000-7f93f9772000 rw-p 00000000 00:00 0 
7f93f9772000-7f93f99e2000 rwxp 00000000 00:00 0 
7f93f99e2000-7f93f9d04000 ---p 00000000 00:00 0 
7f93f9d04000-7f93f9f74000 rwxp 00000000 00:00 0 
7f93f9f74000-7f940123b000 ---p 00000000 00:00 0 
7f940123b000-7f94014ab000 rwxp 00000000 00:00 0 
7f94014ab000-7f9408772000 ---p 00000000 00:00 0 
7f9408772000-7f9410000000 r--s 00000000 08:05 14288752                   /home/oliv/.jdks/openjdk-17/lib/modules
7f9410000000-7f94105b8000 rw-p 00000000 00:00 0 
7f94105b8000-7f9414000000 ---p 00000000 00:00 0 
7f9414000000-7f9414001000 r--p 00000000 08:05 10488950                   /usr/share/runtime/locale/fr/lib/fr_FR.utf8/LC_MONETARY
7f9414001000-7f9414002000 r--p 00000000 08:05 10491911                   /usr/share/runtime/locale/fr/lib/fr_FR.utf8/LC_MESSAGES/SYS_LC_MESSAGES
7f9414002000-7f9414003000 r--p 00000000 08:05 10488849                   /usr/share/runtime/locale/fr/lib/fr_FR.utf8/LC_PAPER
7f9414003000-7f9414004000 r--p 00000000 08:05 10489751                   /usr/share/runtime/locale/fr/lib/fr_FR.utf8/LC_NAME
7f9414004000-7f9414005000 r--p 00000000 08:05 10491629                   /usr/share/runtime/locale/fr/lib/fr_FR.utf8/LC_ADDRESS
7f9414005000-7f941400c000 r--s 00000000 08:05 10408761                   /usr/lib/x86_64-linux-gnu/gconv/gconv-modules.cache
7f941400c000-7f941404d000 rw-p 00000000 00:00 0 
7f941404d000-7f941404e000 ---p 00000000 00:00 0 
7f941404e000-7f941414f000 rw-p 00000000 00:00 0 
7f941414f000-7f9414150000 ---p 00000000 00:00 0 
7f9414150000-7f9414251000 rw-p 00000000 00:00 0 
7f9414251000-7f9414252000 ---p 00000000 00:00 0 
7f9414252000-7f9414413000 rw-p 00000000 00:00 0 
7f9414413000-7f94147b4000 ---p 00000000 00:00 0 
7f94147b4000-7f9414fc2000 rw-p 00000000 00:00 0 
7f9414fc2000-7f94150a8000 ---p 00000000 00:00 0 
7f94150a8000-7f94150ad000 rw-p 00000000 00:00 0 
7f94150ad000-7f9415193000 ---p 00000000 00:00 0 
7f9415193000-7f9415198000 rw-p 00000000 00:00 0 
7f9415198000-7f941519f000 ---p 00000000 00:00 0 
7f941519f000-7f94151c3000 r-xp 00000000 08:05 14288728                   /home/oliv/.jdks/openjdk-17/lib/libjava.so
7f94151c3000-7f94151c4000 ---p 00024000 08:05 14288728                   /home/oliv/.jdks/openjdk-17/lib/libjava.so
7f94151c4000-7f94151c5000 r--p 00024000 08:05 14288728                   /home/oliv/.jdks/openjdk-17/lib/libjava.so
7f94151c5000-7f94151c6000 rw-p 00025000 08:05 14288728                   /home/oliv/.jdks/openjdk-17/lib/libjava.so
7f94151c6000-7f94151c7000 rw-p 00000000 00:00 0 
7f94151c7000-7f94151d1000 r-xp 00000000 08:05 14288723                   /home/oliv/.jdks/openjdk-17/lib/libinstrument.so
7f94151d1000-7f94151d2000 r--p 00009000 08:05 14288723                   /home/oliv/.jdks/openjdk-17/lib/libinstrument.so
7f94151d2000-7f94151d3000 rw-p 0000a000 08:05 14288723                   /home/oliv/.jdks/openjdk-17/lib/libinstrument.so
7f94151d3000-7f94151ee000 r-xp 00000000 08:05 14288732                   /home/oliv/.jdks/openjdk-17/lib/libjimage.so
7f94151ee000-7f94151ef000 ---p 0001b000 08:05 14288732                   /home/oliv/.jdks/openjdk-17/lib/libjimage.so
7f94151ef000-7f94151f1000 r--p 0001b000 08:05 14288732                   /home/oliv/.jdks/openjdk-17/lib/libjimage.so
7f94151f1000-7f94151f2000 rw-p 0001d000 08:05 14288732                   /home/oliv/.jdks/openjdk-17/lib/libjimage.so
7f94151f2000-7f94151f6000 ---p 00000000 00:00 0 
7f94151f6000-7f94152f2000 rw-p 00000000 00:00 0 
7f94152f2000-7f9415300000 r--p 00000000 08:05 10415010                   /usr/lib/x86_64-linux-gnu/libm.so.6
7f9415300000-7f9415376000 r-xp 0000e000 08:05 10415010                   /usr/lib/x86_64-linux-gnu/libm.so.6
7f9415376000-7f94153d3000 r--p 00084000 08:05 10415010                   /usr/lib/x86_64-linux-gnu/libm.so.6
7f94153d3000-7f94153d4000 r--p 000e0000 08:05 10415010                   /usr/lib/x86_64-linux-gnu/libm.so.6
7f94153d4000-7f94153d5000 rw-p 000e1000 08:05 10415010                   /usr/lib/x86_64-linux-gnu/libm.so.6
7f94153d5000-7f94153d6000 r--p 00000000 08:05 10417319                   /usr/lib/x86_64-linux-gnu/librt.so.1
7f94153d6000-7f94153d7000 r-xp 00001000 08:05 10417319                   /usr/lib/x86_64-linux-gnu/librt.so.1
7f94153d7000-7f94153d8000 r--p 00002000 08:05 10417319                   /usr/lib/x86_64-linux-gnu/librt.so.1
7f94153d8000-7f94153d9000 r--p 00002000 08:05 10417319                   /usr/lib/x86_64-linux-gnu/librt.so.1
7f94153d9000-7f94153da000 rw-p 00003000 08:05 10417319                   /usr/lib/x86_64-linux-gnu/librt.so.1
7f94153da000-7f9416500000 r-xp 00000000 08:05 14288764                   /home/oliv/.jdks/openjdk-17/lib/server/libjvm.so
7f9416500000-7f9416501000 ---p 01126000 08:05 14288764                   /home/oliv/.jdks/openjdk-17/lib/server/libjvm.so
7f9416501000-7f94165b6000 r--p 01126000 08:05 14288764                   /home/oliv/.jdks/openjdk-17/lib/server/libjvm.so
7f94165b6000-7f94165e9000 rw-p 011db000 08:05 14288764                   /home/oliv/.jdks/openjdk-17/lib/server/libjvm.so
7f94165e9000-7f9416645000 rw-p 00000000 00:00 0 
7f9416645000-7f941666d000 r--p 00000000 08:05 10420242                   /usr/lib/x86_64-linux-gnu/libc.so.6
7f941666d000-7f94167ed000 r-xp 00028000 08:05 10420242                   /usr/lib/x86_64-linux-gnu/libc.so.6
7f94167ed000-7f941683f000 r--p 001a8000 08:05 10420242                   /usr/lib/x86_64-linux-gnu/libc.so.6
7f941683f000-7f9416843000 r--p 001f9000 08:05 10420242                   /usr/lib/x86_64-linux-gnu/libc.so.6
7f9416843000-7f9416845000 rw-p 001fd000 08:05 10420242                   /usr/lib/x86_64-linux-gnu/libc.so.6
7f9416845000-7f9416852000 rw-p 00000000 00:00 0 
7f9416852000-7f9416853000 r--p 00000000 08:05 10416568                   /usr/lib/x86_64-linux-gnu/libdl.so.2
7f9416853000-7f9416854000 r-xp 00001000 08:05 10416568                   /usr/lib/x86_64-linux-gnu/libdl.so.2
7f9416854000-7f9416855000 r--p 00002000 08:05 10416568                   /usr/lib/x86_64-linux-gnu/libdl.so.2
7f9416855000-7f9416856000 r--p 00002000 08:05 10416568                   /usr/lib/x86_64-linux-gnu/libdl.so.2
7f9416856000-7f9416857000 rw-p 00003000 08:05 10416568                   /usr/lib/x86_64-linux-gnu/libdl.so.2
7f9416857000-7f9416858000 r--p 00000000 08:05 10414679                   /usr/lib/x86_64-linux-gnu/libpthread.so.0
7f9416858000-7f9416859000 r-xp 00001000 08:05 10414679                   /usr/lib/x86_64-linux-gnu/libpthread.so.0
7f9416859000-7f941685a000 r--p 00002000 08:05 10414679                   /usr/lib/x86_64-linux-gnu/libpthread.so.0
7f941685a000-7f941685b000 r--p 00002000 08:05 10414679                   /usr/lib/x86_64-linux-gnu/libpthread.so.0
7f941685b000-7f941685c000 rw-p 00003000 08:05 10414679                   /usr/lib/x86_64-linux-gnu/libpthread.so.0
7f941685c000-7f941686b000 r-xp 00000000 08:05 14288733                   /home/oliv/.jdks/openjdk-17/lib/libjli.so
7f941686b000-7f941686c000 r--p 0000e000 08:05 14288733                   /home/oliv/.jdks/openjdk-17/lib/libjli.so
7f941686c000-7f941686d000 rw-p 0000f000 08:05 14288733                   /home/oliv/.jdks/openjdk-17/lib/libjli.so
7f941686d000-7f9416870000 r--p 00000000 08:05 10379885                   /usr/lib/x86_64-linux-gnu/libz.so.1.2.13
7f9416870000-7f941687f000 r-xp 00003000 08:05 10379885                   /usr/lib/x86_64-linux-gnu/libz.so.1.2.13
7f941687f000-7f9416885000 r--p 00012000 08:05 10379885                   /usr/lib/x86_64-linux-gnu/libz.so.1.2.13
7f9416885000-7f9416886000 ---p 00018000 08:05 10379885                   /usr/lib/x86_64-linux-gnu/libz.so.1.2.13
7f9416886000-7f9416887000 r--p 00018000 08:05 10379885                   /usr/lib/x86_64-linux-gnu/libz.so.1.2.13
7f9416887000-7f9416888000 rw-p 00019000 08:05 10379885                   /usr/lib/x86_64-linux-gnu/libz.so.1.2.13
7f9416888000-7f9416889000 r--p 00000000 08:05 10491431                   /usr/share/runtime/locale/fr/lib/fr_FR.utf8/LC_TELEPHONE
7f9416889000-7f941688a000 r--p 00000000 08:05 10490356                   /usr/share/runtime/locale/fr/lib/fr_FR.utf8/LC_MEASUREMENT
7f941688a000-7f941688b000 r--p 00000000 08:05 10488651                   /usr/share/runtime/locale/fr/lib/fr_FR.utf8/LC_IDENTIFICATION
7f941688b000-7f9416893000 rw-s 00000000 00:2a 217                        /tmp/hsperfdata_oliv/843
7f9416893000-7f9416894000 ---p 00000000 00:00 0 
7f9416894000-7f9416895000 r--p 00000000 00:00 0 
7f9416895000-7f9416896000 ---p 00000000 00:00 0 
7f9416896000-7f9416898000 rw-p 00000000 00:00 0 
7f9416898000-7f941689a000 r--p 00000000 08:05 10414124                   /usr/lib/x86_64-linux-gnu/ld-linux-x86-64.so.2
7f941689a000-7f94168c2000 r-xp 00002000 08:05 10414124                   /usr/lib/x86_64-linux-gnu/ld-linux-x86-64.so.2
7f94168c2000-7f94168cd000 r--p 0002a000 08:05 10414124                   /usr/lib/x86_64-linux-gnu/ld-linux-x86-64.so.2
7f94168cd000-7f94168cf000 r--p 00034000 08:05 10414124                   /usr/lib/x86_64-linux-gnu/ld-linux-x86-64.so.2
7f94168cf000-7f94168d1000 rw-p 00036000 08:05 10414124                   /usr/lib/x86_64-linux-gnu/ld-linux-x86-64.so.2
7ffc9d446000-7ffc9d467000 rw-p 00000000 00:00 0                          [stack]
7ffc9d48b000-7ffc9d48f000 r--p 00000000 00:00 0                          [vvar]
7ffc9d48f000-7ffc9d491000 r-xp 00000000 00:00 0                          [vdso]
ffffffffff600000-ffffffffff601000 --xp 00000000 00:00 0                  [vsyscall]


VM Arguments:
jvm_args: -Dmaven.multiModuleProjectDirectory=/home/oliv/Documents/openclassrooms/P9/patient-info -Djansi.passthrough=true -Dmaven.home=/app/IDEA-C/plugins/maven/lib/maven3 -Dclassworlds.conf=/app/IDEA-C/plugins/maven/lib/maven3/bin/m2.conf -Dmaven.ext.class.path=/app/IDEA-C/plugins/maven/lib/maven-event-listener.jar -javaagent:/app/IDEA-C/lib/idea_rt.jar=35703:/app/IDEA-C/bin -Dfile.encoding=UTF-8 
java_command: org.codehaus.classworlds.Launcher -Didea.version=2023.1.2 install
java_class_path (initial): /app/IDEA-C/plugins/maven/lib/maven3/boot/plexus-classworlds.license:/app/IDEA-C/plugins/maven/lib/maven3/boot/plexus-classworlds-2.6.0.jar
Launcher Type: SUN_STANDARD

[Global flags]
     intx CICompilerCount                          = 4                                         {product} {ergonomic}
     uint ConcGCThreads                            = 2                                         {product} {ergonomic}
     uint G1ConcRefinementThreads                  = 8                                         {product} {ergonomic}
   size_t G1HeapRegionSize                         = 1048576                                   {product} {ergonomic}
    uintx GCDrainStackTargetSize                   = 64                                        {product} {ergonomic}
   size_t InitialHeapSize                          = 132120576                                 {product} {ergonomic}
   size_t MarkStackSize                            = 4194304                                   {product} {ergonomic}
   size_t MaxHeapSize                              = 2082471936                                {product} {ergonomic}
   size_t MaxNewSize                               = 1248854016                                {product} {ergonomic}
   size_t MinHeapDeltaBytes                        = 1048576                                   {product} {ergonomic}
   size_t MinHeapSize                              = 8388608                                   {product} {ergonomic}
    uintx NonNMethodCodeHeapSize                   = 5839372                                {pd product} {ergonomic}
    uintx NonProfiledCodeHeapSize                  = 122909434                              {pd product} {ergonomic}
    uintx ProfiledCodeHeapSize                     = 122909434                              {pd product} {ergonomic}
    uintx ReservedCodeCacheSize                    = 251658240                              {pd product} {ergonomic}
     bool SegmentedCodeCache                       = true                                      {product} {ergonomic}
   size_t SoftMaxHeapSize                          = 2082471936                             {manageable} {ergonomic}
     bool UseCompressedClassPointers               = true                           {product lp64_product} {ergonomic}
     bool UseCompressedOops                        = true                           {product lp64_product} {ergonomic}
     bool UseG1GC                                  = true                                      {product} {ergonomic}

Logging:
Log output configuration:
 #0: stdout all=warning uptime,level,tags
 #1: stderr all=off uptime,level,tags

Environment Variables:
PATH=/app/bin:/usr/bin:/home/oliv/.var/app/com.jetbrains.IntelliJ-IDEA-Community/data/node/bin:/home/oliv/.var/app/com.jetbrains.IntelliJ-IDEA-Community/data/cargo/bin:/home/oliv/.var/app/com.jetbrains.IntelliJ-IDEA-Community/data/python/bin:/home/oliv/.var/app/com.jetbrains.IntelliJ-IDEA-Community/data/gem/ruby/3.1.0/bin
LD_LIBRARY_PATH=
SHELL=/bin/sh
DISPLAY=:99.0
LANG=fr_FR.UTF-8

Signal Handlers:
   SIGSEGV: crash_handler in libjvm.so, mask=11100100010111111101111111111110, flags=SA_RESTART|SA_SIGINFO
    SIGBUS: crash_handler in libjvm.so, mask=11100100010111111101111111111110, flags=SA_RESTART|SA_SIGINFO
    SIGFPE: crash_handler in libjvm.so, mask=11100100010111111101111111111110, flags=SA_RESTART|SA_SIGINFO
   SIGPIPE: javaSignalHandler in libjvm.so, mask=11100100010111111101111111111110, flags=SA_RESTART|SA_SIGINFO
   SIGXFSZ: javaSignalHandler in libjvm.so, mask=11100100010111111101111111111110, flags=SA_RESTART|SA_SIGINFO
    SIGILL: crash_handler in libjvm.so, mask=11100100010111111101111111111110, flags=SA_RESTART|SA_SIGINFO
   SIGUSR2: SR_handler in libjvm.so, mask=00100000000000000000000000000000, flags=SA_RESTART|SA_SIGINFO
    SIGHUP: UserHandler in libjvm.so, mask=11100100010111111101111111111110, flags=SA_RESTART|SA_SIGINFO
    SIGINT: UserHandler in libjvm.so, mask=11100100010111111101111111111110, flags=SA_RESTART|SA_SIGINFO
   SIGTERM: UserHandler in libjvm.so, mask=11100100010111111101111111111110, flags=SA_RESTART|SA_SIGINFO
   SIGQUIT: UserHandler in libjvm.so, mask=11100100010111111101111111111110, flags=SA_RESTART|SA_SIGINFO
   SIGTRAP: crash_handler in libjvm.so, mask=11100100010111111101111111111110, flags=SA_RESTART|SA_SIGINFO


---------------  S Y S T E M  ---------------

OS:
NAME="Freedesktop SDK"
VERSION="22.08 (Flatpak runtime)"
VERSION_ID=22.08
ID=org.freedesktop.platform
PRETTY_NAME="Freedesktop.org SDK 22.08 (Flatpak runtime)"
BUG_REPORT_URL=https://gitlab.com/freedesktop-sdk/freedesktop-sdk/issues
uname: Linux 5.15.0-73-generic #80-Ubuntu SMP Mon May 15 15:18:26 UTC 2023 x86_64
OS uptime: 0 days 0:50 hours
libc: glibc 2.35 NPTL 2.35 
rlimit (soft/hard): STACK 8192k/infinity , CORE 0k/infinity , NPROC 31275/31275 , NOFILE 1048576/1048576 , AS infinity/infinity , CPU infinity/infinity , DATA infinity/infinity , FSIZE infinity/infinity , MEMLOCK 1016008k/1016008k
load average: 0,69 0,67 0,84

/proc/meminfo:
MemTotal:        8128072 kB
MemFree:          511536 kB
MemAvailable:    4394316 kB
Buffers:          841448 kB
Cached:          2752536 kB
SwapCached:           60 kB
Active:          1500488 kB
Inactive:        5236976 kB
Active(anon):       2608 kB
Inactive(anon):  3154180 kB
Active(file):    1497880 kB
Inactive(file):  2082796 kB
Unevictable:          48 kB
Mlocked:              48 kB
SwapTotal:       2097148 kB
SwapFree:        2095868 kB
Dirty:                40 kB
Writeback:             0 kB
AnonPages:       3143384 kB
Mapped:           974948 kB
Shmem:             17604 kB
KReclaimable:     606800 kB
Slab:             717652 kB
SReclaimable:     606800 kB
SUnreclaim:       110852 kB
KernelStack:       12272 kB
PageTables:        27308 kB
NFS_Unstable:          0 kB
Bounce:                0 kB
WritebackTmp:          0 kB
CommitLimit:     6161184 kB
Committed_AS:    6936924 kB
VmallocTotal:   34359738367 kB
VmallocUsed:       43348 kB
VmallocChunk:          0 kB
Percpu:             6720 kB
HardwareCorrupted:     0 kB
AnonHugePages:         0 kB
ShmemHugePages:        0 kB
ShmemPmdMapped:        0 kB
FileHugePages:         0 kB
FilePmdMapped:         0 kB
HugePages_Total:       0
HugePages_Free:        0
HugePages_Rsvd:        0
HugePages_Surp:        0
Hugepagesize:       2048 kB
Hugetlb:               0 kB
DirectMap4k:      420756 kB
DirectMap2M:     7956480 kB

/sys/kernel/mm/transparent_hugepage/enabled: <Not Available>
/sys/kernel/mm/transparent_hugepage/defrag (defrag/compaction efforts parameter): <Not Available>

Process Memory:
Virtual Size: 5097524K (peak: 5159296K)
Resident Set Size: 89528K (peak: 89528K) (anon: 61560K, file: 27924K, shmem: 44K)
Swapped out: 0K
C-Heap outstanding allocations: 15013K

/proc/sys/kernel/threads-max (system-wide limit on the number of threads): 62550
/proc/sys/vm/max_map_count (maximum number of memory map areas a process may have): 65530
/proc/sys/kernel/pid_max (system-wide limit on number of process identifiers): 4194304

Steal ticks since vm start: 0
Steal ticks percentage since vm start:  0,000

CPU: total 8 (initial active 8) (4 cores per cpu, 2 threads per core) family 6 model 30 stepping 5 microcode 0xa, cx8, cmov, fxsr, ht, mmx, sse, sse2, sse3, ssse3, sse4.1, sse4.2, popcnt, tsc, tscinvbit, clflush
CPU Model and flags from /proc/cpuinfo:
model name	: Intel(R) Core(TM) i7 CPU       Q 720  @ 1.60GHz
flags		: fpu vme de pse tsc msr pae mce cx8 apic sep mtrr pge mca cmov pat pse36 clflush dts acpi mmx fxsr sse sse2 ht tm pbe syscall nx rdtscp lm constant_tsc arch_perfmon pebs bts rep_good nopl xtopology nonstop_tsc cpuid aperfmperf pni dtes64 monitor ds_cpl vmx smx est tm2 ssse3 cx16 xtpr pdcm sse4_1 sse4_2 popcnt lahf_lm pti ssbd ibrs ibpb stibp tpr_shadow vnmi flexpriority ept vpid dtherm ida flush_l1d

Online cpus: 0-7
Offline cpus: 
BIOS frequency limitation: 1600000
Frequency switch latency (ns): 10000
Available cpu frequencies: 1600000 1599000 1466000 1333000 1199000 1066000 933000 
Current governor: schedutil
Core performance/turbo boost: 1

Memory: 4k page, physical 8128072k(511536k free), swap 2097148k(2095868k free)
Page Sizes: 4k

vm_info: OpenJDK 64-Bit Server VM (17+35-2724) for linux-amd64 JRE (17+35-2724), built on Aug  5 2021 22:17:49 by "mach5one" with gcc 10.3.0

END.
