#
# A fatal error has been detected by the Java Runtime Environment:
#
#  SIGSEGV (0xb) at pc=0x00007f1c3a0ad8c4, pid=883, tid=906
#
# JRE version: OpenJDK Runtime Environment (17.0+35) (build 17+35-2724)
# Java VM: OpenJDK 64-Bit Server VM (17+35-2724, mixed mode, sharing, tiered, compressed oops, compressed class ptrs, g1 gc, linux-amd64)
# Problematic frame:
# V  [libjvm.so+0x7038c4]  G1ParScanThreadState::trim_queue_to_threshold(unsigned int)+0x14d4
#
# Core dump will be written. Default location: Core dumps may be processed with "/lib/systemd/systemd-coredump %P %u %g %s %t 9223372036854775808 %h" (or dumping to /home/oliv/Documents/openclassrooms/P9/patient-info/core.883)
#
# If you would like to submit a bug report, please visit:
#   https://bugreport.java.com/bugreport/crash.jsp
#

---------------  S U M M A R Y ------------

Command Line: -Dmaven.multiModuleProjectDirectory=/home/oliv/Documents/openclassrooms/P9/patient-info -Djansi.passthrough=true -Dmaven.home=/app/IDEA-C/plugins/maven/lib/maven3 -Dclassworlds.conf=/app/IDEA-C/plugins/maven/lib/maven3/bin/m2.conf -Dmaven.ext.class.path=/app/IDEA-C/plugins/maven/lib/maven-event-listener.jar -javaagent:/app/IDEA-C/lib/idea_rt.jar=38269:/app/IDEA-C/bin -Dfile.encoding=UTF-8 org.codehaus.classworlds.Launcher -Didea.version=2023.1.2 install

Host: Intel(R) Core(TM) i7 CPU       Q 720  @ 1.60GHz, 8 cores, 7G, Freedesktop.org SDK 22.08 (Flatpak runtime)
Time: Tue Jun 13 19:23:59 2023 CEST elapsed time: 1.095805 seconds (0d 0h 0m 1s)

---------------  T H R E A D  ---------------

Current thread (0x00007f1c00005d50):  GCTaskThread "GC Thread#1" [stack: 0x00007f1c08f00000,0x00007f1c09000000] [id=906]

Stack: [0x00007f1c08f00000,0x00007f1c09000000],  sp=0x00007f1c08ffe9b0,  free space=1018k
Native frames: (J=compiled Java code, j=interpreted, Vv=VM code, C=native code)
V  [libjvm.so+0x7038c4]  G1ParScanThreadState::trim_queue_to_threshold(unsigned int)+0x14d4
V  [libjvm.so+0x71fb40]  G1ScanHRForRegionClosure::scan_heap_roots(HeapRegion*)+0x560
V  [libjvm.so+0x716e47]  G1RemSet::scan_heap_roots(G1ParScanThreadState*, unsigned int, G1GCPhaseTimes::GCParPhases, G1GCPhaseTimes::GCParPhases, bool)+0x1a7
V  [libjvm.so+0x6c047b]  G1EvacuateRegionsTask::scan_roots(G1ParScanThreadState*, unsigned int)+0x4b
V  [libjvm.so+0x6c0bf3]  G1EvacuateRegionsBaseTask::work(unsigned int)+0x83
V  [libjvm.so+0xe3f88f]  GangWorker::loop()+0x5f
V  [libjvm.so+0xe3f8ef]
V  [libjvm.so+0xd91cfe]  Thread::call_run()+0xde
V  [libjvm.so+0xbe8011]  thread_native_entry(Thread*)+0xe1
C  [libc.so.6+0x8f1da]


siginfo: si_signo: 11 (SIGSEGV), si_code: 1 (SEGV_MAPERR), si_addr: 0x0000000000000040

Register to memory mapping:

RAX=0x00007f1c34062584 points into unknown readable memory: 00 00 00 00
RBX=0x00007f1bc8000d70 points into unknown readable memory: 0x00007f1c3aadc428 | 28 c4 ad 3a 1c 7f 00 00
RCX=0x00007f1c34062584 points into unknown readable memory: 00 00 00 00
RDX=0x0 is NULL
RSP=0x00007f1c08ffe9b0 points into unknown readable memory: 0x00007ffe228dd80a | 0a d8 8d 22 fe 7f 00 00
RBP=0x00007f1c08ffea40 points into unknown readable memory: 0x00007f1c08ffeb90 | 90 eb ff 08 1c 7f 00 00
RSI=0x0 is NULL
RDI=0x0 is NULL
R8 =0x0000000000000001 is an unknown value
R9 =0x0000000800000f70 is pointing into metadata
R10=0x0 is NULL
R11=0x0000000000000002 is an unknown value
R12=0x00000000ffe17b35 is pointing into object: java.lang.Class 
{0x00000000ffe17af0} - klass: 'java/lang/Class'
 - ---- fields (total size 14 words):
 - private volatile transient 'classRedefinedCount' 'I' @12  0
 - private volatile transient 'cachedConstructor' 'Ljava/lang/reflect/Constructor;' @40  NULL (0)
 - private transient 'name' 'Ljava/lang/String;' @44  NULL (0)
 - private transient 'module' 'Ljava/lang/Module;' @48  NULL (0)
 - private final 'classLoader' 'Ljava/lang/ClassLoader;' @52  NULL (0)
 - private transient 'classData' 'Ljava/lang/Object;' @56  NULL (0)
 - private transient 'packageName' 'Ljava/lang/String;' @60  NULL (0)
 - private final 'componentType' 'Ljava/lang/Class;' @64  NULL (0)
 - private volatile transient 'reflectionData' 'Ljava/lang/ref/SoftReference;' @68  
[error occurred during error reporting (printing register info), id 0xb, SIGSEGV (0xb) at pc=0x00007f1c3a19eeda]

Registers:
RAX=0x00007f1c34062584, RBX=0x00007f1bc8000d70, RCX=0x00007f1c34062584, RDX=0x0000000000000000
RSP=0x00007f1c08ffe9b0, RBP=0x00007f1c08ffea40, RSI=0x0000000000000000, RDI=0x0000000000000000
R8 =0x0000000000000001, R9 =0x0000000800000f70, R10=0x0000000000000000, R11=0x0000000000000002
R12=0x00000000ffe17b35, R13=0x0000000000000040, R14=0x00007f1c3abcf9d5, R15=0x00007f1c3ab8a2f0
RIP=0x00007f1c3a0ad8c4, EFLAGS=0x0000000000010246, CSGSFS=0x002b000000000033, ERR=0x0000000000000004
  TRAPNO=0x000000000000000e

Top of Stack: (sp=0x00007f1c08ffe9b0)
0x00007f1c08ffe9b0:   00007ffe228dd80a 0000000000000019
0x00007f1c08ffe9c0:   00007f1c389a30c6 00007f1c00000000
0x00007f1c08ffe9d0:   00007f1c340e9b60 0000000000000000
0x00007f1c08ffe9e0:   0000000800000d68 0000000000000002 

Instructions: (pc=0x00007f1c3a0ad8c4)
0x00007f1c3a0ad7c4:   48 8b 93 90 01 00 00 48 89 c6 8b 8a 90 05 00 00
0x00007f1c3a0ad7d4:   48 d3 ee 48 8b 8a 80 05 00 00 4c 8d 04 71 41 0f
0x00007f1c3a0ad7e4:   b6 78 01 40 84 ff 78 94 42 0f 18 0c 30 ba 10 00
0x00007f1c3a0ad7f4:   00 00 0f 18 0c 10 48 8b 83 98 01 00 00 49 8d 4c
0x00007f1c3a0ad804:   24 01 4c 8b 78 10 41 8b 87 80 00 00 00 41 8b b7
0x00007f1c3a0ad814:   00 01 00 00 89 c2 29 f2 81 e2 ff ff 01 00 81 fa
0x00007f1c3a0ad824:   fd ff 01 00 0f 86 5d 0b 00 00 49 8b 87 a0 02 00
0x00007f1c3a0ad834:   00 49 3b 87 88 02 00 00 0f 84 94 14 00 00 48 8d
0x00007f1c3a0ad844:   34 c5 00 00 00 00 48 83 c0 01 49 8b 97 b8 02 00
0x00007f1c3a0ad854:   00 48 89 0c 32 49 89 87 a0 02 00 00 e9 3a ff ff
0x00007f1c3a0ad864:   ff 0f 1f 00 49 8d bd 80 02 00 00 e8 2c e0 fb ff
0x00007f1c3a0ad874:   b8 01 00 00 00 31 d2 e9 f8 fd ff ff 4c 8d 3d 69
0x00007f1c3a0ad884:   ca ad 00 45 8b 6c 24 ff 48 8b 43 08 41 8b 77 08
0x00007f1c3a0ad894:   49 8b 17 89 f1 49 d3 e5 8b 88 90 05 00 00 48 8b
0x00007f1c3a0ad8a4:   80 80 05 00 00 49 01 d5 4c 89 ef 48 d3 ef 48 8d
0x00007f1c3a0ad8b4:   0c 78 44 0f b6 51 01 45 84 d2 0f 88 74 f5 ff ff
0x00007f1c3a0ad8c4:   49 8b 45 00 48 89 c7 83 e7 03 48 83 ff 03 0f 85
0x00007f1c3a0ad8d4:   7a 06 00 00 48 8d 0d 81 1f b2 00 80 39 00 0f 85
0x00007f1c3a0ad8e4:   58 0b 00 00 48 83 e0 fc 4c 8d 2d 89 34 b2 00 48
0x00007f1c3a0ad8f4:   89 45 b8 48 8b 7d b8 89 f1 49 83 ec 01 48 89 f8
0x00007f1c3a0ad904:   48 29 d0 48 d3 e8 41 89 04 24 48 89 f8 41 8b 4d
0x00007f1c3a0ad914:   00 4c 31 e0 48 d3 e8 48 85 c0 0f 84 14 f5 ff ff
0x00007f1c3a0ad924:   48 8b 53 08 4c 89 e0 8b 8a c0 01 00 00 48 d3 e8
0x00007f1c3a0ad934:   48 89 c1 48 8b 82 b0 01 00 00 48 8b 04 c8 8b 80
0x00007f1c3a0ad944:   bc 00 00 00 a8 02 0f 85 e8 f4 ff ff 8b 8a 90 05
0x00007f1c3a0ad954:   00 00 48 89 f8 48 8b 92 80 05 00 00 48 d3 e8 80
0x00007f1c3a0ad964:   3c 42 00 0f 84 cb f4 ff ff 49 c1 ec 09 48 8b 43
0x00007f1c3a0ad974:   60 4c 89 e6 e9 94 f4 ff ff 0f 1f 00 49 8d bf 80
0x00007f1c3a0ad984:   02 00 00 48 89 4d b8 e8 10 df fb ff 48 8b 4d b8
0x00007f1c3a0ad994:   b8 01 00 00 00 31 d2 e9 bb f0 ff ff 0f 84 9b 03
0x00007f1c3a0ad9a4:   00 00 3c 01 48 8d 0d fd d2 ad 00 48 19 c0 83 e0
0x00007f1c3a0ad9b4:   04 8b 31 44 89 f1 41 c1 fe 10 49 63 44 05 0c 48 


Stack slot to memory mapping:
stack at sp + 0 slots: 0x00007ffe228dd80a: <offset 0x000000000000080a> in linux-vdso.so.1 at 0x00007ffe228dd000
stack at sp + 1 slots: 0x0000000000000019 is an unknown value
stack at sp + 2 slots: 0x00007f1c389a30c6 points into unknown readable memory: ff ff
stack at sp + 3 slots: 0x00007f1c00000000 points into unknown readable memory: 0x00007f1c00000030 | 30 00 00 00 1c 7f 00 00
stack at sp + 4 slots: 0x00007f1c340e9b60 points into unknown readable memory: 0x000000008b600000 | 00 00 60 8b 00 00 00 00
stack at sp + 5 slots: 0x0 is NULL
stack at sp + 6 slots: 0x0000000800000d68 is a pointer to class: 
java.lang.Object {0x0000000800000d68}
 - instance size:     2
 - klass size:        65
 - access:            public synchronized 
 - state:             fully_initialized
 - name:              'java/lang/Object'
 - super:             NULL
 - sub:               'org/apache/maven/plugin/ExtensionRealmCache'   'org/apache/maven/plugin/BuildPluginManager'   'org/apache/maven/model/plugin/LifecycleBindingsInjector'   'org/apache/maven/lifecycle/internal/builder/BuilderCommon'   (1341 more klasses...)
 - arrays:            'java/lang/Object'[]
 - methods:           Array<T>(0x00000008005c2db0)
 - method ordering:   Array<T>(0x00000008005c2e28)
 - default_methods:   Array<T>(0x0000000000000000)
 - local interfaces:  Array<T>(0x00000008005c2e18)
 - trans. interfaces: Array<T>(0x00000008005c2e18)
 - constants:         constant pool [92] {0x00000008005c2a80} for 'java/lang/Object' cache=0x000000080042ec20
 - class loader data:  loader data: 0x00007f1c34103170 of 'bootstrap'
 - source file:       'Object.java'
 - class annotations:       Array<T>(0x0000000000000000)
 - class type annotations:  Array<T>(0x0000000000000000)
 - field annotations:       Array<T>(0x0000000000000000)
 - field type annotations:  Array<T>(0x0000000000000000)
 - inner classes:     Array<T>(0x00000008005c2da8)
 - nest members:     Array<T>(0x00000008005c2da8)
 - permitted subclasses:     Array<T>(0x00000008005c2da8)
 - java mirror:       a 'java/lang/Class'{0x00000000ffe008c8} = 'java/lang/Object'
 - vtable length      5  (start addr: 0x0000000800000f38)
 - itable length      2 (start addr: 0x0000000800000f60)
 - ---- static fields (0 words):
 - ---- non-static fields (0 words):
 - non-static oop maps: 
stack at sp + 7 slots: 0x0000000000000002 is an unknown value


---------------  P R O C E S S  ---------------

Threads class SMR info:
_java_thread_list=0x00007f1bdc0d6740, length=13, elements={
0x00007f1c34025ca0, 0x00007f1c3411e850, 0x00007f1c3411fc30, 0x00007f1c34128eb0,
0x00007f1c3412a260, 0x00007f1c3412b670, 0x00007f1c3412d020, 0x00007f1c3412e550,
0x00007f1c341379b0, 0x00007f1c34142640, 0x00007f1c341bd7d0, 0x00007f1c341bf200,
0x00007f1bdc0d5750
}

Java Threads: ( => current thread )
  0x00007f1c34025ca0 JavaThread "main" [_thread_blocked, id=884, stack(0x00007f1c397c2000,0x00007f1c398c2000)]
  0x00007f1c3411e850 JavaThread "Reference Handler" daemon [_thread_blocked, id=891, stack(0x00007f1c1812e000,0x00007f1c1822e000)]
  0x00007f1c3411fc30 JavaThread "Finalizer" daemon [_thread_blocked, id=892, stack(0x00007f1c1802e000,0x00007f1c1812e000)]
  0x00007f1c34128eb0 JavaThread "Signal Dispatcher" daemon [_thread_blocked, id=893, stack(0x00007f1c09c88000,0x00007f1c09d88000)]
  0x00007f1c3412a260 JavaThread "Service Thread" daemon [_thread_blocked, id=894, stack(0x00007f1c09b88000,0x00007f1c09c88000)]
  0x00007f1c3412b670 JavaThread "Monitor Deflation Thread" daemon [_thread_blocked, id=895, stack(0x00007f1c09a88000,0x00007f1c09b88000)]
  0x00007f1c3412d020 JavaThread "C2 CompilerThread0" daemon [_thread_blocked, id=896, stack(0x00007f1c09988000,0x00007f1c09a88000)]
  0x00007f1c3412e550 JavaThread "C1 CompilerThread0" daemon [_thread_blocked, id=897, stack(0x00007f1c09888000,0x00007f1c09988000)]
  0x00007f1c341379b0 JavaThread "Sweeper thread" daemon [_thread_blocked, id=898, stack(0x00007f1c09788000,0x00007f1c09888000)]
  0x00007f1c34142640 JavaThread "Common-Cleaner" daemon [_thread_blocked, id=900, stack(0x00007f1c09688000,0x00007f1c09788000)]
  0x00007f1c341bd7d0 JavaThread "Monitor Ctrl-Break" daemon [_thread_in_native, id=902, stack(0x00007f1c09588000,0x00007f1c09688000)]
  0x00007f1c341bf200 JavaThread "Notification Thread" daemon [_thread_blocked, id=903, stack(0x00007f1c09488000,0x00007f1c09588000)]
  0x00007f1bdc0d5750 JavaThread "C2 CompilerThread1" daemon [_thread_blocked, id=905, stack(0x00007f1c09286000,0x00007f1c09386000)]

Other Threads:
  0x00007f1c3411a880 VMThread "VM Thread" [stack: 0x00007f1c18230000,0x00007f1c18330000] [id=890]
  0x00007f1c34027fb0 WatcherThread [stack: 0x00007f1c09388000,0x00007f1c09488000] [id=904]
  0x00007f1c34064f40 GCTaskThread "GC Thread#0" [stack: 0x00007f1c38061000,0x00007f1c38161000] [id=885]
=>0x00007f1c00005d50 GCTaskThread "GC Thread#1" [stack: 0x00007f1c08f00000,0x00007f1c09000000] [id=906]
  0x00007f1c00006780 GCTaskThread "GC Thread#2" [stack: 0x00007f1c08dfe000,0x00007f1c08efe000] [id=907]
  0x00007f1c34075d80 ConcurrentGCThread "G1 Main Marker" [stack: 0x00007f1c19862000,0x00007f1c19962000] [id=886]
  0x00007f1c34076ce0 ConcurrentGCThread "G1 Conc#0" [stack: 0x00007f1c19760000,0x00007f1c19860000] [id=887]
  0x00007f1c340edbb0 ConcurrentGCThread "G1 Refine#0" [stack: 0x00007f1c18e56000,0x00007f1c18f56000] [id=888]
  0x00007f1c340eeaa0 ConcurrentGCThread "G1 Service" [stack: 0x00007f1c18d54000,0x00007f1c18e54000] [id=889]

Threads with active compile tasks:
C2 CompilerThread0     1107  963       4       sun.nio.cs.StreamDecoder::implRead (243 bytes)
C2 CompilerThread1     1107  964       4       java.lang.StringLatin1::inflate (34 bytes)

VM state: at safepoint (normal execution)

VM Mutex/Monitor currently owned by a thread:  ([mutex/lock_event])
[0x00007f1c34022a10] Threads_lock - owner thread: 0x00007f1c3411a880
[0x00007f1c340231c0] Heap_lock - owner thread: 0x00007f1c34025ca0

Heap address: 0x0000000083e00000, size: 1986 MB, Compressed Oops mode: 32-bit

CDS archive(s) mapped at: [0x0000000800000000-0x0000000800bd9000-0x0000000800bd9000), size 12423168, SharedBaseAddress: 0x0000000800000000, ArchiveRelocationMode: 0.
Compressed class space mapped at: 0x0000000800c00000-0x0000000840c00000, reserved size: 1073741824
Narrow klass base: 0x0000000800000000, Narrow klass shift: 0, Narrow klass range: 0x100000000

GC Precious Log:
 CPUs: 8 total, 8 available
 Memory: 7937M
 Large Page Support: Disabled
 NUMA Support: Disabled
 Compressed Oops: Enabled (32-bit)
 Heap Region Size: 1M
 Heap Min Capacity: 8M
 Heap Initial Capacity: 126M
 Heap Max Capacity: 1986M
 Pre-touch: Disabled
 Parallel Workers: 8
 Concurrent Workers: 2
 Concurrent Refinement Workers: 8
 Periodic GC: Disabled

Heap:
 garbage-first heap   total 131072K, used 24544K [0x0000000083e00000, 0x0000000100000000)
  region size 1024K, 26 young (26624K), 3 survivors (3072K)
 Metaspace       used 5759K, committed 5952K, reserved 1056768K
  class space    used 677K, committed 768K, reserved 1048576K

Heap Regions: E=young(eden), S=young(survivor), O=old, HS=humongous(starts), HC=humongous(continues), CS=collection set, F=free, OA=open archive, CA=closed archive, TAMS=top-at-mark-start (previous, next)
|   0|0x0000000083e00000, 0x0000000083e4aa60, 0x0000000083f00000| 29%| O|  |TAMS 0x0000000083e00000, 0x0000000083e00000| Untracked 
|   1|0x0000000083f00000, 0x0000000083f00000, 0x0000000084000000|  0%| F|  |TAMS 0x0000000083f00000, 0x0000000083f00000| Untracked 
|   2|0x0000000084000000, 0x0000000084000000, 0x0000000084100000|  0%| F|  |TAMS 0x0000000084000000, 0x0000000084000000| Untracked 
|   3|0x0000000084100000, 0x0000000084100000, 0x0000000084200000|  0%| F|  |TAMS 0x0000000084100000, 0x0000000084100000| Untracked 
|   4|0x0000000084200000, 0x0000000084200000, 0x0000000084300000|  0%| F|  |TAMS 0x0000000084200000, 0x0000000084200000| Untracked 
|   5|0x0000000084300000, 0x0000000084300000, 0x0000000084400000|  0%| F|  |TAMS 0x0000000084300000, 0x0000000084300000| Untracked 
|   6|0x0000000084400000, 0x0000000084400000, 0x0000000084500000|  0%| F|  |TAMS 0x0000000084400000, 0x0000000084400000| Untracked 
|   7|0x0000000084500000, 0x0000000084500000, 0x0000000084600000|  0%| F|  |TAMS 0x0000000084500000, 0x0000000084500000| Untracked 
|   8|0x0000000084600000, 0x0000000084600000, 0x0000000084700000|  0%| F|  |TAMS 0x0000000084600000, 0x0000000084600000| Untracked 
|   9|0x0000000084700000, 0x0000000084700000, 0x0000000084800000|  0%| F|  |TAMS 0x0000000084700000, 0x0000000084700000| Untracked 
|  10|0x0000000084800000, 0x0000000084800000, 0x0000000084900000|  0%| F|  |TAMS 0x0000000084800000, 0x0000000084800000| Untracked 
|  11|0x0000000084900000, 0x0000000084900000, 0x0000000084a00000|  0%| F|  |TAMS 0x0000000084900000, 0x0000000084900000| Untracked 
|  12|0x0000000084a00000, 0x0000000084a00000, 0x0000000084b00000|  0%| F|  |TAMS 0x0000000084a00000, 0x0000000084a00000| Untracked 
|  13|0x0000000084b00000, 0x0000000084b00000, 0x0000000084c00000|  0%| F|  |TAMS 0x0000000084b00000, 0x0000000084b00000| Untracked 
|  14|0x0000000084c00000, 0x0000000084c00000, 0x0000000084d00000|  0%| F|  |TAMS 0x0000000084c00000, 0x0000000084c00000| Untracked 
|  15|0x0000000084d00000, 0x0000000084d00000, 0x0000000084e00000|  0%| F|  |TAMS 0x0000000084d00000, 0x0000000084d00000| Untracked 
|  16|0x0000000084e00000, 0x0000000084e00000, 0x0000000084f00000|  0%| F|  |TAMS 0x0000000084e00000, 0x0000000084e00000| Untracked 
|  17|0x0000000084f00000, 0x0000000084f00000, 0x0000000085000000|  0%| F|  |TAMS 0x0000000084f00000, 0x0000000084f00000| Untracked 
|  18|0x0000000085000000, 0x0000000085000000, 0x0000000085100000|  0%| F|  |TAMS 0x0000000085000000, 0x0000000085000000| Untracked 
|  19|0x0000000085100000, 0x0000000085100000, 0x0000000085200000|  0%| F|  |TAMS 0x0000000085100000, 0x0000000085100000| Untracked 
|  20|0x0000000085200000, 0x0000000085200000, 0x0000000085300000|  0%| F|  |TAMS 0x0000000085200000, 0x0000000085200000| Untracked 
|  21|0x0000000085300000, 0x0000000085300000, 0x0000000085400000|  0%| F|  |TAMS 0x0000000085300000, 0x0000000085300000| Untracked 
|  22|0x0000000085400000, 0x0000000085400000, 0x0000000085500000|  0%| F|  |TAMS 0x0000000085400000, 0x0000000085400000| Untracked 
|  23|0x0000000085500000, 0x0000000085500000, 0x0000000085600000|  0%| F|  |TAMS 0x0000000085500000, 0x0000000085500000| Untracked 
|  24|0x0000000085600000, 0x0000000085600000, 0x0000000085700000|  0%| F|  |TAMS 0x0000000085600000, 0x0000000085600000| Untracked 
|  25|0x0000000085700000, 0x0000000085700000, 0x0000000085800000|  0%| F|  |TAMS 0x0000000085700000, 0x0000000085700000| Untracked 
|  26|0x0000000085800000, 0x0000000085800000, 0x0000000085900000|  0%| F|  |TAMS 0x0000000085800000, 0x0000000085800000| Untracked 
|  27|0x0000000085900000, 0x0000000085900000, 0x0000000085a00000|  0%| F|  |TAMS 0x0000000085900000, 0x0000000085900000| Untracked 
|  28|0x0000000085a00000, 0x0000000085a00000, 0x0000000085b00000|  0%| F|  |TAMS 0x0000000085a00000, 0x0000000085a00000| Untracked 
|  29|0x0000000085b00000, 0x0000000085b00000, 0x0000000085c00000|  0%| F|  |TAMS 0x0000000085b00000, 0x0000000085b00000| Untracked 
|  30|0x0000000085c00000, 0x0000000085c00000, 0x0000000085d00000|  0%| F|  |TAMS 0x0000000085c00000, 0x0000000085c00000| Untracked 
|  31|0x0000000085d00000, 0x0000000085d00000, 0x0000000085e00000|  0%| F|  |TAMS 0x0000000085d00000, 0x0000000085d00000| Untracked 
|  32|0x0000000085e00000, 0x0000000085e00000, 0x0000000085f00000|  0%| F|  |TAMS 0x0000000085e00000, 0x0000000085e00000| Untracked 
|  33|0x0000000085f00000, 0x0000000085f00000, 0x0000000086000000|  0%| F|  |TAMS 0x0000000085f00000, 0x0000000085f00000| Untracked 
|  34|0x0000000086000000, 0x0000000086000000, 0x0000000086100000|  0%| F|  |TAMS 0x0000000086000000, 0x0000000086000000| Untracked 
|  35|0x0000000086100000, 0x0000000086100000, 0x0000000086200000|  0%| F|  |TAMS 0x0000000086100000, 0x0000000086100000| Untracked 
|  36|0x0000000086200000, 0x0000000086200000, 0x0000000086300000|  0%| F|  |TAMS 0x0000000086200000, 0x0000000086200000| Untracked 
|  37|0x0000000086300000, 0x0000000086300000, 0x0000000086400000|  0%| F|  |TAMS 0x0000000086300000, 0x0000000086300000| Untracked 
|  38|0x0000000086400000, 0x0000000086400000, 0x0000000086500000|  0%| F|  |TAMS 0x0000000086400000, 0x0000000086400000| Untracked 
|  39|0x0000000086500000, 0x0000000086500000, 0x0000000086600000|  0%| F|  |TAMS 0x0000000086500000, 0x0000000086500000| Untracked 
|  40|0x0000000086600000, 0x0000000086600000, 0x0000000086700000|  0%| F|  |TAMS 0x0000000086600000, 0x0000000086600000| Untracked 
|  41|0x0000000086700000, 0x0000000086700000, 0x0000000086800000|  0%| F|  |TAMS 0x0000000086700000, 0x0000000086700000| Untracked 
|  42|0x0000000086800000, 0x0000000086800000, 0x0000000086900000|  0%| F|  |TAMS 0x0000000086800000, 0x0000000086800000| Untracked 
|  43|0x0000000086900000, 0x0000000086900000, 0x0000000086a00000|  0%| F|  |TAMS 0x0000000086900000, 0x0000000086900000| Untracked 
|  44|0x0000000086a00000, 0x0000000086a00000, 0x0000000086b00000|  0%| F|  |TAMS 0x0000000086a00000, 0x0000000086a00000| Untracked 
|  45|0x0000000086b00000, 0x0000000086b00000, 0x0000000086c00000|  0%| F|  |TAMS 0x0000000086b00000, 0x0000000086b00000| Untracked 
|  46|0x0000000086c00000, 0x0000000086c00000, 0x0000000086d00000|  0%| F|  |TAMS 0x0000000086c00000, 0x0000000086c00000| Untracked 
|  47|0x0000000086d00000, 0x0000000086d00000, 0x0000000086e00000|  0%| F|  |TAMS 0x0000000086d00000, 0x0000000086d00000| Untracked 
|  48|0x0000000086e00000, 0x0000000086e00000, 0x0000000086f00000|  0%| F|  |TAMS 0x0000000086e00000, 0x0000000086e00000| Untracked 
|  49|0x0000000086f00000, 0x0000000086f00000, 0x0000000087000000|  0%| F|  |TAMS 0x0000000086f00000, 0x0000000086f00000| Untracked 
|  50|0x0000000087000000, 0x0000000087000000, 0x0000000087100000|  0%| F|  |TAMS 0x0000000087000000, 0x0000000087000000| Untracked 
|  51|0x0000000087100000, 0x0000000087100000, 0x0000000087200000|  0%| F|  |TAMS 0x0000000087100000, 0x0000000087100000| Untracked 
|  52|0x0000000087200000, 0x0000000087200000, 0x0000000087300000|  0%| F|  |TAMS 0x0000000087200000, 0x0000000087200000| Untracked 
|  53|0x0000000087300000, 0x0000000087300000, 0x0000000087400000|  0%| F|  |TAMS 0x0000000087300000, 0x0000000087300000| Untracked 
|  54|0x0000000087400000, 0x0000000087400000, 0x0000000087500000|  0%| F|  |TAMS 0x0000000087400000, 0x0000000087400000| Untracked 
|  55|0x0000000087500000, 0x0000000087500000, 0x0000000087600000|  0%| F|  |TAMS 0x0000000087500000, 0x0000000087500000| Untracked 
|  56|0x0000000087600000, 0x0000000087600000, 0x0000000087700000|  0%| F|  |TAMS 0x0000000087600000, 0x0000000087600000| Untracked 
|  57|0x0000000087700000, 0x0000000087700000, 0x0000000087800000|  0%| F|  |TAMS 0x0000000087700000, 0x0000000087700000| Untracked 
|  58|0x0000000087800000, 0x0000000087800000, 0x0000000087900000|  0%| F|  |TAMS 0x0000000087800000, 0x0000000087800000| Untracked 
|  59|0x0000000087900000, 0x0000000087900000, 0x0000000087a00000|  0%| F|  |TAMS 0x0000000087900000, 0x0000000087900000| Untracked 
|  60|0x0000000087a00000, 0x0000000087a00000, 0x0000000087b00000|  0%| F|  |TAMS 0x0000000087a00000, 0x0000000087a00000| Untracked 
|  61|0x0000000087b00000, 0x0000000087b00000, 0x0000000087c00000|  0%| F|  |TAMS 0x0000000087b00000, 0x0000000087b00000| Untracked 
|  62|0x0000000087c00000, 0x0000000087c00000, 0x0000000087d00000|  0%| F|  |TAMS 0x0000000087c00000, 0x0000000087c00000| Untracked 
|  63|0x0000000087d00000, 0x0000000087d00000, 0x0000000087e00000|  0%| F|  |TAMS 0x0000000087d00000, 0x0000000087d00000| Untracked 
|  64|0x0000000087e00000, 0x0000000087e00000, 0x0000000087f00000|  0%| F|  |TAMS 0x0000000087e00000, 0x0000000087e00000| Untracked 
|  65|0x0000000087f00000, 0x0000000087f00000, 0x0000000088000000|  0%| F|  |TAMS 0x0000000087f00000, 0x0000000087f00000| Untracked 
|  66|0x0000000088000000, 0x0000000088000000, 0x0000000088100000|  0%| F|  |TAMS 0x0000000088000000, 0x0000000088000000| Untracked 
|  67|0x0000000088100000, 0x0000000088100000, 0x0000000088200000|  0%| F|  |TAMS 0x0000000088100000, 0x0000000088100000| Untracked 
|  68|0x0000000088200000, 0x0000000088200000, 0x0000000088300000|  0%| F|  |TAMS 0x0000000088200000, 0x0000000088200000| Untracked 
|  69|0x0000000088300000, 0x0000000088300000, 0x0000000088400000|  0%| F|  |TAMS 0x0000000088300000, 0x0000000088300000| Untracked 
|  70|0x0000000088400000, 0x0000000088400000, 0x0000000088500000|  0%| F|  |TAMS 0x0000000088400000, 0x0000000088400000| Untracked 
|  71|0x0000000088500000, 0x0000000088500000, 0x0000000088600000|  0%| F|  |TAMS 0x0000000088500000, 0x0000000088500000| Untracked 
|  72|0x0000000088600000, 0x0000000088600000, 0x0000000088700000|  0%| F|  |TAMS 0x0000000088600000, 0x0000000088600000| Untracked 
|  73|0x0000000088700000, 0x0000000088700000, 0x0000000088800000|  0%| F|  |TAMS 0x0000000088700000, 0x0000000088700000| Untracked 
|  74|0x0000000088800000, 0x0000000088800000, 0x0000000088900000|  0%| F|  |TAMS 0x0000000088800000, 0x0000000088800000| Untracked 
|  75|0x0000000088900000, 0x0000000088900000, 0x0000000088a00000|  0%| F|  |TAMS 0x0000000088900000, 0x0000000088900000| Untracked 
|  76|0x0000000088a00000, 0x0000000088a00000, 0x0000000088b00000|  0%| F|  |TAMS 0x0000000088a00000, 0x0000000088a00000| Untracked 
|  77|0x0000000088b00000, 0x0000000088b00000, 0x0000000088c00000|  0%| F|  |TAMS 0x0000000088b00000, 0x0000000088b00000| Untracked 
|  78|0x0000000088c00000, 0x0000000088c00000, 0x0000000088d00000|  0%| F|  |TAMS 0x0000000088c00000, 0x0000000088c00000| Untracked 
|  79|0x0000000088d00000, 0x0000000088d00000, 0x0000000088e00000|  0%| F|  |TAMS 0x0000000088d00000, 0x0000000088d00000| Untracked 
|  80|0x0000000088e00000, 0x0000000088e00000, 0x0000000088f00000|  0%| F|  |TAMS 0x0000000088e00000, 0x0000000088e00000| Untracked 
|  81|0x0000000088f00000, 0x0000000088f00000, 0x0000000089000000|  0%| F|  |TAMS 0x0000000088f00000, 0x0000000088f00000| Untracked 
|  82|0x0000000089000000, 0x0000000089000000, 0x0000000089100000|  0%| F|  |TAMS 0x0000000089000000, 0x0000000089000000| Untracked 
|  83|0x0000000089100000, 0x0000000089100000, 0x0000000089200000|  0%| F|  |TAMS 0x0000000089100000, 0x0000000089100000| Untracked 
|  84|0x0000000089200000, 0x0000000089200000, 0x0000000089300000|  0%| F|  |TAMS 0x0000000089200000, 0x0000000089200000| Untracked 
|  85|0x0000000089300000, 0x0000000089300000, 0x0000000089400000|  0%| F|  |TAMS 0x0000000089300000, 0x0000000089300000| Untracked 
|  86|0x0000000089400000, 0x0000000089400000, 0x0000000089500000|  0%| F|  |TAMS 0x0000000089400000, 0x0000000089400000| Untracked 
|  87|0x0000000089500000, 0x0000000089500000, 0x0000000089600000|  0%| F|  |TAMS 0x0000000089500000, 0x0000000089500000| Untracked 
|  88|0x0000000089600000, 0x0000000089600000, 0x0000000089700000|  0%| F|  |TAMS 0x0000000089600000, 0x0000000089600000| Untracked 
|  89|0x0000000089700000, 0x0000000089700000, 0x0000000089800000|  0%| F|  |TAMS 0x0000000089700000, 0x0000000089700000| Untracked 
|  90|0x0000000089800000, 0x0000000089800000, 0x0000000089900000|  0%| F|  |TAMS 0x0000000089800000, 0x0000000089800000| Untracked 
|  91|0x0000000089900000, 0x0000000089900000, 0x0000000089a00000|  0%| F|  |TAMS 0x0000000089900000, 0x0000000089900000| Untracked 
|  92|0x0000000089a00000, 0x0000000089a00000, 0x0000000089b00000|  0%| F|  |TAMS 0x0000000089a00000, 0x0000000089a00000| Untracked 
|  93|0x0000000089b00000, 0x0000000089b00000, 0x0000000089c00000|  0%| F|  |TAMS 0x0000000089b00000, 0x0000000089b00000| Untracked 
|  94|0x0000000089c00000, 0x0000000089c00000, 0x0000000089d00000|  0%| F|  |TAMS 0x0000000089c00000, 0x0000000089c00000| Untracked 
|  95|0x0000000089d00000, 0x0000000089d00000, 0x0000000089e00000|  0%| F|  |TAMS 0x0000000089d00000, 0x0000000089d00000| Untracked 
|  96|0x0000000089e00000, 0x0000000089e00000, 0x0000000089f00000|  0%| F|  |TAMS 0x0000000089e00000, 0x0000000089e00000| Untracked 
|  97|0x0000000089f00000, 0x0000000089f00000, 0x000000008a000000|  0%| F|  |TAMS 0x0000000089f00000, 0x0000000089f00000| Untracked 
|  98|0x000000008a000000, 0x000000008a000000, 0x000000008a100000|  0%| F|  |TAMS 0x000000008a000000, 0x000000008a000000| Untracked 
|  99|0x000000008a100000, 0x000000008a100000, 0x000000008a200000|  0%| F|  |TAMS 0x000000008a100000, 0x000000008a100000| Untracked 
| 100|0x000000008a200000, 0x000000008a300000, 0x000000008a300000|100%| S|  |TAMS 0x000000008a200000, 0x000000008a200000| Complete 
| 101|0x000000008a300000, 0x000000008a400000, 0x000000008a400000|100%| S|  |TAMS 0x000000008a300000, 0x000000008a300000| Complete 
| 102|0x000000008a400000, 0x000000008a500000, 0x000000008a500000|100%| S|  |TAMS 0x000000008a400000, 0x000000008a400000| Complete 
| 103|0x000000008a500000, 0x000000008a600000, 0x000000008a600000|100%| E|CS|TAMS 0x000000008a500000, 0x000000008a500000| Complete 
| 104|0x000000008a600000, 0x000000008a700000, 0x000000008a700000|100%| E|CS|TAMS 0x000000008a600000, 0x000000008a600000| Complete 
| 105|0x000000008a700000, 0x000000008a800000, 0x000000008a800000|100%| E|CS|TAMS 0x000000008a700000, 0x000000008a700000| Complete 
| 106|0x000000008a800000, 0x000000008a900000, 0x000000008a900000|100%| E|CS|TAMS 0x000000008a800000, 0x000000008a800000| Complete 
| 107|0x000000008a900000, 0x000000008aa00000, 0x000000008aa00000|100%| E|CS|TAMS 0x000000008a900000, 0x000000008a900000| Complete 
| 108|0x000000008aa00000, 0x000000008ab00000, 0x000000008ab00000|100%| E|CS|TAMS 0x000000008aa00000, 0x000000008aa00000| Complete 
| 109|0x000000008ab00000, 0x000000008ac00000, 0x000000008ac00000|100%| E|CS|TAMS 0x000000008ab00000, 0x000000008ab00000| Complete 
| 110|0x000000008ac00000, 0x000000008ad00000, 0x000000008ad00000|100%| E|CS|TAMS 0x000000008ac00000, 0x000000008ac00000| Complete 
| 111|0x000000008ad00000, 0x000000008ae00000, 0x000000008ae00000|100%| E|CS|TAMS 0x000000008ad00000, 0x000000008ad00000| Complete 
| 112|0x000000008ae00000, 0x000000008af00000, 0x000000008af00000|100%| E|CS|TAMS 0x000000008ae00000, 0x000000008ae00000| Complete 
| 113|0x000000008af00000, 0x000000008b000000, 0x000000008b000000|100%| E|CS|TAMS 0x000000008af00000, 0x000000008af00000| Complete 
| 114|0x000000008b000000, 0x000000008b100000, 0x000000008b100000|100%| E|CS|TAMS 0x000000008b000000, 0x000000008b000000| Complete 
| 115|0x000000008b100000, 0x000000008b200000, 0x000000008b200000|100%| E|CS|TAMS 0x000000008b100000, 0x000000008b100000| Complete 
| 116|0x000000008b200000, 0x000000008b300000, 0x000000008b300000|100%| E|CS|TAMS 0x000000008b200000, 0x000000008b200000| Complete 
| 117|0x000000008b300000, 0x000000008b400000, 0x000000008b400000|100%| E|CS|TAMS 0x000000008b300000, 0x000000008b300000| Complete 
| 118|0x000000008b400000, 0x000000008b500000, 0x000000008b500000|100%| E|CS|TAMS 0x000000008b400000, 0x000000008b400000| Complete 
| 119|0x000000008b500000, 0x000000008b600000, 0x000000008b600000|100%| E|CS|TAMS 0x000000008b500000, 0x000000008b500000| Complete 
| 120|0x000000008b600000, 0x000000008b700000, 0x000000008b700000|100%| E|CS|TAMS 0x000000008b600000, 0x000000008b600000| Complete 
| 121|0x000000008b700000, 0x000000008b800000, 0x000000008b800000|100%| E|CS|TAMS 0x000000008b700000, 0x000000008b700000| Complete 
| 122|0x000000008b800000, 0x000000008b900000, 0x000000008b900000|100%| E|CS|TAMS 0x000000008b800000, 0x000000008b800000| Complete 
| 123|0x000000008b900000, 0x000000008ba00000, 0x000000008ba00000|100%| E|CS|TAMS 0x000000008b900000, 0x000000008b900000| Complete 
| 124|0x000000008ba00000, 0x000000008bb00000, 0x000000008bb00000|100%| E|CS|TAMS 0x000000008ba00000, 0x000000008ba00000| Complete 
| 125|0x000000008bb00000, 0x000000008bc00000, 0x000000008bc00000|100%| E|CS|TAMS 0x000000008bb00000, 0x000000008bb00000| Complete 
|1984|0x00000000ffe00000, 0x00000000ffe76000, 0x00000000fff00000| 46%|OA|  |TAMS 0x00000000ffe00000, 0x00000000ffe00000| Untracked 
|1985|0x00000000fff00000, 0x00000000fff82000, 0x0000000100000000| 50%|CA|  |TAMS 0x00000000fff00000, 0x00000000fff00000| Untracked 

Card table byte_map: [0x00007f1c385c3000,0x00007f1c389a4000] _byte_map_base: 0x00007f1c381a4000

Marking Bits (Prev, Next): (CMBitMap*) 0x00007f1c340659c0, (CMBitMap*) 0x00007f1c34065a00
 Prev Bits: [0x00007f1c1b86a000, 0x00007f1c1d772000)
 Next Bits: [0x00007f1c19962000, 0x00007f1c1b86a000)

Polling page: 0x00007f1c3ae63000

Metaspace:

Usage:
  Non-class:      4,96 MB used.
      Class:    677,38 KB used.
       Both:      5,62 MB used.

Virtual space:
  Non-class space:        8,00 MB reserved,       5,06 MB ( 63%) committed,  1 nodes.
      Class space:        1,00 GB reserved,     768,00 KB ( <1%) committed,  1 nodes.
             Both:        1,01 GB reserved,       5,81 MB ( <1%) committed. 

Chunk freelists:
   Non-Class:  1,41 MB
       Class:  3,06 MB
        Both:  4,47 MB

MaxMetaspaceSize: unlimited
CompressedClassSpaceSize: 1,00 GB
Initial GC threshold: 21,00 MB
Current GC threshold: 21,00 MB
CDS: on
MetaspaceReclaimPolicy: balanced
 - commit_granule_bytes: 65536.
 - commit_granule_words: 8192.
 - virtual_space_node_default_size: 1048576.
 - enlarge_chunks_in_place: 1.
 - new_chunks_are_fully_committed: 0.
 - uncommit_free_chunks: 1.
 - use_allocation_guard: 0.
 - handle_deallocations: 1.


Internal statistics:

num_allocs_failed_limit: 0.
num_arena_births: 18.
num_arena_deaths: 0.
num_vsnodes_births: 2.
num_vsnodes_deaths: 0.
num_space_committed: 93.
num_space_uncommitted: 0.
num_chunks_returned_to_freelist: 0.
num_chunks_taken_from_freelist: 150.
num_chunk_merges: 0.
num_chunk_splits: 107.
num_chunks_enlarged: 96.
num_purges: 0.
num_inconsistent_stats: 0.

CodeHeap 'non-profiled nmethods': size=120028Kb used=349Kb max_used=349Kb free=119678Kb
 bounds [0x00007f1c2523b000, 0x00007f1c254ab000, 0x00007f1c2c772000]
CodeHeap 'profiled nmethods': size=120028Kb used=1933Kb max_used=1933Kb free=118094Kb
 bounds [0x00007f1c1dd04000, 0x00007f1c1df74000, 0x00007f1c2523b000]
CodeHeap 'non-nmethods': size=5704Kb used=1141Kb max_used=1192Kb free=4563Kb
 bounds [0x00007f1c1d772000, 0x00007f1c1d9e2000, 0x00007f1c1dd04000]
 total_blobs=1404 nmethods=970 adapters=349
 compilation: enabled
              stopped_count=0, restarted_count=0
 full_count=0

Compilation events (20 events):
Event: 1,059 Thread 0x00007f1bdc0d5750 nmethod 939 0x00007f1c25288190 code [0x00007f1c25288560, 0x00007f1c2528b558]
Event: 1,059 Thread 0x00007f1bdc0d5750  950       4       org.codehaus.plexus.util.xml.pull.MXParser::more (79 bytes)
Event: 1,060 Thread 0x00007f1c3412e550  986       2       java.util.jar.JarFile::getManifest (5 bytes)
Event: 1,060 Thread 0x00007f1c3412e550 nmethod 986 0x00007f1c1dee4290 code [0x00007f1c1dee4440, 0x00007f1c1dee4560]
Event: 1,060 Thread 0x00007f1c3412e550  987   !   2       java.util.jar.JarFile::getManifestFromReference (197 bytes)
Event: 1,061 Thread 0x00007f1bdc0d5750 nmethod 950 0x00007f1c2528d110 code [0x00007f1c2528d2a0, 0x00007f1c2528d3c8]
Event: 1,061 Thread 0x00007f1bdc0d5750  964       4       java.lang.StringLatin1::inflate (34 bytes)
Event: 1,062 Thread 0x00007f1c3412e550 nmethod 987 0x00007f1c1dee4610 code [0x00007f1c1dee4900, 0x00007f1c1dee5570]
Event: 1,062 Thread 0x00007f1c3412e550  988       2       jdk.internal.loader.URLClassPath$JarLoader$2::getInputStream (15 bytes)
Event: 1,062 Thread 0x00007f1c3412e550 nmethod 988 0x00007f1c1dee5c90 code [0x00007f1c1dee5e40, 0x00007f1c1dee5f60]
Event: 1,062 Thread 0x00007f1c3412e550  989       2       jdk.internal.loader.URLClassPath$JarLoader$2::getContentLength (9 bytes)
Event: 1,062 Thread 0x00007f1c3412e550 nmethod 989 0x00007f1c1dee6090 code [0x00007f1c1dee6220, 0x00007f1c1dee6330]
Event: 1,062 Thread 0x00007f1c3412e550  990       2       jdk.internal.loader.URLClassPath$JarLoader$2::getCodeSigners (8 bytes)
Event: 1,062 Thread 0x00007f1c3412e550 nmethod 990 0x00007f1c1dee6410 code [0x00007f1c1dee65c0, 0x00007f1c1dee66e0]
Event: 1,062 Thread 0x00007f1c3412e550  991   !   2       java.util.jar.JarFile$JarFileEntry::getCodeSigners (81 bytes)
Event: 1,063 Thread 0x00007f1c3412e550 nmethod 991 0x00007f1c1dee6790 code [0x00007f1c1dee6980, 0x00007f1c1dee6d20]
Event: 1,063 Thread 0x00007f1c3412e550  992       2       java.lang.ClassLoader::defineClass (43 bytes)
Event: 1,064 Thread 0x00007f1c3412e550 nmethod 992 0x00007f1c1dee6f10 code [0x00007f1c1dee70e0, 0x00007f1c1dee7330]
Event: 1,064 Thread 0x00007f1c3412d020 nmethod 941 0x00007f1c2528d510 code [0x00007f1c2528d8e0, 0x00007f1c252909f8]
Event: 1,064 Thread 0x00007f1c3412d020  963       4       sun.nio.cs.StreamDecoder::implRead (243 bytes)

GC Heap History (1 events):
Event: 1,065 GC heap before
{Heap before GC invocations=0 (full 0):
 garbage-first heap   total 131072K, used 24544K [0x0000000083e00000, 0x0000000100000000)
  region size 1024K, 23 young (23552K), 0 survivors (0K)
 Metaspace       used 5759K, committed 5952K, reserved 1056768K
  class space    used 677K, committed 768K, reserved 1048576K
}

Deoptimization events (20 events):
Event: 0,838 Thread 0x00007f1c34025ca0 DEOPT PACKING pc=0x00007f1c25269444 sp=0x00007f1c398bf8d0
Event: 0,838 Thread 0x00007f1c34025ca0 DEOPT UNPACKING pc=0x00007f1c1d7c4093 sp=0x00007f1c398bf828 mode 2
Event: 0,840 Thread 0x00007f1c34025ca0 Uncommon trap: trap_request=0xffffffde fr.pc=0x00007f1c25269444 relative=0x0000000000001584
Event: 0,840 Thread 0x00007f1c34025ca0 Uncommon trap: reason=class_check action=maybe_recompile pc=0x00007f1c25269444 method=java.util.HashMap.putVal(ILjava/lang/Object;Ljava/lang/Object;ZZ)Ljava/lang/Object; @ 91 c2
Event: 0,840 Thread 0x00007f1c34025ca0 DEOPT PACKING pc=0x00007f1c25269444 sp=0x00007f1c398bf7b0
Event: 0,840 Thread 0x00007f1c34025ca0 DEOPT UNPACKING pc=0x00007f1c1d7c4093 sp=0x00007f1c398bf708 mode 2
Event: 0,851 Thread 0x00007f1c34025ca0 Uncommon trap: trap_request=0xffffffde fr.pc=0x00007f1c25269444 relative=0x0000000000001584
Event: 0,851 Thread 0x00007f1c34025ca0 Uncommon trap: reason=class_check action=maybe_recompile pc=0x00007f1c25269444 method=java.util.HashMap.putVal(ILjava/lang/Object;Ljava/lang/Object;ZZ)Ljava/lang/Object; @ 91 c2
Event: 0,851 Thread 0x00007f1c34025ca0 DEOPT PACKING pc=0x00007f1c25269444 sp=0x00007f1c398bf200
Event: 0,851 Thread 0x00007f1c34025ca0 DEOPT UNPACKING pc=0x00007f1c1d7c4093 sp=0x00007f1c398bf158 mode 2
Event: 0,852 Thread 0x00007f1c34025ca0 Uncommon trap: trap_request=0xffffffde fr.pc=0x00007f1c25269444 relative=0x0000000000001584
Event: 0,852 Thread 0x00007f1c34025ca0 Uncommon trap: reason=class_check action=maybe_recompile pc=0x00007f1c25269444 method=java.util.HashMap.putVal(ILjava/lang/Object;Ljava/lang/Object;ZZ)Ljava/lang/Object; @ 91 c2
Event: 0,852 Thread 0x00007f1c34025ca0 DEOPT PACKING pc=0x00007f1c25269444 sp=0x00007f1c398bf0e0
Event: 0,852 Thread 0x00007f1c34025ca0 DEOPT UNPACKING pc=0x00007f1c1d7c4093 sp=0x00007f1c398bf038 mode 2
Event: 0,974 Thread 0x00007f1c34025ca0 Uncommon trap: trap_request=0xffffffc6 fr.pc=0x00007f1c25286460 relative=0x00000000000016a0
Event: 0,974 Thread 0x00007f1c34025ca0 Uncommon trap: reason=bimorphic_or_optimized_type_check action=maybe_recompile pc=0x00007f1c25286460 method=java.util.HashMap.putVal(ILjava/lang/Object;Ljava/lang/Object;ZZ)Ljava/lang/Object; @ 91 c2
Event: 0,974 Thread 0x00007f1c34025ca0 DEOPT PACKING pc=0x00007f1c25286460 sp=0x00007f1c398bf3e0
Event: 0,974 Thread 0x00007f1c34025ca0 DEOPT UNPACKING pc=0x00007f1c1d7c4093 sp=0x00007f1c398bf338 mode 2
Event: 1,001 Thread 0x00007f1c34025ca0 DEOPT PACKING pc=0x00007f1c1dd627bc sp=0x00007f1c398bf0b0
Event: 1,001 Thread 0x00007f1c34025ca0 DEOPT UNPACKING pc=0x00007f1c1d7c4810 sp=0x00007f1c398be580 mode 0

Classes unloaded (0 events):
No events

Classes redefined (0 events):
No events

Internal exceptions (4 events):
Event: 0,174 Thread 0x00007f1c34025ca0 Implicit null exception at 0x00007f1c252477d5 to 0x00007f1c25247920
Event: 0,190 Thread 0x00007f1c341bd7d0 Exception <a 'java/lang/NoSuchMethodError'{0x000000008ba79348}: 'java.lang.Object java.lang.invoke.DirectMethodHandle$Holder.invokeStaticInit(java.lang.Object)'> (0x000000008ba79348) 
thrown [open/src/hotspot/share/interpreter/linkResolver.cpp, line 765]
Event: 0,202 Thread 0x00007f1c341bd7d0 Exception <a 'java/lang/NoSuchMethodError'{0x000000008ba87980}: 'void java.lang.invoke.DirectMethodHandle$Holder.invokeStatic(java.lang.Object, java.lang.Object)'> (0x000000008ba87980) 
thrown [open/src/hotspot/share/interpreter/linkResolver.cpp, line 765]
Event: 0,876 Thread 0x00007f1c34025ca0 Exception <a 'java/lang/NoSuchMethodError'{0x000000008adc2290}: 'java.lang.Object java.lang.invoke.DirectMethodHandle$Holder.newInvokeSpecial(java.lang.Object, java.lang.Object, java.lang.Object, java.lang.Object, java.lang.Object)'> (0x000000008adc2290) 
thrown [open/src/hotspot/share/interpreter/linkResolver.cpp, line 765]

VM Operations (11 events):
Event: 0,131 Executing VM operation: HandshakeAllThreads
Event: 0,131 Executing VM operation: HandshakeAllThreads done
Event: 0,187 Executing VM operation: HandshakeAllThreads
Event: 0,187 Executing VM operation: HandshakeAllThreads done
Event: 0,394 Executing VM operation: HandshakeAllThreads
Event: 0,394 Executing VM operation: HandshakeAllThreads done
Event: 0,462 Executing VM operation: HandshakeAllThreads
Event: 0,462 Executing VM operation: HandshakeAllThreads done
Event: 0,946 Executing VM operation: ICBufferFull
Event: 0,946 Executing VM operation: ICBufferFull done
Event: 1,064 Executing VM operation: G1CollectForAllocation

Events (20 events):
Event: 0,916 loading class sun/reflect/generics/repository/AbstractRepository
Event: 0,916 loading class sun/reflect/generics/repository/AbstractRepository done
Event: 0,916 loading class sun/reflect/generics/repository/GenericDeclRepository done
Event: 0,916 loading class sun/reflect/generics/repository/ClassRepository done
Event: 0,917 loading class sun/reflect/generics/tree/FormalTypeParameter
Event: 0,917 loading class sun/reflect/generics/tree/FormalTypeParameter done
Event: 0,917 loading class sun/reflect/generics/tree/ClassSignature
Event: 0,917 loading class sun/reflect/generics/tree/Signature
Event: 0,917 loading class sun/reflect/generics/tree/Signature done
Event: 0,917 loading class sun/reflect/generics/tree/ClassSignature done
Event: 0,917 loading class java/lang/reflect/TypeVariable
Event: 0,917 loading class java/lang/reflect/TypeVariable done
Event: 0,917 loading class java/lang/reflect/WildcardType
Event: 0,917 loading class java/lang/reflect/WildcardType done
Event: 0,919 loading class sun/reflect/generics/tree/TypeVariableSignature
Event: 0,919 loading class sun/reflect/generics/tree/TypeVariableSignature done
Event: 0,932 loading class java/lang/annotation/IncompleteAnnotationException
Event: 0,932 loading class java/lang/annotation/IncompleteAnnotationException done
Event: 0,994 loading class jdk/internal/access/foreign/MemorySegmentProxy
Event: 0,994 loading class jdk/internal/access/foreign/MemorySegmentProxy done


Dynamic libraries:
83e00000-8bc00000 rw-p 00000000 00:00 0 
8bc00000-ffe00000 ---p 00000000 00:00 0 
ffe00000-ffe76000 rw-p 00c94000 08:05 14288761                           /home/oliv/.jdks/openjdk-17/lib/server/classes.jsa
ffe76000-fff00000 rw-p 00000000 00:00 0 
fff00000-fff82000 rw-p 00c12000 08:05 14288761                           /home/oliv/.jdks/openjdk-17/lib/server/classes.jsa
fff82000-100000000 rw-p 00000000 00:00 0 
800000000-80043e000 rw-p 00001000 08:05 14288761                         /home/oliv/.jdks/openjdk-17/lib/server/classes.jsa
80043e000-800bd9000 r--p 0043f000 08:05 14288761                         /home/oliv/.jdks/openjdk-17/lib/server/classes.jsa
800bd9000-800c00000 ---p 00000000 00:00 0 
800c00000-800c40000 rw-p 00000000 00:00 0 
800c40000-800cb0000 rw-p 00000000 00:00 0 
800cb0000-800cc0000 ---p 00000000 00:00 0 
800cc0000-800cd0000 rw-p 00000000 00:00 0 
800cd0000-840c00000 ---p 00000000 00:00 0 
5623de5a1000-5623de5a2000 r-xp 00000000 08:05 14288265                   /home/oliv/.jdks/openjdk-17/bin/java
5623de5a3000-5623de5a4000 r--p 00001000 08:05 14288265                   /home/oliv/.jdks/openjdk-17/bin/java
5623de5a4000-5623de5a5000 rw-p 00002000 08:05 14288265                   /home/oliv/.jdks/openjdk-17/bin/java
5623dee4e000-5623dee6f000 rw-p 00000000 00:00 0                          [heap]
7f1bbc000000-7f1bbc021000 rw-p 00000000 00:00 0 
7f1bbc021000-7f1bc0000000 ---p 00000000 00:00 0 
7f1bc4000000-7f1bc43d9000 rw-p 00000000 00:00 0 
7f1bc43d9000-7f1bc8000000 ---p 00000000 00:00 0 
7f1bc8000000-7f1bc8024000 rw-p 00000000 00:00 0 
7f1bc8024000-7f1bcc000000 ---p 00000000 00:00 0 
7f1bcc000000-7f1bcc021000 rw-p 00000000 00:00 0 
7f1bcc021000-7f1bd0000000 ---p 00000000 00:00 0 
7f1bd0000000-7f1bd0021000 rw-p 00000000 00:00 0 
7f1bd0021000-7f1bd4000000 ---p 00000000 00:00 0 
7f1bd4000000-7f1bd4021000 rw-p 00000000 00:00 0 
7f1bd4021000-7f1bd8000000 ---p 00000000 00:00 0 
7f1bd8000000-7f1bd8021000 rw-p 00000000 00:00 0 
7f1bd8021000-7f1bdc000000 ---p 00000000 00:00 0 
7f1bdc000000-7f1bdc363000 rw-p 00000000 00:00 0 
7f1bdc363000-7f1be0000000 ---p 00000000 00:00 0 
7f1be0000000-7f1be0021000 rw-p 00000000 00:00 0 
7f1be0021000-7f1be4000000 ---p 00000000 00:00 0 
7f1be4000000-7f1be4021000 rw-p 00000000 00:00 0 
7f1be4021000-7f1be8000000 ---p 00000000 00:00 0 
7f1be8000000-7f1be8376000 rw-p 00000000 00:00 0 
7f1be8376000-7f1bec000000 ---p 00000000 00:00 0 
7f1bec000000-7f1bec021000 rw-p 00000000 00:00 0 
7f1bec021000-7f1bf0000000 ---p 00000000 00:00 0 
7f1bf0000000-7f1bf0021000 rw-p 00000000 00:00 0 
7f1bf0021000-7f1bf4000000 ---p 00000000 00:00 0 
7f1bf4000000-7f1bf4021000 rw-p 00000000 00:00 0 
7f1bf4021000-7f1bf8000000 ---p 00000000 00:00 0 
7f1bf8000000-7f1bf8021000 rw-p 00000000 00:00 0 
7f1bf8021000-7f1bfc000000 ---p 00000000 00:00 0 
7f1bfc000000-7f1bfc021000 rw-p 00000000 00:00 0 
7f1bfc021000-7f1c00000000 ---p 00000000 00:00 0 
7f1c00000000-7f1c00021000 rw-p 00000000 00:00 0 
7f1c00021000-7f1c04000000 ---p 00000000 00:00 0 
7f1c04000000-7f1c04021000 rw-p 00000000 00:00 0 
7f1c04021000-7f1c08000000 ---p 00000000 00:00 0 
7f1c08a4f000-7f1c08dfc000 rw-p 00000000 00:00 0 
7f1c08dfc000-7f1c08dfd000 ---p 00000000 00:00 0 
7f1c08dfd000-7f1c08efe000 rw-p 00000000 00:00 0 
7f1c08efe000-7f1c08eff000 ---p 00000000 00:00 0 
7f1c08eff000-7f1c09000000 rw-p 00000000 00:00 0 
7f1c09000000-7f1c09003000 r-xp 00000000 00:2a 220                        /tmp/libjansi-1.17.1-4092066078256139592.so
7f1c09003000-7f1c09202000 ---p 00003000 00:2a 220                        /tmp/libjansi-1.17.1-4092066078256139592.so
7f1c09202000-7f1c09203000 rw-p 00002000 00:2a 220                        /tmp/libjansi-1.17.1-4092066078256139592.so
7f1c09286000-7f1c0928a000 ---p 00000000 00:00 0 
7f1c0928a000-7f1c09386000 rw-p 00000000 00:00 0 
7f1c09386000-7f1c09387000 ---p 00000000 00:00 0 
7f1c09387000-7f1c09488000 rw-p 00000000 00:00 0 
7f1c09488000-7f1c0948c000 ---p 00000000 00:00 0 
7f1c0948c000-7f1c09588000 rw-p 00000000 00:00 0 
7f1c09588000-7f1c0958c000 ---p 00000000 00:00 0 
7f1c0958c000-7f1c09688000 rw-p 00000000 00:00 0 
7f1c09688000-7f1c0968c000 ---p 00000000 00:00 0 
7f1c0968c000-7f1c09788000 rw-p 00000000 00:00 0 
7f1c09788000-7f1c0978c000 ---p 00000000 00:00 0 
7f1c0978c000-7f1c09888000 rw-p 00000000 00:00 0 
7f1c09888000-7f1c0988c000 ---p 00000000 00:00 0 
7f1c0988c000-7f1c09988000 rw-p 00000000 00:00 0 
7f1c09988000-7f1c0998c000 ---p 00000000 00:00 0 
7f1c0998c000-7f1c09a88000 rw-p 00000000 00:00 0 
7f1c09a88000-7f1c09a8c000 ---p 00000000 00:00 0 
7f1c09a8c000-7f1c09b88000 rw-p 00000000 00:00 0 
7f1c09b88000-7f1c09b8c000 ---p 00000000 00:00 0 
7f1c09b8c000-7f1c09c88000 rw-p 00000000 00:00 0 
7f1c09c88000-7f1c09c8c000 ---p 00000000 00:00 0 
7f1c09c8c000-7f1c09d88000 rw-p 00000000 00:00 0 
7f1c09d88000-7f1c0a000000 r--p 00000000 08:05 10492563                   /usr/share/runtime/locale/fr/lib/fr_FR.utf8/LC_COLLATE
7f1c0a000000-7f1c0c000000 rw-p 00000000 00:00 0 
7f1c0c000000-7f1c0c021000 rw-p 00000000 00:00 0 
7f1c0c021000-7f1c10000000 ---p 00000000 00:00 0 
7f1c10000000-7f1c10021000 rw-p 00000000 00:00 0 
7f1c10021000-7f1c14000000 ---p 00000000 00:00 0 
7f1c14000000-7f1c14021000 rw-p 00000000 00:00 0 
7f1c14021000-7f1c18000000 ---p 00000000 00:00 0 
7f1c18006000-7f1c18013000 r-xp 00000000 08:05 14288750                   /home/oliv/.jdks/openjdk-17/lib/libverify.so
7f1c18013000-7f1c18015000 r--p 0000c000 08:05 14288750                   /home/oliv/.jdks/openjdk-17/lib/libverify.so
7f1c18015000-7f1c18016000 rw-p 0000e000 08:05 14288750                   /home/oliv/.jdks/openjdk-17/lib/libverify.so
7f1c18016000-7f1c1802b000 r-xp 00000000 08:05 14288741                   /home/oliv/.jdks/openjdk-17/lib/libnet.so
7f1c1802b000-7f1c1802c000 ---p 00015000 08:05 14288741                   /home/oliv/.jdks/openjdk-17/lib/libnet.so
7f1c1802c000-7f1c1802d000 r--p 00015000 08:05 14288741                   /home/oliv/.jdks/openjdk-17/lib/libnet.so
7f1c1802d000-7f1c1802e000 rw-p 00016000 08:05 14288741                   /home/oliv/.jdks/openjdk-17/lib/libnet.so
7f1c1802e000-7f1c18032000 ---p 00000000 00:00 0 
7f1c18032000-7f1c1812e000 rw-p 00000000 00:00 0 
7f1c1812e000-7f1c18132000 ---p 00000000 00:00 0 
7f1c18132000-7f1c1822e000 rw-p 00000000 00:00 0 
7f1c1822e000-7f1c1822f000 ---p 00000000 00:00 0 
7f1c1822f000-7f1c18330000 rw-p 00000000 00:00 0 
7f1c18330000-7f1c183fe000 r-xp 00000000 08:05 14288748                   /home/oliv/.jdks/openjdk-17/lib/libsvml.so
7f1c183fe000-7f1c183ff000 r--p 000cd000 08:05 14288748                   /home/oliv/.jdks/openjdk-17/lib/libsvml.so
7f1c183ff000-7f1c18400000 rw-p 000ce000 08:05 14288748                   /home/oliv/.jdks/openjdk-17/lib/libsvml.so
7f1c18400000-7f1c18670000 rw-p 00000000 00:00 0 
7f1c18670000-7f1c18800000 ---p 00000000 00:00 0 
7f1c18800000-7f1c18aa0000 rw-p 00000000 00:00 0 
7f1c18aa0000-7f1c18c00000 ---p 00000000 00:00 0 
7f1c18c05000-7f1c18c06000 r--p 00000000 08:05 10417263                   /usr/lib/x86_64-linux-gnu/libutil.so.1
7f1c18c06000-7f1c18c07000 r-xp 00001000 08:05 10417263                   /usr/lib/x86_64-linux-gnu/libutil.so.1
7f1c18c07000-7f1c18c08000 r--p 00002000 08:05 10417263                   /usr/lib/x86_64-linux-gnu/libutil.so.1
7f1c18c08000-7f1c18c09000 r--p 00002000 08:05 10417263                   /usr/lib/x86_64-linux-gnu/libutil.so.1
7f1c18c09000-7f1c18c0a000 rw-p 00003000 08:05 10417263                   /usr/lib/x86_64-linux-gnu/libutil.so.1
7f1c18c0a000-7f1c18c1d000 r-xp 00000000 08:05 14288742                   /home/oliv/.jdks/openjdk-17/lib/libnio.so
7f1c18c1d000-7f1c18c1e000 r--p 00012000 08:05 14288742                   /home/oliv/.jdks/openjdk-17/lib/libnio.so
7f1c18c1e000-7f1c18c1f000 rw-p 00013000 08:05 14288742                   /home/oliv/.jdks/openjdk-17/lib/libnio.so
7f1c18c1f000-7f1c18c76000 r--p 00000000 08:05 14432883                   /usr/share/runtime/locale/fr/lib/fr_FR.utf8/LC_CTYPE
7f1c18c76000-7f1c18d52000 rw-p 00000000 00:00 0 
7f1c18d52000-7f1c18d53000 ---p 00000000 00:00 0 
7f1c18d53000-7f1c18e54000 rw-p 00000000 00:00 0 
7f1c18e54000-7f1c18e55000 ---p 00000000 00:00 0 
7f1c18e55000-7f1c1975e000 rw-p 00000000 00:00 0 
7f1c1975e000-7f1c1975f000 ---p 00000000 00:00 0 
7f1c1975f000-7f1c19860000 rw-p 00000000 00:00 0 
7f1c19860000-7f1c19861000 ---p 00000000 00:00 0 
7f1c19861000-7f1c19b5a000 rw-p 00000000 00:00 0 
7f1c19b5a000-7f1c1b862000 ---p 00000000 00:00 0 
7f1c1b862000-7f1c1ba62000 rw-p 00000000 00:00 0 
7f1c1ba62000-7f1c1d76a000 ---p 00000000 00:00 0 
7f1c1d76a000-7f1c1d772000 rw-p 00000000 00:00 0 
7f1c1d772000-7f1c1d9e2000 rwxp 00000000 00:00 0 
7f1c1d9e2000-7f1c1dd04000 ---p 00000000 00:00 0 
7f1c1dd04000-7f1c1df74000 rwxp 00000000 00:00 0 
7f1c1df74000-7f1c2523b000 ---p 00000000 00:00 0 
7f1c2523b000-7f1c254ab000 rwxp 00000000 00:00 0 
7f1c254ab000-7f1c2c772000 ---p 00000000 00:00 0 
7f1c2c772000-7f1c34000000 r--s 00000000 08:05 14288752                   /home/oliv/.jdks/openjdk-17/lib/modules
7f1c34000000-7f1c34590000 rw-p 00000000 00:00 0 
7f1c34590000-7f1c38000000 ---p 00000000 00:00 0 
7f1c38002000-7f1c38004000 r-xp 00000000 08:05 14288721                   /home/oliv/.jdks/openjdk-17/lib/libextnet.so
7f1c38004000-7f1c38005000 r--p 00001000 08:05 14288721                   /home/oliv/.jdks/openjdk-17/lib/libextnet.so
7f1c38005000-7f1c38006000 rw-p 00002000 08:05 14288721                   /home/oliv/.jdks/openjdk-17/lib/libextnet.so
7f1c38006000-7f1c3800d000 r-xp 00000000 08:05 14288751                   /home/oliv/.jdks/openjdk-17/lib/libzip.so
7f1c3800d000-7f1c3800e000 ---p 00007000 08:05 14288751                   /home/oliv/.jdks/openjdk-17/lib/libzip.so
7f1c3800e000-7f1c3800f000 r--p 00007000 08:05 14288751                   /home/oliv/.jdks/openjdk-17/lib/libzip.so
7f1c3800f000-7f1c38010000 rw-p 00008000 08:05 14288751                   /home/oliv/.jdks/openjdk-17/lib/libzip.so
7f1c38010000-7f1c38011000 r--p 00000000 08:05 10493092                   /usr/share/runtime/locale/fr/lib/fr_FR.utf8/LC_NUMERIC
7f1c38011000-7f1c38012000 r--p 00000000 08:05 10489042                   /usr/share/runtime/locale/fr/lib/fr_FR.utf8/LC_TIME
7f1c38012000-7f1c38013000 r--p 00000000 08:05 10488950                   /usr/share/runtime/locale/fr/lib/fr_FR.utf8/LC_MONETARY
7f1c38013000-7f1c38014000 r--p 00000000 08:05 10491911                   /usr/share/runtime/locale/fr/lib/fr_FR.utf8/LC_MESSAGES/SYS_LC_MESSAGES
7f1c38014000-7f1c38015000 r--p 00000000 08:05 10488849                   /usr/share/runtime/locale/fr/lib/fr_FR.utf8/LC_PAPER
7f1c38015000-7f1c38016000 r--p 00000000 08:05 10489751                   /usr/share/runtime/locale/fr/lib/fr_FR.utf8/LC_NAME
7f1c38016000-7f1c38017000 r--p 00000000 08:05 10491629                   /usr/share/runtime/locale/fr/lib/fr_FR.utf8/LC_ADDRESS
7f1c38017000-7f1c3801e000 r--s 00000000 08:05 10408761                   /usr/lib/x86_64-linux-gnu/gconv/gconv-modules.cache
7f1c3801e000-7f1c3805f000 rw-p 00000000 00:00 0 
7f1c3805f000-7f1c38060000 ---p 00000000 00:00 0 
7f1c38060000-7f1c38221000 rw-p 00000000 00:00 0 
7f1c38221000-7f1c385c2000 ---p 00000000 00:00 0 
7f1c385c2000-7f1c38602000 rw-p 00000000 00:00 0 
7f1c38602000-7f1c389a3000 ---p 00000000 00:00 0 
7f1c389a3000-7f1c389e3000 rw-p 00000000 00:00 0 
7f1c389e3000-7f1c38d84000 ---p 00000000 00:00 0 
7f1c38d84000-7f1c39592000 rw-p 00000000 00:00 0 
7f1c39592000-7f1c39678000 ---p 00000000 00:00 0 
7f1c39678000-7f1c3967d000 rw-p 00000000 00:00 0 
7f1c3967d000-7f1c39763000 ---p 00000000 00:00 0 
7f1c39763000-7f1c39768000 rw-p 00000000 00:00 0 
7f1c39768000-7f1c3976f000 ---p 00000000 00:00 0 
7f1c3976f000-7f1c39793000 r-xp 00000000 08:05 14288728                   /home/oliv/.jdks/openjdk-17/lib/libjava.so
7f1c39793000-7f1c39794000 ---p 00024000 08:05 14288728                   /home/oliv/.jdks/openjdk-17/lib/libjava.so
7f1c39794000-7f1c39795000 r--p 00024000 08:05 14288728                   /home/oliv/.jdks/openjdk-17/lib/libjava.so
7f1c39795000-7f1c39796000 rw-p 00025000 08:05 14288728                   /home/oliv/.jdks/openjdk-17/lib/libjava.so
7f1c39796000-7f1c39797000 rw-p 00000000 00:00 0 
7f1c39797000-7f1c397a1000 r-xp 00000000 08:05 14288723                   /home/oliv/.jdks/openjdk-17/lib/libinstrument.so
7f1c397a1000-7f1c397a2000 r--p 00009000 08:05 14288723                   /home/oliv/.jdks/openjdk-17/lib/libinstrument.so
7f1c397a2000-7f1c397a3000 rw-p 0000a000 08:05 14288723                   /home/oliv/.jdks/openjdk-17/lib/libinstrument.so
7f1c397a3000-7f1c397be000 r-xp 00000000 08:05 14288732                   /home/oliv/.jdks/openjdk-17/lib/libjimage.so
7f1c397be000-7f1c397bf000 ---p 0001b000 08:05 14288732                   /home/oliv/.jdks/openjdk-17/lib/libjimage.so
7f1c397bf000-7f1c397c1000 r--p 0001b000 08:05 14288732                   /home/oliv/.jdks/openjdk-17/lib/libjimage.so
7f1c397c1000-7f1c397c2000 rw-p 0001d000 08:05 14288732                   /home/oliv/.jdks/openjdk-17/lib/libjimage.so
7f1c397c2000-7f1c397c6000 ---p 00000000 00:00 0 
7f1c397c6000-7f1c398c2000 rw-p 00000000 00:00 0 
7f1c398c2000-7f1c398d0000 r--p 00000000 08:05 10415010                   /usr/lib/x86_64-linux-gnu/libm.so.6
7f1c398d0000-7f1c39946000 r-xp 0000e000 08:05 10415010                   /usr/lib/x86_64-linux-gnu/libm.so.6
7f1c39946000-7f1c399a3000 r--p 00084000 08:05 10415010                   /usr/lib/x86_64-linux-gnu/libm.so.6
7f1c399a3000-7f1c399a4000 r--p 000e0000 08:05 10415010                   /usr/lib/x86_64-linux-gnu/libm.so.6
7f1c399a4000-7f1c399a5000 rw-p 000e1000 08:05 10415010                   /usr/lib/x86_64-linux-gnu/libm.so.6
7f1c399a5000-7f1c399a6000 r--p 00000000 08:05 10417319                   /usr/lib/x86_64-linux-gnu/librt.so.1
7f1c399a6000-7f1c399a7000 r-xp 00001000 08:05 10417319                   /usr/lib/x86_64-linux-gnu/librt.so.1
7f1c399a7000-7f1c399a8000 r--p 00002000 08:05 10417319                   /usr/lib/x86_64-linux-gnu/librt.so.1
7f1c399a8000-7f1c399a9000 r--p 00002000 08:05 10417319                   /usr/lib/x86_64-linux-gnu/librt.so.1
7f1c399a9000-7f1c399aa000 rw-p 00003000 08:05 10417319                   /usr/lib/x86_64-linux-gnu/librt.so.1
7f1c399aa000-7f1c3aad0000 r-xp 00000000 08:05 14288764                   /home/oliv/.jdks/openjdk-17/lib/server/libjvm.so
7f1c3aad0000-7f1c3aad1000 ---p 01126000 08:05 14288764                   /home/oliv/.jdks/openjdk-17/lib/server/libjvm.so
7f1c3aad1000-7f1c3ab86000 r--p 01126000 08:05 14288764                   /home/oliv/.jdks/openjdk-17/lib/server/libjvm.so
7f1c3ab86000-7f1c3abb9000 rw-p 011db000 08:05 14288764                   /home/oliv/.jdks/openjdk-17/lib/server/libjvm.so
7f1c3abb9000-7f1c3ac15000 rw-p 00000000 00:00 0 
7f1c3ac15000-7f1c3ac3d000 r--p 00000000 08:05 10420242                   /usr/lib/x86_64-linux-gnu/libc.so.6
7f1c3ac3d000-7f1c3adbd000 r-xp 00028000 08:05 10420242                   /usr/lib/x86_64-linux-gnu/libc.so.6
7f1c3adbd000-7f1c3ae0f000 r--p 001a8000 08:05 10420242                   /usr/lib/x86_64-linux-gnu/libc.so.6
7f1c3ae0f000-7f1c3ae13000 r--p 001f9000 08:05 10420242                   /usr/lib/x86_64-linux-gnu/libc.so.6
7f1c3ae13000-7f1c3ae15000 rw-p 001fd000 08:05 10420242                   /usr/lib/x86_64-linux-gnu/libc.so.6
7f1c3ae15000-7f1c3ae22000 rw-p 00000000 00:00 0 
7f1c3ae22000-7f1c3ae23000 r--p 00000000 08:05 10416568                   /usr/lib/x86_64-linux-gnu/libdl.so.2
7f1c3ae23000-7f1c3ae24000 r-xp 00001000 08:05 10416568                   /usr/lib/x86_64-linux-gnu/libdl.so.2
7f1c3ae24000-7f1c3ae25000 r--p 00002000 08:05 10416568                   /usr/lib/x86_64-linux-gnu/libdl.so.2
7f1c3ae25000-7f1c3ae26000 r--p 00002000 08:05 10416568                   /usr/lib/x86_64-linux-gnu/libdl.so.2
7f1c3ae26000-7f1c3ae27000 rw-p 00003000 08:05 10416568                   /usr/lib/x86_64-linux-gnu/libdl.so.2
7f1c3ae27000-7f1c3ae28000 r--p 00000000 08:05 10414679                   /usr/lib/x86_64-linux-gnu/libpthread.so.0
7f1c3ae28000-7f1c3ae29000 r-xp 00001000 08:05 10414679                   /usr/lib/x86_64-linux-gnu/libpthread.so.0
7f1c3ae29000-7f1c3ae2a000 r--p 00002000 08:05 10414679                   /usr/lib/x86_64-linux-gnu/libpthread.so.0
7f1c3ae2a000-7f1c3ae2b000 r--p 00002000 08:05 10414679                   /usr/lib/x86_64-linux-gnu/libpthread.so.0
7f1c3ae2b000-7f1c3ae2c000 rw-p 00003000 08:05 10414679                   /usr/lib/x86_64-linux-gnu/libpthread.so.0
7f1c3ae2c000-7f1c3ae3b000 r-xp 00000000 08:05 14288733                   /home/oliv/.jdks/openjdk-17/lib/libjli.so
7f1c3ae3b000-7f1c3ae3c000 r--p 0000e000 08:05 14288733                   /home/oliv/.jdks/openjdk-17/lib/libjli.so
7f1c3ae3c000-7f1c3ae3d000 rw-p 0000f000 08:05 14288733                   /home/oliv/.jdks/openjdk-17/lib/libjli.so
7f1c3ae3d000-7f1c3ae40000 r--p 00000000 08:05 10379885                   /usr/lib/x86_64-linux-gnu/libz.so.1.2.13
7f1c3ae40000-7f1c3ae4f000 r-xp 00003000 08:05 10379885                   /usr/lib/x86_64-linux-gnu/libz.so.1.2.13
7f1c3ae4f000-7f1c3ae55000 r--p 00012000 08:05 10379885                   /usr/lib/x86_64-linux-gnu/libz.so.1.2.13
7f1c3ae55000-7f1c3ae56000 ---p 00018000 08:05 10379885                   /usr/lib/x86_64-linux-gnu/libz.so.1.2.13
7f1c3ae56000-7f1c3ae57000 r--p 00018000 08:05 10379885                   /usr/lib/x86_64-linux-gnu/libz.so.1.2.13
7f1c3ae57000-7f1c3ae58000 rw-p 00019000 08:05 10379885                   /usr/lib/x86_64-linux-gnu/libz.so.1.2.13
7f1c3ae58000-7f1c3ae59000 r--p 00000000 08:05 10491431                   /usr/share/runtime/locale/fr/lib/fr_FR.utf8/LC_TELEPHONE
7f1c3ae59000-7f1c3ae5a000 r--p 00000000 08:05 10490356                   /usr/share/runtime/locale/fr/lib/fr_FR.utf8/LC_MEASUREMENT
7f1c3ae5a000-7f1c3ae5b000 r--p 00000000 08:05 10488651                   /usr/share/runtime/locale/fr/lib/fr_FR.utf8/LC_IDENTIFICATION
7f1c3ae5b000-7f1c3ae63000 rw-s 00000000 00:2a 219                        /tmp/hsperfdata_oliv/883
7f1c3ae63000-7f1c3ae64000 ---p 00000000 00:00 0 
7f1c3ae64000-7f1c3ae65000 r--p 00000000 00:00 0 
7f1c3ae65000-7f1c3ae66000 ---p 00000000 00:00 0 
7f1c3ae66000-7f1c3ae68000 rw-p 00000000 00:00 0 
7f1c3ae68000-7f1c3ae6a000 r--p 00000000 08:05 10414124                   /usr/lib/x86_64-linux-gnu/ld-linux-x86-64.so.2
7f1c3ae6a000-7f1c3ae92000 r-xp 00002000 08:05 10414124                   /usr/lib/x86_64-linux-gnu/ld-linux-x86-64.so.2
7f1c3ae92000-7f1c3ae9d000 r--p 0002a000 08:05 10414124                   /usr/lib/x86_64-linux-gnu/ld-linux-x86-64.so.2
7f1c3ae9d000-7f1c3ae9f000 r--p 00034000 08:05 10414124                   /usr/lib/x86_64-linux-gnu/ld-linux-x86-64.so.2
7f1c3ae9f000-7f1c3aea1000 rw-p 00036000 08:05 10414124                   /usr/lib/x86_64-linux-gnu/ld-linux-x86-64.so.2
7ffe228b8000-7ffe228d9000 rw-p 00000000 00:00 0                          [stack]
7ffe228d9000-7ffe228dd000 r--p 00000000 00:00 0                          [vvar]
7ffe228dd000-7ffe228df000 r-xp 00000000 00:00 0                          [vdso]
ffffffffff600000-ffffffffff601000 --xp 00000000 00:00 0                  [vsyscall]


VM Arguments:
jvm_args: -Dmaven.multiModuleProjectDirectory=/home/oliv/Documents/openclassrooms/P9/patient-info -Djansi.passthrough=true -Dmaven.home=/app/IDEA-C/plugins/maven/lib/maven3 -Dclassworlds.conf=/app/IDEA-C/plugins/maven/lib/maven3/bin/m2.conf -Dmaven.ext.class.path=/app/IDEA-C/plugins/maven/lib/maven-event-listener.jar -javaagent:/app/IDEA-C/lib/idea_rt.jar=38269:/app/IDEA-C/bin -Dfile.encoding=UTF-8 
java_command: org.codehaus.classworlds.Launcher -Didea.version=2023.1.2 install
java_class_path (initial): /app/IDEA-C/plugins/maven/lib/maven3/boot/plexus-classworlds.license:/app/IDEA-C/plugins/maven/lib/maven3/boot/plexus-classworlds-2.6.0.jar
Launcher Type: SUN_STANDARD

[Global flags]
     intx CICompilerCount                          = 4                                         {product} {ergonomic}
     uint ConcGCThreads                            = 2                                         {product} {ergonomic}
     uint G1ConcRefinementThreads                  = 8                                         {product} {ergonomic}
   size_t G1HeapRegionSize                         = 1048576                                   {product} {ergonomic}
    uintx GCDrainStackTargetSize                   = 64                                        {product} {ergonomic}
   size_t InitialHeapSize                          = 132120576                                 {product} {ergonomic}
   size_t MarkStackSize                            = 4194304                                   {product} {ergonomic}
   size_t MaxHeapSize                              = 2082471936                                {product} {ergonomic}
   size_t MaxNewSize                               = 1248854016                                {product} {ergonomic}
   size_t MinHeapDeltaBytes                        = 1048576                                   {product} {ergonomic}
   size_t MinHeapSize                              = 8388608                                   {product} {ergonomic}
    uintx NonNMethodCodeHeapSize                   = 5839372                                {pd product} {ergonomic}
    uintx NonProfiledCodeHeapSize                  = 122909434                              {pd product} {ergonomic}
    uintx ProfiledCodeHeapSize                     = 122909434                              {pd product} {ergonomic}
    uintx ReservedCodeCacheSize                    = 251658240                              {pd product} {ergonomic}
     bool SegmentedCodeCache                       = true                                      {product} {ergonomic}
   size_t SoftMaxHeapSize                          = 2082471936                             {manageable} {ergonomic}
     bool UseCompressedClassPointers               = true                           {product lp64_product} {ergonomic}
     bool UseCompressedOops                        = true                           {product lp64_product} {ergonomic}
     bool UseG1GC                                  = true                                      {product} {ergonomic}

Logging:
Log output configuration:
 #0: stdout all=warning uptime,level,tags
 #1: stderr all=off uptime,level,tags

Environment Variables:
PATH=/app/bin:/usr/bin:/home/oliv/.var/app/com.jetbrains.IntelliJ-IDEA-Community/data/node/bin:/home/oliv/.var/app/com.jetbrains.IntelliJ-IDEA-Community/data/cargo/bin:/home/oliv/.var/app/com.jetbrains.IntelliJ-IDEA-Community/data/python/bin:/home/oliv/.var/app/com.jetbrains.IntelliJ-IDEA-Community/data/gem/ruby/3.1.0/bin
LD_LIBRARY_PATH=
SHELL=/bin/sh
DISPLAY=:99.0
LANG=fr_FR.UTF-8

Signal Handlers:
   SIGSEGV: crash_handler in libjvm.so, mask=11100100010111111101111111111110, flags=SA_RESTART|SA_SIGINFO
    SIGBUS: crash_handler in libjvm.so, mask=11100100010111111101111111111110, flags=SA_RESTART|SA_SIGINFO
    SIGFPE: crash_handler in libjvm.so, mask=11100100010111111101111111111110, flags=SA_RESTART|SA_SIGINFO
   SIGPIPE: javaSignalHandler in libjvm.so, mask=11100100010111111101111111111110, flags=SA_RESTART|SA_SIGINFO
   SIGXFSZ: javaSignalHandler in libjvm.so, mask=11100100010111111101111111111110, flags=SA_RESTART|SA_SIGINFO
    SIGILL: crash_handler in libjvm.so, mask=11100100010111111101111111111110, flags=SA_RESTART|SA_SIGINFO
   SIGUSR2: SR_handler in libjvm.so, mask=00100000000000000000000000000000, flags=SA_RESTART|SA_SIGINFO
    SIGHUP: UserHandler in libjvm.so, mask=11100100010111111101111111111110, flags=SA_RESTART|SA_SIGINFO
    SIGINT: UserHandler in libjvm.so, mask=11100100010111111101111111111110, flags=SA_RESTART|SA_SIGINFO
   SIGTERM: UserHandler in libjvm.so, mask=11100100010111111101111111111110, flags=SA_RESTART|SA_SIGINFO
   SIGQUIT: UserHandler in libjvm.so, mask=11100100010111111101111111111110, flags=SA_RESTART|SA_SIGINFO
   SIGTRAP: crash_handler in libjvm.so, mask=11100100010111111101111111111110, flags=SA_RESTART|SA_SIGINFO


---------------  S Y S T E M  ---------------

OS:
NAME="Freedesktop SDK"
VERSION="22.08 (Flatpak runtime)"
VERSION_ID=22.08
ID=org.freedesktop.platform
PRETTY_NAME="Freedesktop.org SDK 22.08 (Flatpak runtime)"
BUG_REPORT_URL=https://gitlab.com/freedesktop-sdk/freedesktop-sdk/issues
uname: Linux 5.15.0-73-generic #80-Ubuntu SMP Mon May 15 15:18:26 UTC 2023 x86_64
OS uptime: 0 days 0:51 hours
libc: glibc 2.35 NPTL 2.35 
rlimit (soft/hard): STACK 8192k/infinity , CORE 0k/infinity , NPROC 31275/31275 , NOFILE 1048576/1048576 , AS infinity/infinity , CPU infinity/infinity , DATA infinity/infinity , FSIZE infinity/infinity , MEMLOCK 1016008k/1016008k
load average: 1,10 0,94 0,93

/proc/meminfo:
MemTotal:        8128072 kB
MemFree:          532816 kB
MemAvailable:    4381116 kB
Buffers:          820744 kB
Cached:          2738340 kB
SwapCached:           60 kB
Active:          1489732 kB
Inactive:        5218496 kB
Active(anon):       2716 kB
Inactive(anon):  3159812 kB
Active(file):    1487016 kB
Inactive(file):  2058684 kB
Unevictable:          48 kB
Mlocked:              48 kB
SwapTotal:       2097148 kB
SwapFree:        2095868 kB
Dirty:                 8 kB
Writeback:             0 kB
AnonPages:       3149308 kB
Mapped:           974712 kB
Shmem:             17680 kB
KReclaimable:     607296 kB
Slab:             718088 kB
SReclaimable:     607296 kB
SUnreclaim:       110792 kB
KernelStack:       12256 kB
PageTables:        27348 kB
NFS_Unstable:          0 kB
Bounce:                0 kB
WritebackTmp:          0 kB
CommitLimit:     6161184 kB
Committed_AS:    6940284 kB
VmallocTotal:   34359738367 kB
VmallocUsed:       43460 kB
VmallocChunk:          0 kB
Percpu:             6720 kB
HardwareCorrupted:     0 kB
AnonHugePages:         0 kB
ShmemHugePages:        0 kB
ShmemPmdMapped:        0 kB
FileHugePages:         0 kB
FilePmdMapped:         0 kB
HugePages_Total:       0
HugePages_Free:        0
HugePages_Rsvd:        0
HugePages_Surp:        0
Hugepagesize:       2048 kB
Hugetlb:               0 kB
DirectMap4k:      433044 kB
DirectMap2M:     7944192 kB

/sys/kernel/mm/transparent_hugepage/enabled: <Not Available>
/sys/kernel/mm/transparent_hugepage/defrag (defrag/compaction efforts parameter): <Not Available>

Process Memory:
Virtual Size: 5097524K (peak: 5159296K)
Resident Set Size: 89320K (peak: 89320K) (anon: 61312K, file: 27964K, shmem: 44K)
Swapped out: 0K
C-Heap outstanding allocations: 14263K

/proc/sys/kernel/threads-max (system-wide limit on the number of threads): 62550
/proc/sys/vm/max_map_count (maximum number of memory map areas a process may have): 65530
/proc/sys/kernel/pid_max (system-wide limit on number of process identifiers): 4194304

Steal ticks since vm start: 0
Steal ticks percentage since vm start:  0,000

CPU: total 8 (initial active 8) (4 cores per cpu, 2 threads per core) family 6 model 30 stepping 5 microcode 0xa, cx8, cmov, fxsr, ht, mmx, sse, sse2, sse3, ssse3, sse4.1, sse4.2, popcnt, tsc, tscinvbit, clflush
CPU Model and flags from /proc/cpuinfo:
model name	: Intel(R) Core(TM) i7 CPU       Q 720  @ 1.60GHz
flags		: fpu vme de pse tsc msr pae mce cx8 apic sep mtrr pge mca cmov pat pse36 clflush dts acpi mmx fxsr sse sse2 ht tm pbe syscall nx rdtscp lm constant_tsc arch_perfmon pebs bts rep_good nopl xtopology nonstop_tsc cpuid aperfmperf pni dtes64 monitor ds_cpl vmx smx est tm2 ssse3 cx16 xtpr pdcm sse4_1 sse4_2 popcnt lahf_lm pti ssbd ibrs ibpb stibp tpr_shadow vnmi flexpriority ept vpid dtherm ida flush_l1d

Online cpus: 0-7
Offline cpus: 
BIOS frequency limitation: 1600000
Frequency switch latency (ns): 10000
Available cpu frequencies: 1600000 1599000 1466000 1333000 1199000 1066000 933000 
Current governor: schedutil
Core performance/turbo boost: 1

Memory: 4k page, physical 8128072k(532816k free), swap 2097148k(2095868k free)
Page Sizes: 4k

vm_info: OpenJDK 64-Bit Server VM (17+35-2724) for linux-amd64 JRE (17+35-2724), built on Aug  5 2021 22:17:49 by "mach5one" with gcc 10.3.0

END.
