#
# A fatal error has been detected by the Java Runtime Environment:
#
#  SIGSEGV (0xb) at pc=0x00007f4b94a098c4, pid=958, tid=995
#
# JRE version: OpenJDK Runtime Environment (17.0+35) (build 17+35-2724)
# Java VM: OpenJDK 64-Bit Server VM (17+35-2724, mixed mode, sharing, tiered, compressed oops, compressed class ptrs, g1 gc, linux-amd64)
# Problematic frame:
# V  [libjvm.so+0x7038c4]  G1ParScanThreadState::trim_queue_to_threshold(unsigned int)+0x14d4
#
# Core dump will be written. Default location: Core dumps may be processed with "/lib/systemd/systemd-coredump %P %u %g %s %t 9223372036854775808 %h" (or dumping to /home/oliv/Documents/openclassrooms/P9/patient-info/core.958)
#
# If you would like to submit a bug report, please visit:
#   https://bugreport.java.com/bugreport/crash.jsp
#

---------------  S U M M A R Y ------------

Command Line: -Dmaven.multiModuleProjectDirectory=/home/oliv/Documents/openclassrooms/P9/patient-info -Djansi.passthrough=true -Dmaven.home=/app/IDEA-C/plugins/maven/lib/maven3 -Dclassworlds.conf=/app/IDEA-C/plugins/maven/lib/maven3/bin/m2.conf -Dmaven.ext.class.path=/app/IDEA-C/plugins/maven/lib/maven-event-listener.jar -javaagent:/app/IDEA-C/lib/idea_rt.jar=33469:/app/IDEA-C/bin -Dfile.encoding=UTF-8 org.codehaus.classworlds.Launcher -Didea.version=2023.1.2 install

Host: Intel(R) Core(TM) i7 CPU       Q 720  @ 1.60GHz, 8 cores, 7G, Freedesktop.org SDK 22.08 (Flatpak runtime)
Time: Tue Jun 13 19:28:50 2023 CEST elapsed time: 1.077731 seconds (0d 0h 0m 1s)

---------------  T H R E A D  ---------------

Current thread (0x00007f4b5c006760):  GCTaskThread "GC Thread#2" [stack: 0x00007f4b375fe000,0x00007f4b376fe000] [id=995]

Stack: [0x00007f4b375fe000,0x00007f4b376fe000],  sp=0x00007f4b376fc9b0,  free space=1018k
Native frames: (J=compiled Java code, j=interpreted, Vv=VM code, C=native code)
V  [libjvm.so+0x7038c4]  G1ParScanThreadState::trim_queue_to_threshold(unsigned int)+0x14d4
V  [libjvm.so+0x71fb40]  G1ScanHRForRegionClosure::scan_heap_roots(HeapRegion*)+0x560
V  [libjvm.so+0x716e47]  G1RemSet::scan_heap_roots(G1ParScanThreadState*, unsigned int, G1GCPhaseTimes::GCParPhases, G1GCPhaseTimes::GCParPhases, bool)+0x1a7
V  [libjvm.so+0x6c047b]  G1EvacuateRegionsTask::scan_roots(G1ParScanThreadState*, unsigned int)+0x4b
V  [libjvm.so+0x6c0bf3]  G1EvacuateRegionsBaseTask::work(unsigned int)+0x83
V  [libjvm.so+0xe3f88f]  GangWorker::loop()+0x5f
V  [libjvm.so+0xe3f8ef]
V  [libjvm.so+0xd91cfe]  Thread::call_run()+0xde
V  [libjvm.so+0xbe8011]  thread_native_entry(Thread*)+0xe1
C  [libc.so.6+0x8f1da]


siginfo: si_signo: 11 (SIGSEGV), si_code: 1 (SEGV_MAPERR), si_addr: 0x0000000000000040

Register to memory mapping:

RAX=0x00007f4b90062584 points into unknown readable memory: 00 00 00 00
RBX=0x00007f4b1c000d70 points into unknown readable memory: 0x00007f4b95438428 | 28 84 43 95 4b 7f 00 00
RCX=0x00007f4b90062584 points into unknown readable memory: 00 00 00 00
RDX=0x0 is NULL
RSP=0x00007f4b376fc9b0 points into unknown readable memory: 0x00007ffe9c7b080a | 0a 08 7b 9c fe 7f 00 00
RBP=0x00007f4b376fca40 points into unknown readable memory: 0x00007f4b376fcb90 | 90 cb 6f 37 4b 7f 00 00
RSI=0x0 is NULL
RDI=0x0 is NULL
R8 =0x0000000000000001 is an unknown value
R9 =0x0 is NULL
R10=0x0 is NULL
R11=0x0000000000000032 is an unknown value
R12=0x00000000ffe17b35 is pointing into object: java.lang.Class 
{0x00000000ffe17af0} - klass: 'java/lang/Class'
 - ---- fields (total size 14 words):
 - private volatile transient 'classRedefinedCount' 'I' @12  0
 - private volatile transient 'cachedConstructor' 'Ljava/lang/reflect/Constructor;' @40  NULL (0)
 - private transient 'name' 'Ljava/lang/String;' @44  NULL (0)
 - private transient 'module' 'Ljava/lang/Module;' @48  NULL (0)
 - private final 'classLoader' 'Ljava/lang/ClassLoader;' @52  NULL (0)
 - private transient 'classData' 'Ljava/lang/Object;' @56  NULL (0)
 - private transient 'packageName' 'Ljava/lang/String;' @60  NULL (0)
 - private final 'componentType' 'Ljava/lang/Class;' @64  NULL (0)
 - private volatile transient 'reflectionData' 'Ljava/lang/ref/SoftReference;' @68  
[error occurred during error reporting (printing register info), id 0xb, SIGSEGV (0xb) at pc=0x00007f4b94afaeda]

Registers:
RAX=0x00007f4b90062584, RBX=0x00007f4b1c000d70, RCX=0x00007f4b90062584, RDX=0x0000000000000000
RSP=0x00007f4b376fc9b0, RBP=0x00007f4b376fca40, RSI=0x0000000000000000, RDI=0x0000000000000000
R8 =0x0000000000000001, R9 =0x0000000000000000, R10=0x0000000000000000, R11=0x0000000000000032
R12=0x00000000ffe17b35, R13=0x0000000000000040, R14=0x0000000000000000, R15=0x00007f4b954e62f0
RIP=0x00007f4b94a098c4, EFLAGS=0x0000000000010246, CSGSFS=0x002b000000000033, ERR=0x0000000000000004
  TRAPNO=0x000000000000000e

Top of Stack: (sp=0x00007f4b376fc9b0)
0x00007f4b376fc9b0:   00007ffe9c7b080a 0000000000000019
0x00007f4b376fc9c0:   00007f4b789b20c6 00007f4b00000000
0x00007f4b376fc9d0:   00007f4b900e70e0 0000000000000000
0x00007f4b376fc9e0:   0000000800000d68 0000000000000002 

Instructions: (pc=0x00007f4b94a098c4)
0x00007f4b94a097c4:   48 8b 93 90 01 00 00 48 89 c6 8b 8a 90 05 00 00
0x00007f4b94a097d4:   48 d3 ee 48 8b 8a 80 05 00 00 4c 8d 04 71 41 0f
0x00007f4b94a097e4:   b6 78 01 40 84 ff 78 94 42 0f 18 0c 30 ba 10 00
0x00007f4b94a097f4:   00 00 0f 18 0c 10 48 8b 83 98 01 00 00 49 8d 4c
0x00007f4b94a09804:   24 01 4c 8b 78 10 41 8b 87 80 00 00 00 41 8b b7
0x00007f4b94a09814:   00 01 00 00 89 c2 29 f2 81 e2 ff ff 01 00 81 fa
0x00007f4b94a09824:   fd ff 01 00 0f 86 5d 0b 00 00 49 8b 87 a0 02 00
0x00007f4b94a09834:   00 49 3b 87 88 02 00 00 0f 84 94 14 00 00 48 8d
0x00007f4b94a09844:   34 c5 00 00 00 00 48 83 c0 01 49 8b 97 b8 02 00
0x00007f4b94a09854:   00 48 89 0c 32 49 89 87 a0 02 00 00 e9 3a ff ff
0x00007f4b94a09864:   ff 0f 1f 00 49 8d bd 80 02 00 00 e8 2c e0 fb ff
0x00007f4b94a09874:   b8 01 00 00 00 31 d2 e9 f8 fd ff ff 4c 8d 3d 69
0x00007f4b94a09884:   ca ad 00 45 8b 6c 24 ff 48 8b 43 08 41 8b 77 08
0x00007f4b94a09894:   49 8b 17 89 f1 49 d3 e5 8b 88 90 05 00 00 48 8b
0x00007f4b94a098a4:   80 80 05 00 00 49 01 d5 4c 89 ef 48 d3 ef 48 8d
0x00007f4b94a098b4:   0c 78 44 0f b6 51 01 45 84 d2 0f 88 74 f5 ff ff
0x00007f4b94a098c4:   49 8b 45 00 48 89 c7 83 e7 03 48 83 ff 03 0f 85
0x00007f4b94a098d4:   7a 06 00 00 48 8d 0d 81 1f b2 00 80 39 00 0f 85
0x00007f4b94a098e4:   58 0b 00 00 48 83 e0 fc 4c 8d 2d 89 34 b2 00 48
0x00007f4b94a098f4:   89 45 b8 48 8b 7d b8 89 f1 49 83 ec 01 48 89 f8
0x00007f4b94a09904:   48 29 d0 48 d3 e8 41 89 04 24 48 89 f8 41 8b 4d
0x00007f4b94a09914:   00 4c 31 e0 48 d3 e8 48 85 c0 0f 84 14 f5 ff ff
0x00007f4b94a09924:   48 8b 53 08 4c 89 e0 8b 8a c0 01 00 00 48 d3 e8
0x00007f4b94a09934:   48 89 c1 48 8b 82 b0 01 00 00 48 8b 04 c8 8b 80
0x00007f4b94a09944:   bc 00 00 00 a8 02 0f 85 e8 f4 ff ff 8b 8a 90 05
0x00007f4b94a09954:   00 00 48 89 f8 48 8b 92 80 05 00 00 48 d3 e8 80
0x00007f4b94a09964:   3c 42 00 0f 84 cb f4 ff ff 49 c1 ec 09 48 8b 43
0x00007f4b94a09974:   60 4c 89 e6 e9 94 f4 ff ff 0f 1f 00 49 8d bf 80
0x00007f4b94a09984:   02 00 00 48 89 4d b8 e8 10 df fb ff 48 8b 4d b8
0x00007f4b94a09994:   b8 01 00 00 00 31 d2 e9 bb f0 ff ff 0f 84 9b 03
0x00007f4b94a099a4:   00 00 3c 01 48 8d 0d fd d2 ad 00 48 19 c0 83 e0
0x00007f4b94a099b4:   04 8b 31 44 89 f1 41 c1 fe 10 49 63 44 05 0c 48 


Stack slot to memory mapping:
stack at sp + 0 slots: 0x00007ffe9c7b080a: <offset 0x000000000000080a> in linux-vdso.so.1 at 0x00007ffe9c7b0000
stack at sp + 1 slots: 0x0000000000000019 is an unknown value
stack at sp + 2 slots: 0x00007f4b789b20c6 points into unknown readable memory: ff ff
stack at sp + 3 slots: 0x00007f4b00000000 is an unknown value
stack at sp + 4 slots: 0x00007f4b900e70e0 points into unknown readable memory: 0x000000008b200000 | 00 00 20 8b 00 00 00 00
stack at sp + 5 slots: 0x0 is NULL
stack at sp + 6 slots: 0x0000000800000d68 is a pointer to class: 
java.lang.Object {0x0000000800000d68}
 - instance size:     2
 - klass size:        65
 - access:            public synchronized 
 - state:             fully_initialized
 - name:              'java/lang/Object'
 - super:             NULL
 - sub:               'org/apache/maven/plugin/ExtensionRealmCache'   'org/apache/maven/plugin/BuildPluginManager'   'org/apache/maven/model/plugin/LifecycleBindingsInjector'   'org/apache/maven/lifecycle/internal/builder/BuilderCommon'   (1341 more klasses...)
 - arrays:            'java/lang/Object'[]
 - methods:           Array<T>(0x00000008005c2db0)
 - method ordering:   Array<T>(0x00000008005c2e28)
 - default_methods:   Array<T>(0x0000000000000000)
 - local interfaces:  Array<T>(0x00000008005c2e18)
 - trans. interfaces: Array<T>(0x00000008005c2e18)
 - constants:         constant pool [92] {0x00000008005c2a80} for 'java/lang/Object' cache=0x000000080042ec20
 - class loader data:  loader data: 0x00007f4b90103170 of 'bootstrap'
 - source file:       'Object.java'
 - class annotations:       Array<T>(0x0000000000000000)
 - class type annotations:  Array<T>(0x0000000000000000)
 - field annotations:       Array<T>(0x0000000000000000)
 - field type annotations:  Array<T>(0x0000000000000000)
 - inner classes:     Array<T>(0x00000008005c2da8)
 - nest members:     Array<T>(0x00000008005c2da8)
 - permitted subclasses:     Array<T>(0x00000008005c2da8)
 - java mirror:       a 'java/lang/Class'{0x00000000ffe008c8} = 'java/lang/Object'
 - vtable length      5  (start addr: 0x0000000800000f38)
 - itable length      2 (start addr: 0x0000000800000f60)
 - ---- static fields (0 words):
 - ---- non-static fields (0 words):
 - non-static oop maps: 
stack at sp + 7 slots: 0x0000000000000002 is an unknown value


---------------  P R O C E S S  ---------------

Threads class SMR info:
_java_thread_list=0x00007f4b381773a0, length=13, elements={
0x00007f4b90025ca0, 0x00007f4b9011e850, 0x00007f4b9011fc30, 0x00007f4b90128eb0,
0x00007f4b9012a260, 0x00007f4b9012b670, 0x00007f4b9012d020, 0x00007f4b9012e550,
0x00007f4b901379b0, 0x00007f4b90142620, 0x00007f4b901bd310, 0x00007f4b901bed40,
0x00007f4b381763b0
}

Java Threads: ( => current thread )
  0x00007f4b90025ca0 JavaThread "main" [_thread_blocked, id=961, stack(0x00007f4b9411e000,0x00007f4b9421e000)]
  0x00007f4b9011e850 JavaThread "Reference Handler" daemon [_thread_blocked, id=968, stack(0x00007f4b649fe000,0x00007f4b64afe000)]
  0x00007f4b9011fc30 JavaThread "Finalizer" daemon [_thread_blocked, id=969, stack(0x00007f4b648fe000,0x00007f4b649fe000)]
  0x00007f4b90128eb0 JavaThread "Signal Dispatcher" daemon [_thread_blocked, id=970, stack(0x00007f4b64586000,0x00007f4b64686000)]
  0x00007f4b9012a260 JavaThread "Service Thread" daemon [_thread_blocked, id=971, stack(0x00007f4b64486000,0x00007f4b64586000)]
  0x00007f4b9012b670 JavaThread "Monitor Deflation Thread" daemon [_thread_blocked, id=972, stack(0x00007f4b64386000,0x00007f4b64486000)]
  0x00007f4b9012d020 JavaThread "C2 CompilerThread0" daemon [_thread_blocked, id=973, stack(0x00007f4b64286000,0x00007f4b64386000)]
  0x00007f4b9012e550 JavaThread "C1 CompilerThread0" daemon [_thread_blocked, id=974, stack(0x00007f4b64186000,0x00007f4b64286000)]
  0x00007f4b901379b0 JavaThread "Sweeper thread" daemon [_thread_blocked, id=975, stack(0x00007f4b64086000,0x00007f4b64186000)]
  0x00007f4b90142620 JavaThread "Common-Cleaner" daemon [_thread_blocked, id=979, stack(0x00007f4b37f00000,0x00007f4b38000000)]
  0x00007f4b901bd310 JavaThread "Monitor Ctrl-Break" daemon [_thread_in_native, id=980, stack(0x00007f4b37e00000,0x00007f4b37f00000)]
  0x00007f4b901bed40 JavaThread "Notification Thread" daemon [_thread_blocked, id=981, stack(0x00007f4b37d00000,0x00007f4b37e00000)]
  0x00007f4b381763b0 JavaThread "C2 CompilerThread1" daemon [_thread_blocked, id=983, stack(0x00007f4b37afe000,0x00007f4b37bfe000)]

Other Threads:
  0x00007f4b9011a880 VMThread "VM Thread" [stack: 0x00007f4b64b00000,0x00007f4b64c00000] [id=967]
  0x00007f4b90027fb0 WatcherThread [stack: 0x00007f4b37c00000,0x00007f4b37d00000] [id=982]
  0x00007f4b90064f40 GCTaskThread "GC Thread#0" [stack: 0x00007f4b742e1000,0x00007f4b743e1000] [id=962]
  0x00007f4b5c005d30 GCTaskThread "GC Thread#1" [stack: 0x00007f4b37700000,0x00007f4b37800000] [id=994]
=>0x00007f4b5c006760 GCTaskThread "GC Thread#2" [stack: 0x00007f4b375fe000,0x00007f4b376fe000] [id=995]
  0x00007f4b90075d80 ConcurrentGCThread "G1 Main Marker" [stack: 0x00007f4b741df000,0x00007f4b742df000] [id=963]
  0x00007f4b90076ce0 ConcurrentGCThread "G1 Conc#0" [stack: 0x00007f4b740dd000,0x00007f4b741dd000] [id=964]
  0x00007f4b900edbb0 ConcurrentGCThread "G1 Refine#0" [stack: 0x00007f4b656f8000,0x00007f4b657f8000] [id=965]
  0x00007f4b900eeaa0 ConcurrentGCThread "G1 Service" [stack: 0x00007f4b655f6000,0x00007f4b656f6000] [id=966]

Threads with active compile tasks:
C2 CompilerThread0     1089  954       4       java.io.InputStreamReader::read (11 bytes)
C2 CompilerThread1     1089  971       4       sun.nio.cs.StreamDecoder::implRead (243 bytes)

VM state: at safepoint (normal execution)

VM Mutex/Monitor currently owned by a thread:  ([mutex/lock_event])
[0x00007f4b90022a10] Threads_lock - owner thread: 0x00007f4b9011a880
[0x00007f4b900231c0] Heap_lock - owner thread: 0x00007f4b90025ca0

Heap address: 0x0000000083e00000, size: 1986 MB, Compressed Oops mode: 32-bit

CDS archive(s) mapped at: [0x0000000800000000-0x0000000800bd9000-0x0000000800bd9000), size 12423168, SharedBaseAddress: 0x0000000800000000, ArchiveRelocationMode: 0.
Compressed class space mapped at: 0x0000000800c00000-0x0000000840c00000, reserved size: 1073741824
Narrow klass base: 0x0000000800000000, Narrow klass shift: 0, Narrow klass range: 0x100000000

GC Precious Log:
 CPUs: 8 total, 8 available
 Memory: 7937M
 Large Page Support: Disabled
 NUMA Support: Disabled
 Compressed Oops: Enabled (32-bit)
 Heap Region Size: 1M
 Heap Min Capacity: 8M
 Heap Initial Capacity: 126M
 Heap Max Capacity: 1986M
 Pre-touch: Disabled
 Parallel Workers: 8
 Concurrent Workers: 2
 Concurrent Refinement Workers: 8
 Periodic GC: Disabled

Heap:
 garbage-first heap   total 131072K, used 24544K [0x0000000083e00000, 0x0000000100000000)
  region size 1024K, 26 young (26624K), 3 survivors (3072K)
 Metaspace       used 5760K, committed 5952K, reserved 1056768K
  class space    used 677K, committed 768K, reserved 1048576K

Heap Regions: E=young(eden), S=young(survivor), O=old, HS=humongous(starts), HC=humongous(continues), CS=collection set, F=free, OA=open archive, CA=closed archive, TAMS=top-at-mark-start (previous, next)
|   0|0x0000000083e00000, 0x0000000083e4e318, 0x0000000083f00000| 30%| O|  |TAMS 0x0000000083e00000, 0x0000000083e00000| Untracked 
|   1|0x0000000083f00000, 0x0000000083f00000, 0x0000000084000000|  0%| F|  |TAMS 0x0000000083f00000, 0x0000000083f00000| Untracked 
|   2|0x0000000084000000, 0x0000000084000000, 0x0000000084100000|  0%| F|  |TAMS 0x0000000084000000, 0x0000000084000000| Untracked 
|   3|0x0000000084100000, 0x0000000084100000, 0x0000000084200000|  0%| F|  |TAMS 0x0000000084100000, 0x0000000084100000| Untracked 
|   4|0x0000000084200000, 0x0000000084200000, 0x0000000084300000|  0%| F|  |TAMS 0x0000000084200000, 0x0000000084200000| Untracked 
|   5|0x0000000084300000, 0x0000000084300000, 0x0000000084400000|  0%| F|  |TAMS 0x0000000084300000, 0x0000000084300000| Untracked 
|   6|0x0000000084400000, 0x0000000084400000, 0x0000000084500000|  0%| F|  |TAMS 0x0000000084400000, 0x0000000084400000| Untracked 
|   7|0x0000000084500000, 0x0000000084500000, 0x0000000084600000|  0%| F|  |TAMS 0x0000000084500000, 0x0000000084500000| Untracked 
|   8|0x0000000084600000, 0x0000000084600000, 0x0000000084700000|  0%| F|  |TAMS 0x0000000084600000, 0x0000000084600000| Untracked 
|   9|0x0000000084700000, 0x0000000084700000, 0x0000000084800000|  0%| F|  |TAMS 0x0000000084700000, 0x0000000084700000| Untracked 
|  10|0x0000000084800000, 0x0000000084800000, 0x0000000084900000|  0%| F|  |TAMS 0x0000000084800000, 0x0000000084800000| Untracked 
|  11|0x0000000084900000, 0x0000000084900000, 0x0000000084a00000|  0%| F|  |TAMS 0x0000000084900000, 0x0000000084900000| Untracked 
|  12|0x0000000084a00000, 0x0000000084a00000, 0x0000000084b00000|  0%| F|  |TAMS 0x0000000084a00000, 0x0000000084a00000| Untracked 
|  13|0x0000000084b00000, 0x0000000084b00000, 0x0000000084c00000|  0%| F|  |TAMS 0x0000000084b00000, 0x0000000084b00000| Untracked 
|  14|0x0000000084c00000, 0x0000000084c00000, 0x0000000084d00000|  0%| F|  |TAMS 0x0000000084c00000, 0x0000000084c00000| Untracked 
|  15|0x0000000084d00000, 0x0000000084d00000, 0x0000000084e00000|  0%| F|  |TAMS 0x0000000084d00000, 0x0000000084d00000| Untracked 
|  16|0x0000000084e00000, 0x0000000084e00000, 0x0000000084f00000|  0%| F|  |TAMS 0x0000000084e00000, 0x0000000084e00000| Untracked 
|  17|0x0000000084f00000, 0x0000000084f00000, 0x0000000085000000|  0%| F|  |TAMS 0x0000000084f00000, 0x0000000084f00000| Untracked 
|  18|0x0000000085000000, 0x0000000085000000, 0x0000000085100000|  0%| F|  |TAMS 0x0000000085000000, 0x0000000085000000| Untracked 
|  19|0x0000000085100000, 0x0000000085100000, 0x0000000085200000|  0%| F|  |TAMS 0x0000000085100000, 0x0000000085100000| Untracked 
|  20|0x0000000085200000, 0x0000000085200000, 0x0000000085300000|  0%| F|  |TAMS 0x0000000085200000, 0x0000000085200000| Untracked 
|  21|0x0000000085300000, 0x0000000085300000, 0x0000000085400000|  0%| F|  |TAMS 0x0000000085300000, 0x0000000085300000| Untracked 
|  22|0x0000000085400000, 0x0000000085400000, 0x0000000085500000|  0%| F|  |TAMS 0x0000000085400000, 0x0000000085400000| Untracked 
|  23|0x0000000085500000, 0x0000000085500000, 0x0000000085600000|  0%| F|  |TAMS 0x0000000085500000, 0x0000000085500000| Untracked 
|  24|0x0000000085600000, 0x0000000085600000, 0x0000000085700000|  0%| F|  |TAMS 0x0000000085600000, 0x0000000085600000| Untracked 
|  25|0x0000000085700000, 0x0000000085700000, 0x0000000085800000|  0%| F|  |TAMS 0x0000000085700000, 0x0000000085700000| Untracked 
|  26|0x0000000085800000, 0x0000000085800000, 0x0000000085900000|  0%| F|  |TAMS 0x0000000085800000, 0x0000000085800000| Untracked 
|  27|0x0000000085900000, 0x0000000085900000, 0x0000000085a00000|  0%| F|  |TAMS 0x0000000085900000, 0x0000000085900000| Untracked 
|  28|0x0000000085a00000, 0x0000000085a00000, 0x0000000085b00000|  0%| F|  |TAMS 0x0000000085a00000, 0x0000000085a00000| Untracked 
|  29|0x0000000085b00000, 0x0000000085b00000, 0x0000000085c00000|  0%| F|  |TAMS 0x0000000085b00000, 0x0000000085b00000| Untracked 
|  30|0x0000000085c00000, 0x0000000085c00000, 0x0000000085d00000|  0%| F|  |TAMS 0x0000000085c00000, 0x0000000085c00000| Untracked 
|  31|0x0000000085d00000, 0x0000000085d00000, 0x0000000085e00000|  0%| F|  |TAMS 0x0000000085d00000, 0x0000000085d00000| Untracked 
|  32|0x0000000085e00000, 0x0000000085e00000, 0x0000000085f00000|  0%| F|  |TAMS 0x0000000085e00000, 0x0000000085e00000| Untracked 
|  33|0x0000000085f00000, 0x0000000085f00000, 0x0000000086000000|  0%| F|  |TAMS 0x0000000085f00000, 0x0000000085f00000| Untracked 
|  34|0x0000000086000000, 0x0000000086000000, 0x0000000086100000|  0%| F|  |TAMS 0x0000000086000000, 0x0000000086000000| Untracked 
|  35|0x0000000086100000, 0x0000000086100000, 0x0000000086200000|  0%| F|  |TAMS 0x0000000086100000, 0x0000000086100000| Untracked 
|  36|0x0000000086200000, 0x0000000086200000, 0x0000000086300000|  0%| F|  |TAMS 0x0000000086200000, 0x0000000086200000| Untracked 
|  37|0x0000000086300000, 0x0000000086300000, 0x0000000086400000|  0%| F|  |TAMS 0x0000000086300000, 0x0000000086300000| Untracked 
|  38|0x0000000086400000, 0x0000000086400000, 0x0000000086500000|  0%| F|  |TAMS 0x0000000086400000, 0x0000000086400000| Untracked 
|  39|0x0000000086500000, 0x0000000086500000, 0x0000000086600000|  0%| F|  |TAMS 0x0000000086500000, 0x0000000086500000| Untracked 
|  40|0x0000000086600000, 0x0000000086600000, 0x0000000086700000|  0%| F|  |TAMS 0x0000000086600000, 0x0000000086600000| Untracked 
|  41|0x0000000086700000, 0x0000000086700000, 0x0000000086800000|  0%| F|  |TAMS 0x0000000086700000, 0x0000000086700000| Untracked 
|  42|0x0000000086800000, 0x0000000086800000, 0x0000000086900000|  0%| F|  |TAMS 0x0000000086800000, 0x0000000086800000| Untracked 
|  43|0x0000000086900000, 0x0000000086900000, 0x0000000086a00000|  0%| F|  |TAMS 0x0000000086900000, 0x0000000086900000| Untracked 
|  44|0x0000000086a00000, 0x0000000086a00000, 0x0000000086b00000|  0%| F|  |TAMS 0x0000000086a00000, 0x0000000086a00000| Untracked 
|  45|0x0000000086b00000, 0x0000000086b00000, 0x0000000086c00000|  0%| F|  |TAMS 0x0000000086b00000, 0x0000000086b00000| Untracked 
|  46|0x0000000086c00000, 0x0000000086c00000, 0x0000000086d00000|  0%| F|  |TAMS 0x0000000086c00000, 0x0000000086c00000| Untracked 
|  47|0x0000000086d00000, 0x0000000086d00000, 0x0000000086e00000|  0%| F|  |TAMS 0x0000000086d00000, 0x0000000086d00000| Untracked 
|  48|0x0000000086e00000, 0x0000000086e00000, 0x0000000086f00000|  0%| F|  |TAMS 0x0000000086e00000, 0x0000000086e00000| Untracked 
|  49|0x0000000086f00000, 0x0000000086f00000, 0x0000000087000000|  0%| F|  |TAMS 0x0000000086f00000, 0x0000000086f00000| Untracked 
|  50|0x0000000087000000, 0x0000000087000000, 0x0000000087100000|  0%| F|  |TAMS 0x0000000087000000, 0x0000000087000000| Untracked 
|  51|0x0000000087100000, 0x0000000087100000, 0x0000000087200000|  0%| F|  |TAMS 0x0000000087100000, 0x0000000087100000| Untracked 
|  52|0x0000000087200000, 0x0000000087200000, 0x0000000087300000|  0%| F|  |TAMS 0x0000000087200000, 0x0000000087200000| Untracked 
|  53|0x0000000087300000, 0x0000000087300000, 0x0000000087400000|  0%| F|  |TAMS 0x0000000087300000, 0x0000000087300000| Untracked 
|  54|0x0000000087400000, 0x0000000087400000, 0x0000000087500000|  0%| F|  |TAMS 0x0000000087400000, 0x0000000087400000| Untracked 
|  55|0x0000000087500000, 0x0000000087500000, 0x0000000087600000|  0%| F|  |TAMS 0x0000000087500000, 0x0000000087500000| Untracked 
|  56|0x0000000087600000, 0x0000000087600000, 0x0000000087700000|  0%| F|  |TAMS 0x0000000087600000, 0x0000000087600000| Untracked 
|  57|0x0000000087700000, 0x0000000087700000, 0x0000000087800000|  0%| F|  |TAMS 0x0000000087700000, 0x0000000087700000| Untracked 
|  58|0x0000000087800000, 0x0000000087800000, 0x0000000087900000|  0%| F|  |TAMS 0x0000000087800000, 0x0000000087800000| Untracked 
|  59|0x0000000087900000, 0x0000000087900000, 0x0000000087a00000|  0%| F|  |TAMS 0x0000000087900000, 0x0000000087900000| Untracked 
|  60|0x0000000087a00000, 0x0000000087a00000, 0x0000000087b00000|  0%| F|  |TAMS 0x0000000087a00000, 0x0000000087a00000| Untracked 
|  61|0x0000000087b00000, 0x0000000087b00000, 0x0000000087c00000|  0%| F|  |TAMS 0x0000000087b00000, 0x0000000087b00000| Untracked 
|  62|0x0000000087c00000, 0x0000000087c00000, 0x0000000087d00000|  0%| F|  |TAMS 0x0000000087c00000, 0x0000000087c00000| Untracked 
|  63|0x0000000087d00000, 0x0000000087d00000, 0x0000000087e00000|  0%| F|  |TAMS 0x0000000087d00000, 0x0000000087d00000| Untracked 
|  64|0x0000000087e00000, 0x0000000087e00000, 0x0000000087f00000|  0%| F|  |TAMS 0x0000000087e00000, 0x0000000087e00000| Untracked 
|  65|0x0000000087f00000, 0x0000000087f00000, 0x0000000088000000|  0%| F|  |TAMS 0x0000000087f00000, 0x0000000087f00000| Untracked 
|  66|0x0000000088000000, 0x0000000088000000, 0x0000000088100000|  0%| F|  |TAMS 0x0000000088000000, 0x0000000088000000| Untracked 
|  67|0x0000000088100000, 0x0000000088100000, 0x0000000088200000|  0%| F|  |TAMS 0x0000000088100000, 0x0000000088100000| Untracked 
|  68|0x0000000088200000, 0x0000000088200000, 0x0000000088300000|  0%| F|  |TAMS 0x0000000088200000, 0x0000000088200000| Untracked 
|  69|0x0000000088300000, 0x0000000088300000, 0x0000000088400000|  0%| F|  |TAMS 0x0000000088300000, 0x0000000088300000| Untracked 
|  70|0x0000000088400000, 0x0000000088400000, 0x0000000088500000|  0%| F|  |TAMS 0x0000000088400000, 0x0000000088400000| Untracked 
|  71|0x0000000088500000, 0x0000000088500000, 0x0000000088600000|  0%| F|  |TAMS 0x0000000088500000, 0x0000000088500000| Untracked 
|  72|0x0000000088600000, 0x0000000088600000, 0x0000000088700000|  0%| F|  |TAMS 0x0000000088600000, 0x0000000088600000| Untracked 
|  73|0x0000000088700000, 0x0000000088700000, 0x0000000088800000|  0%| F|  |TAMS 0x0000000088700000, 0x0000000088700000| Untracked 
|  74|0x0000000088800000, 0x0000000088800000, 0x0000000088900000|  0%| F|  |TAMS 0x0000000088800000, 0x0000000088800000| Untracked 
|  75|0x0000000088900000, 0x0000000088900000, 0x0000000088a00000|  0%| F|  |TAMS 0x0000000088900000, 0x0000000088900000| Untracked 
|  76|0x0000000088a00000, 0x0000000088a00000, 0x0000000088b00000|  0%| F|  |TAMS 0x0000000088a00000, 0x0000000088a00000| Untracked 
|  77|0x0000000088b00000, 0x0000000088b00000, 0x0000000088c00000|  0%| F|  |TAMS 0x0000000088b00000, 0x0000000088b00000| Untracked 
|  78|0x0000000088c00000, 0x0000000088c00000, 0x0000000088d00000|  0%| F|  |TAMS 0x0000000088c00000, 0x0000000088c00000| Untracked 
|  79|0x0000000088d00000, 0x0000000088d00000, 0x0000000088e00000|  0%| F|  |TAMS 0x0000000088d00000, 0x0000000088d00000| Untracked 
|  80|0x0000000088e00000, 0x0000000088e00000, 0x0000000088f00000|  0%| F|  |TAMS 0x0000000088e00000, 0x0000000088e00000| Untracked 
|  81|0x0000000088f00000, 0x0000000088f00000, 0x0000000089000000|  0%| F|  |TAMS 0x0000000088f00000, 0x0000000088f00000| Untracked 
|  82|0x0000000089000000, 0x0000000089000000, 0x0000000089100000|  0%| F|  |TAMS 0x0000000089000000, 0x0000000089000000| Untracked 
|  83|0x0000000089100000, 0x0000000089100000, 0x0000000089200000|  0%| F|  |TAMS 0x0000000089100000, 0x0000000089100000| Untracked 
|  84|0x0000000089200000, 0x0000000089200000, 0x0000000089300000|  0%| F|  |TAMS 0x0000000089200000, 0x0000000089200000| Untracked 
|  85|0x0000000089300000, 0x0000000089300000, 0x0000000089400000|  0%| F|  |TAMS 0x0000000089300000, 0x0000000089300000| Untracked 
|  86|0x0000000089400000, 0x0000000089400000, 0x0000000089500000|  0%| F|  |TAMS 0x0000000089400000, 0x0000000089400000| Untracked 
|  87|0x0000000089500000, 0x0000000089500000, 0x0000000089600000|  0%| F|  |TAMS 0x0000000089500000, 0x0000000089500000| Untracked 
|  88|0x0000000089600000, 0x0000000089600000, 0x0000000089700000|  0%| F|  |TAMS 0x0000000089600000, 0x0000000089600000| Untracked 
|  89|0x0000000089700000, 0x0000000089700000, 0x0000000089800000|  0%| F|  |TAMS 0x0000000089700000, 0x0000000089700000| Untracked 
|  90|0x0000000089800000, 0x0000000089800000, 0x0000000089900000|  0%| F|  |TAMS 0x0000000089800000, 0x0000000089800000| Untracked 
|  91|0x0000000089900000, 0x0000000089900000, 0x0000000089a00000|  0%| F|  |TAMS 0x0000000089900000, 0x0000000089900000| Untracked 
|  92|0x0000000089a00000, 0x0000000089a00000, 0x0000000089b00000|  0%| F|  |TAMS 0x0000000089a00000, 0x0000000089a00000| Untracked 
|  93|0x0000000089b00000, 0x0000000089b00000, 0x0000000089c00000|  0%| F|  |TAMS 0x0000000089b00000, 0x0000000089b00000| Untracked 
|  94|0x0000000089c00000, 0x0000000089c00000, 0x0000000089d00000|  0%| F|  |TAMS 0x0000000089c00000, 0x0000000089c00000| Untracked 
|  95|0x0000000089d00000, 0x0000000089d00000, 0x0000000089e00000|  0%| F|  |TAMS 0x0000000089d00000, 0x0000000089d00000| Untracked 
|  96|0x0000000089e00000, 0x0000000089e00000, 0x0000000089f00000|  0%| F|  |TAMS 0x0000000089e00000, 0x0000000089e00000| Untracked 
|  97|0x0000000089f00000, 0x0000000089f00000, 0x000000008a000000|  0%| F|  |TAMS 0x0000000089f00000, 0x0000000089f00000| Untracked 
|  98|0x000000008a000000, 0x000000008a000000, 0x000000008a100000|  0%| F|  |TAMS 0x000000008a000000, 0x000000008a000000| Untracked 
|  99|0x000000008a100000, 0x000000008a100000, 0x000000008a200000|  0%| F|  |TAMS 0x000000008a100000, 0x000000008a100000| Untracked 
| 100|0x000000008a200000, 0x000000008a300000, 0x000000008a300000|100%| S|  |TAMS 0x000000008a200000, 0x000000008a200000| Complete 
| 101|0x000000008a300000, 0x000000008a400000, 0x000000008a400000|100%| S|  |TAMS 0x000000008a300000, 0x000000008a300000| Complete 
| 102|0x000000008a400000, 0x000000008a500000, 0x000000008a500000|100%| S|  |TAMS 0x000000008a400000, 0x000000008a400000| Complete 
| 103|0x000000008a500000, 0x000000008a600000, 0x000000008a600000|100%| E|CS|TAMS 0x000000008a500000, 0x000000008a500000| Complete 
| 104|0x000000008a600000, 0x000000008a700000, 0x000000008a700000|100%| E|CS|TAMS 0x000000008a600000, 0x000000008a600000| Complete 
| 105|0x000000008a700000, 0x000000008a800000, 0x000000008a800000|100%| E|CS|TAMS 0x000000008a700000, 0x000000008a700000| Complete 
| 106|0x000000008a800000, 0x000000008a900000, 0x000000008a900000|100%| E|CS|TAMS 0x000000008a800000, 0x000000008a800000| Complete 
| 107|0x000000008a900000, 0x000000008aa00000, 0x000000008aa00000|100%| E|CS|TAMS 0x000000008a900000, 0x000000008a900000| Complete 
| 108|0x000000008aa00000, 0x000000008ab00000, 0x000000008ab00000|100%| E|CS|TAMS 0x000000008aa00000, 0x000000008aa00000| Complete 
| 109|0x000000008ab00000, 0x000000008ac00000, 0x000000008ac00000|100%| E|CS|TAMS 0x000000008ab00000, 0x000000008ab00000| Complete 
| 110|0x000000008ac00000, 0x000000008ad00000, 0x000000008ad00000|100%| E|CS|TAMS 0x000000008ac00000, 0x000000008ac00000| Complete 
| 111|0x000000008ad00000, 0x000000008ae00000, 0x000000008ae00000|100%| E|CS|TAMS 0x000000008ad00000, 0x000000008ad00000| Complete 
| 112|0x000000008ae00000, 0x000000008af00000, 0x000000008af00000|100%| E|CS|TAMS 0x000000008ae00000, 0x000000008ae00000| Complete 
| 113|0x000000008af00000, 0x000000008b000000, 0x000000008b000000|100%| E|CS|TAMS 0x000000008af00000, 0x000000008af00000| Complete 
| 114|0x000000008b000000, 0x000000008b100000, 0x000000008b100000|100%| E|CS|TAMS 0x000000008b000000, 0x000000008b000000| Complete 
| 115|0x000000008b100000, 0x000000008b200000, 0x000000008b200000|100%| E|CS|TAMS 0x000000008b100000, 0x000000008b100000| Complete 
| 116|0x000000008b200000, 0x000000008b300000, 0x000000008b300000|100%| E|CS|TAMS 0x000000008b200000, 0x000000008b200000| Complete 
| 117|0x000000008b300000, 0x000000008b400000, 0x000000008b400000|100%| E|CS|TAMS 0x000000008b300000, 0x000000008b300000| Complete 
| 118|0x000000008b400000, 0x000000008b500000, 0x000000008b500000|100%| E|CS|TAMS 0x000000008b400000, 0x000000008b400000| Complete 
| 119|0x000000008b500000, 0x000000008b600000, 0x000000008b600000|100%| E|CS|TAMS 0x000000008b500000, 0x000000008b500000| Complete 
| 120|0x000000008b600000, 0x000000008b700000, 0x000000008b700000|100%| E|CS|TAMS 0x000000008b600000, 0x000000008b600000| Complete 
| 121|0x000000008b700000, 0x000000008b800000, 0x000000008b800000|100%| E|CS|TAMS 0x000000008b700000, 0x000000008b700000| Complete 
| 122|0x000000008b800000, 0x000000008b900000, 0x000000008b900000|100%| E|CS|TAMS 0x000000008b800000, 0x000000008b800000| Complete 
| 123|0x000000008b900000, 0x000000008ba00000, 0x000000008ba00000|100%| E|CS|TAMS 0x000000008b900000, 0x000000008b900000| Complete 
| 124|0x000000008ba00000, 0x000000008bb00000, 0x000000008bb00000|100%| E|CS|TAMS 0x000000008ba00000, 0x000000008ba00000| Complete 
| 125|0x000000008bb00000, 0x000000008bc00000, 0x000000008bc00000|100%| E|CS|TAMS 0x000000008bb00000, 0x000000008bb00000| Complete 
|1984|0x00000000ffe00000, 0x00000000ffe76000, 0x00000000fff00000| 46%|OA|  |TAMS 0x00000000ffe00000, 0x00000000ffe00000| Untracked 
|1985|0x00000000fff00000, 0x00000000fff82000, 0x0000000100000000| 50%|CA|  |TAMS 0x00000000fff00000, 0x00000000fff00000| Untracked 

Card table byte_map: [0x00007f4b785d2000,0x00007f4b789b3000] _byte_map_base: 0x00007f4b781b3000

Marking Bits (Prev, Next): (CMBitMap*) 0x00007f4b900659c0, (CMBitMap*) 0x00007f4b90065a00
 Prev Bits: [0x00007f4b762e9000, 0x00007f4b781f1000)
 Next Bits: [0x00007f4b743e1000, 0x00007f4b762e9000)

Polling page: 0x00007f4b957bf000

Metaspace:

Usage:
  Non-class:      4,96 MB used.
      Class:    677,38 KB used.
       Both:      5,63 MB used.

Virtual space:
  Non-class space:        8,00 MB reserved,       5,06 MB ( 63%) committed,  1 nodes.
      Class space:        1,00 GB reserved,     768,00 KB ( <1%) committed,  1 nodes.
             Both:        1,01 GB reserved,       5,81 MB ( <1%) committed. 

Chunk freelists:
   Non-Class:  1,41 MB
       Class:  3,06 MB
        Both:  4,47 MB

MaxMetaspaceSize: unlimited
CompressedClassSpaceSize: 1,00 GB
Initial GC threshold: 21,00 MB
Current GC threshold: 21,00 MB
CDS: on
MetaspaceReclaimPolicy: balanced
 - commit_granule_bytes: 65536.
 - commit_granule_words: 8192.
 - virtual_space_node_default_size: 1048576.
 - enlarge_chunks_in_place: 1.
 - new_chunks_are_fully_committed: 0.
 - uncommit_free_chunks: 1.
 - use_allocation_guard: 0.
 - handle_deallocations: 1.


Internal statistics:

num_allocs_failed_limit: 0.
num_arena_births: 18.
num_arena_deaths: 0.
num_vsnodes_births: 2.
num_vsnodes_deaths: 0.
num_space_committed: 93.
num_space_uncommitted: 0.
num_chunks_returned_to_freelist: 0.
num_chunks_taken_from_freelist: 150.
num_chunk_merges: 0.
num_chunk_splits: 107.
num_chunks_enlarged: 96.
num_purges: 0.
num_inconsistent_stats: 0.

CodeHeap 'non-profiled nmethods': size=120028Kb used=335Kb max_used=335Kb free=119692Kb
 bounds [0x00007f4b8123b000, 0x00007f4b814ab000, 0x00007f4b88772000]
CodeHeap 'profiled nmethods': size=120028Kb used=1940Kb max_used=1940Kb free=118087Kb
 bounds [0x00007f4b79d04000, 0x00007f4b79f74000, 0x00007f4b8123b000]
CodeHeap 'non-nmethods': size=5704Kb used=1141Kb max_used=1166Kb free=4562Kb
 bounds [0x00007f4b79772000, 0x00007f4b799e2000, 0x00007f4b79d04000]
 total_blobs=1409 nmethods=975 adapters=349
 compilation: enabled
              stopped_count=0, restarted_count=0
 full_count=0

Compilation events (20 events):
Event: 1,024 Thread 0x00007f4b9012e550  994       2       java.util.Collections::emptyMap (4 bytes)
Event: 1,024 Thread 0x00007f4b9012e550 nmethod 994 0x00007f4b79ee4a10 code [0x00007f4b79ee4ba0, 0x00007f4b79ee4c90]
Event: 1,031 Thread 0x00007f4b9012e550  995       2       org.codehaus.plexus.util.xml.pull.MXParser::require (443 bytes)
Event: 1,037 Thread 0x00007f4b9012e550 nmethod 995 0x00007f4b79ee4d10 code [0x00007f4b79ee52c0, 0x00007f4b79ee67d0]
Event: 1,037 Thread 0x00007f4b9012e550  996 %     3       org.codehaus.plexus.util.InterpolationFilterReader::read @ 3 (48 bytes)
Event: 1,038 Thread 0x00007f4b9012e550 nmethod 996% 0x00007f4b79ee7490 code [0x00007f4b79ee7660, 0x00007f4b79ee7a00]
Event: 1,041 Thread 0x00007f4b381763b0 nmethod 950 0x00007f4b81289610 code [0x00007f4b812899e0, 0x00007f4b8128c9f8]
Event: 1,041 Thread 0x00007f4b381763b0  965       4       org.codehaus.plexus.util.xml.pull.MXParser::more (79 bytes)
Event: 1,042 Thread 0x00007f4b9012e550  997       3       org.codehaus.plexus.util.InterpolationFilterReader::read (48 bytes)
Event: 1,043 Thread 0x00007f4b9012e550 nmethod 997 0x00007f4b79ee7b90 code [0x00007f4b79ee7d60, 0x00007f4b79ee8080]
Event: 1,043 Thread 0x00007f4b381763b0 nmethod 965 0x00007f4b8128e610 code [0x00007f4b8128e7a0, 0x00007f4b8128e8c8]
Event: 1,043 Thread 0x00007f4b381763b0  972       4       java.lang.StringLatin1::inflate (34 bytes)
Event: 1,047 Thread 0x00007f4b9012e550  998       2       jdk.internal.loader.URLClassPath$JarLoader$2::getContentLength (9 bytes)
Event: 1,047 Thread 0x00007f4b9012e550 nmethod 998 0x00007f4b79ee8210 code [0x00007f4b79ee83a0, 0x00007f4b79ee84b0]
Event: 1,047 Thread 0x00007f4b9012e550  999       2       jdk.internal.loader.URLClassPath$JarLoader$2::getCodeSigners (8 bytes)
Event: 1,047 Thread 0x00007f4b9012e550 nmethod 999 0x00007f4b79ee8590 code [0x00007f4b79ee8740, 0x00007f4b79ee8860]
Event: 1,047 Thread 0x00007f4b9012e550 1000   !   2       java.util.jar.JarFile$JarFileEntry::getCodeSigners (81 bytes)
Event: 1,048 Thread 0x00007f4b9012e550 nmethod 1000 0x00007f4b79ee8910 code [0x00007f4b79ee8b00, 0x00007f4b79ee8ea0]
Event: 1,050 Thread 0x00007f4b381763b0 nmethod 972 0x00007f4b8128ea10 code [0x00007f4b8128eba0, 0x00007f4b8128ee18]
Event: 1,050 Thread 0x00007f4b381763b0  971       4       sun.nio.cs.StreamDecoder::implRead (243 bytes)

GC Heap History (1 events):
Event: 1,050 GC heap before
{Heap before GC invocations=0 (full 0):
 garbage-first heap   total 131072K, used 24544K [0x0000000083e00000, 0x0000000100000000)
  region size 1024K, 23 young (23552K), 0 survivors (0K)
 Metaspace       used 5760K, committed 5952K, reserved 1056768K
  class space    used 677K, committed 768K, reserved 1048576K
}

Deoptimization events (20 events):
Event: 0,818 Thread 0x00007f4b90025ca0 DEOPT PACKING pc=0x00007f4b8126aa34 sp=0x00007f4b9421b7b0
Event: 0,818 Thread 0x00007f4b90025ca0 DEOPT UNPACKING pc=0x00007f4b797c4093 sp=0x00007f4b9421b708 mode 2
Event: 0,831 Thread 0x00007f4b90025ca0 Uncommon trap: trap_request=0xffffffde fr.pc=0x00007f4b8126aa34 relative=0x00000000000014f4
Event: 0,831 Thread 0x00007f4b90025ca0 Uncommon trap: reason=class_check action=maybe_recompile pc=0x00007f4b8126aa34 method=java.util.HashMap.putVal(ILjava/lang/Object;Ljava/lang/Object;ZZ)Ljava/lang/Object; @ 91 c2
Event: 0,831 Thread 0x00007f4b90025ca0 DEOPT PACKING pc=0x00007f4b8126aa34 sp=0x00007f4b9421b200
Event: 0,831 Thread 0x00007f4b90025ca0 DEOPT UNPACKING pc=0x00007f4b797c4093 sp=0x00007f4b9421b158 mode 2
Event: 0,832 Thread 0x00007f4b90025ca0 Uncommon trap: trap_request=0xffffffde fr.pc=0x00007f4b8126aa34 relative=0x00000000000014f4
Event: 0,832 Thread 0x00007f4b90025ca0 Uncommon trap: reason=class_check action=maybe_recompile pc=0x00007f4b8126aa34 method=java.util.HashMap.putVal(ILjava/lang/Object;Ljava/lang/Object;ZZ)Ljava/lang/Object; @ 91 c2
Event: 0,832 Thread 0x00007f4b90025ca0 DEOPT PACKING pc=0x00007f4b8126aa34 sp=0x00007f4b9421b0e0
Event: 0,832 Thread 0x00007f4b90025ca0 DEOPT UNPACKING pc=0x00007f4b797c4093 sp=0x00007f4b9421b038 mode 2
Event: 0,923 Thread 0x00007f4b90025ca0 Uncommon trap: trap_request=0xffffff45 fr.pc=0x00007f4b81261fcc relative=0x00000000000000ac
Event: 0,923 Thread 0x00007f4b90025ca0 Uncommon trap: reason=unstable_if action=reinterpret pc=0x00007f4b81261fcc method=org.codehaus.plexus.util.xml.pull.MXParser.more()C @ 8 c2
Event: 0,923 Thread 0x00007f4b90025ca0 DEOPT PACKING pc=0x00007f4b81261fcc sp=0x00007f4b9421b340
Event: 0,923 Thread 0x00007f4b90025ca0 DEOPT UNPACKING pc=0x00007f4b797c4093 sp=0x00007f4b9421b2f0 mode 2
Event: 0,960 Thread 0x00007f4b90025ca0 Uncommon trap: trap_request=0xffffffc6 fr.pc=0x00007f4b81287860 relative=0x00000000000016a0
Event: 0,960 Thread 0x00007f4b90025ca0 Uncommon trap: reason=bimorphic_or_optimized_type_check action=maybe_recompile pc=0x00007f4b81287860 method=java.util.HashMap.putVal(ILjava/lang/Object;Ljava/lang/Object;ZZ)Ljava/lang/Object; @ 91 c2
Event: 0,960 Thread 0x00007f4b90025ca0 DEOPT PACKING pc=0x00007f4b81287860 sp=0x00007f4b9421b3e0
Event: 0,960 Thread 0x00007f4b90025ca0 DEOPT UNPACKING pc=0x00007f4b797c4093 sp=0x00007f4b9421b338 mode 2
Event: 0,990 Thread 0x00007f4b90025ca0 DEOPT PACKING pc=0x00007f4b79d665bc sp=0x00007f4b9421b0b0
Event: 0,990 Thread 0x00007f4b90025ca0 DEOPT UNPACKING pc=0x00007f4b797c4810 sp=0x00007f4b9421a580 mode 0

Classes unloaded (0 events):
No events

Classes redefined (0 events):
No events

Internal exceptions (4 events):
Event: 0,174 Thread 0x00007f4b90025ca0 Implicit null exception at 0x00007f4b81244ad5 to 0x00007f4b81244c20
Event: 0,190 Thread 0x00007f4b901bd310 Exception <a 'java/lang/NoSuchMethodError'{0x000000008ba79348}: 'java.lang.Object java.lang.invoke.DirectMethodHandle$Holder.invokeStaticInit(java.lang.Object)'> (0x000000008ba79348) 
thrown [open/src/hotspot/share/interpreter/linkResolver.cpp, line 765]
Event: 0,201 Thread 0x00007f4b901bd310 Exception <a 'java/lang/NoSuchMethodError'{0x000000008ba87980}: 'void java.lang.invoke.DirectMethodHandle$Holder.invokeStatic(java.lang.Object, java.lang.Object)'> (0x000000008ba87980) 
thrown [open/src/hotspot/share/interpreter/linkResolver.cpp, line 765]
Event: 0,861 Thread 0x00007f4b90025ca0 Exception <a 'java/lang/NoSuchMethodError'{0x000000008adc2290}: 'java.lang.Object java.lang.invoke.DirectMethodHandle$Holder.newInvokeSpecial(java.lang.Object, java.lang.Object, java.lang.Object, java.lang.Object, java.lang.Object)'> (0x000000008adc2290) 
thrown [open/src/hotspot/share/interpreter/linkResolver.cpp, line 765]

VM Operations (11 events):
Event: 0,127 Executing VM operation: HandshakeAllThreads
Event: 0,127 Executing VM operation: HandshakeAllThreads done
Event: 0,187 Executing VM operation: HandshakeAllThreads
Event: 0,187 Executing VM operation: HandshakeAllThreads done
Event: 0,383 Executing VM operation: HandshakeAllThreads
Event: 0,383 Executing VM operation: HandshakeAllThreads done
Event: 0,438 Executing VM operation: HandshakeAllThreads
Event: 0,438 Executing VM operation: HandshakeAllThreads done
Event: 0,920 Executing VM operation: ICBufferFull
Event: 0,920 Executing VM operation: ICBufferFull done
Event: 1,050 Executing VM operation: G1CollectForAllocation

Events (20 events):
Event: 0,900 loading class sun/reflect/generics/repository/AbstractRepository
Event: 0,900 loading class sun/reflect/generics/repository/AbstractRepository done
Event: 0,901 loading class sun/reflect/generics/repository/GenericDeclRepository done
Event: 0,901 loading class sun/reflect/generics/repository/ClassRepository done
Event: 0,901 loading class sun/reflect/generics/tree/FormalTypeParameter
Event: 0,901 loading class sun/reflect/generics/tree/FormalTypeParameter done
Event: 0,901 loading class sun/reflect/generics/tree/ClassSignature
Event: 0,901 loading class sun/reflect/generics/tree/Signature
Event: 0,901 loading class sun/reflect/generics/tree/Signature done
Event: 0,901 loading class sun/reflect/generics/tree/ClassSignature done
Event: 0,901 loading class java/lang/reflect/TypeVariable
Event: 0,901 loading class java/lang/reflect/TypeVariable done
Event: 0,901 loading class java/lang/reflect/WildcardType
Event: 0,901 loading class java/lang/reflect/WildcardType done
Event: 0,904 loading class sun/reflect/generics/tree/TypeVariableSignature
Event: 0,904 loading class sun/reflect/generics/tree/TypeVariableSignature done
Event: 0,917 loading class java/lang/annotation/IncompleteAnnotationException
Event: 0,917 loading class java/lang/annotation/IncompleteAnnotationException done
Event: 0,981 loading class jdk/internal/access/foreign/MemorySegmentProxy
Event: 0,981 loading class jdk/internal/access/foreign/MemorySegmentProxy done


Dynamic libraries:
83e00000-8bc00000 rw-p 00000000 00:00 0 
8bc00000-ffe00000 ---p 00000000 00:00 0 
ffe00000-ffe76000 rw-p 00c94000 08:05 14288761                           /home/oliv/.jdks/openjdk-17/lib/server/classes.jsa
ffe76000-fff00000 rw-p 00000000 00:00 0 
fff00000-fff82000 rw-p 00c12000 08:05 14288761                           /home/oliv/.jdks/openjdk-17/lib/server/classes.jsa
fff82000-100000000 rw-p 00000000 00:00 0 
800000000-80043e000 rw-p 00001000 08:05 14288761                         /home/oliv/.jdks/openjdk-17/lib/server/classes.jsa
80043e000-800bd9000 r--p 0043f000 08:05 14288761                         /home/oliv/.jdks/openjdk-17/lib/server/classes.jsa
800bd9000-800c00000 ---p 00000000 00:00 0 
800c00000-800c40000 rw-p 00000000 00:00 0 
800c40000-800cb0000 rw-p 00000000 00:00 0 
800cb0000-800cc0000 ---p 00000000 00:00 0 
800cc0000-800cd0000 rw-p 00000000 00:00 0 
800cd0000-840c00000 ---p 00000000 00:00 0 
55f9b6df9000-55f9b6dfa000 r-xp 00000000 08:05 14288265                   /home/oliv/.jdks/openjdk-17/bin/java
55f9b6dfb000-55f9b6dfc000 r--p 00001000 08:05 14288265                   /home/oliv/.jdks/openjdk-17/bin/java
55f9b6dfc000-55f9b6dfd000 rw-p 00002000 08:05 14288265                   /home/oliv/.jdks/openjdk-17/bin/java
55f9b792d000-55f9b794e000 rw-p 00000000 00:00 0                          [heap]
7f4b18000000-7f4b18021000 rw-p 00000000 00:00 0 
7f4b18021000-7f4b1c000000 ---p 00000000 00:00 0 
7f4b1c000000-7f4b1c025000 rw-p 00000000 00:00 0 
7f4b1c025000-7f4b20000000 ---p 00000000 00:00 0 
7f4b20000000-7f4b20021000 rw-p 00000000 00:00 0 
7f4b20021000-7f4b24000000 ---p 00000000 00:00 0 
7f4b24000000-7f4b242cc000 rw-p 00000000 00:00 0 
7f4b242cc000-7f4b28000000 ---p 00000000 00:00 0 
7f4b28000000-7f4b28021000 rw-p 00000000 00:00 0 
7f4b28021000-7f4b2c000000 ---p 00000000 00:00 0 
7f4b2c000000-7f4b2c021000 rw-p 00000000 00:00 0 
7f4b2c021000-7f4b30000000 ---p 00000000 00:00 0 
7f4b30000000-7f4b30021000 rw-p 00000000 00:00 0 
7f4b30021000-7f4b34000000 ---p 00000000 00:00 0 
7f4b3724f000-7f4b375fc000 rw-p 00000000 00:00 0 
7f4b375fc000-7f4b375fd000 ---p 00000000 00:00 0 
7f4b375fd000-7f4b376fe000 rw-p 00000000 00:00 0 
7f4b376fe000-7f4b376ff000 ---p 00000000 00:00 0 
7f4b376ff000-7f4b37800000 rw-p 00000000 00:00 0 
7f4b37800000-7f4b37803000 r-xp 00000000 00:2a 222                        /tmp/libjansi-1.17.1-9169325616357451398.so
7f4b37803000-7f4b37a02000 ---p 00003000 00:2a 222                        /tmp/libjansi-1.17.1-9169325616357451398.so
7f4b37a02000-7f4b37a03000 rw-p 00002000 00:2a 222                        /tmp/libjansi-1.17.1-9169325616357451398.so
7f4b37afe000-7f4b37b02000 ---p 00000000 00:00 0 
7f4b37b02000-7f4b37bfe000 rw-p 00000000 00:00 0 
7f4b37bfe000-7f4b37bff000 ---p 00000000 00:00 0 
7f4b37bff000-7f4b37d00000 rw-p 00000000 00:00 0 
7f4b37d00000-7f4b37d04000 ---p 00000000 00:00 0 
7f4b37d04000-7f4b37e00000 rw-p 00000000 00:00 0 
7f4b37e00000-7f4b37e04000 ---p 00000000 00:00 0 
7f4b37e04000-7f4b37f00000 rw-p 00000000 00:00 0 
7f4b37f00000-7f4b37f04000 ---p 00000000 00:00 0 
7f4b37f04000-7f4b38000000 rw-p 00000000 00:00 0 
7f4b38000000-7f4b3843c000 rw-p 00000000 00:00 0 
7f4b3843c000-7f4b3c000000 ---p 00000000 00:00 0 
7f4b3c000000-7f4b3c021000 rw-p 00000000 00:00 0 
7f4b3c021000-7f4b40000000 ---p 00000000 00:00 0 
7f4b40000000-7f4b40021000 rw-p 00000000 00:00 0 
7f4b40021000-7f4b44000000 ---p 00000000 00:00 0 
7f4b44000000-7f4b443d6000 rw-p 00000000 00:00 0 
7f4b443d6000-7f4b48000000 ---p 00000000 00:00 0 
7f4b48000000-7f4b48021000 rw-p 00000000 00:00 0 
7f4b48021000-7f4b4c000000 ---p 00000000 00:00 0 
7f4b4c000000-7f4b4c021000 rw-p 00000000 00:00 0 
7f4b4c021000-7f4b50000000 ---p 00000000 00:00 0 
7f4b50000000-7f4b50021000 rw-p 00000000 00:00 0 
7f4b50021000-7f4b54000000 ---p 00000000 00:00 0 
7f4b54000000-7f4b54021000 rw-p 00000000 00:00 0 
7f4b54021000-7f4b58000000 ---p 00000000 00:00 0 
7f4b58000000-7f4b58021000 rw-p 00000000 00:00 0 
7f4b58021000-7f4b5c000000 ---p 00000000 00:00 0 
7f4b5c000000-7f4b5c021000 rw-p 00000000 00:00 0 
7f4b5c021000-7f4b60000000 ---p 00000000 00:00 0 
7f4b60000000-7f4b60021000 rw-p 00000000 00:00 0 
7f4b60021000-7f4b64000000 ---p 00000000 00:00 0 
7f4b64086000-7f4b6408a000 ---p 00000000 00:00 0 
7f4b6408a000-7f4b64186000 rw-p 00000000 00:00 0 
7f4b64186000-7f4b6418a000 ---p 00000000 00:00 0 
7f4b6418a000-7f4b64286000 rw-p 00000000 00:00 0 
7f4b64286000-7f4b6428a000 ---p 00000000 00:00 0 
7f4b6428a000-7f4b64386000 rw-p 00000000 00:00 0 
7f4b64386000-7f4b6438a000 ---p 00000000 00:00 0 
7f4b6438a000-7f4b64486000 rw-p 00000000 00:00 0 
7f4b64486000-7f4b6448a000 ---p 00000000 00:00 0 
7f4b6448a000-7f4b64586000 rw-p 00000000 00:00 0 
7f4b64586000-7f4b6458a000 ---p 00000000 00:00 0 
7f4b6458a000-7f4b64686000 rw-p 00000000 00:00 0 
7f4b64686000-7f4b648fe000 r--p 00000000 08:05 10492563                   /usr/share/runtime/locale/fr/lib/fr_FR.utf8/LC_COLLATE
7f4b648fe000-7f4b64902000 ---p 00000000 00:00 0 
7f4b64902000-7f4b649fe000 rw-p 00000000 00:00 0 
7f4b649fe000-7f4b64a02000 ---p 00000000 00:00 0 
7f4b64a02000-7f4b64afe000 rw-p 00000000 00:00 0 
7f4b64afe000-7f4b64aff000 ---p 00000000 00:00 0 
7f4b64aff000-7f4b64e70000 rw-p 00000000 00:00 0 
7f4b64e70000-7f4b65000000 ---p 00000000 00:00 0 
7f4b65000000-7f4b652a0000 rw-p 00000000 00:00 0 
7f4b652a0000-7f4b65400000 ---p 00000000 00:00 0 
7f4b6544c000-7f4b654a3000 r--p 00000000 08:05 14432883                   /usr/share/runtime/locale/fr/lib/fr_FR.utf8/LC_CTYPE
7f4b654a3000-7f4b65571000 r-xp 00000000 08:05 14288748                   /home/oliv/.jdks/openjdk-17/lib/libsvml.so
7f4b65571000-7f4b65572000 r--p 000cd000 08:05 14288748                   /home/oliv/.jdks/openjdk-17/lib/libsvml.so
7f4b65572000-7f4b65573000 rw-p 000ce000 08:05 14288748                   /home/oliv/.jdks/openjdk-17/lib/libsvml.so
7f4b65573000-7f4b655f4000 rw-p 00000000 00:00 0 
7f4b655f4000-7f4b655f5000 ---p 00000000 00:00 0 
7f4b655f5000-7f4b656f6000 rw-p 00000000 00:00 0 
7f4b656f6000-7f4b656f7000 ---p 00000000 00:00 0 
7f4b656f7000-7f4b68000000 rw-p 00000000 00:00 0 
7f4b68000000-7f4b68021000 rw-p 00000000 00:00 0 
7f4b68021000-7f4b6c000000 ---p 00000000 00:00 0 
7f4b6c000000-7f4b6c021000 rw-p 00000000 00:00 0 
7f4b6c021000-7f4b70000000 ---p 00000000 00:00 0 
7f4b70000000-7f4b70021000 rw-p 00000000 00:00 0 
7f4b70021000-7f4b74000000 ---p 00000000 00:00 0 
7f4b74017000-7f4b74024000 r-xp 00000000 08:05 14288750                   /home/oliv/.jdks/openjdk-17/lib/libverify.so
7f4b74024000-7f4b74026000 r--p 0000c000 08:05 14288750                   /home/oliv/.jdks/openjdk-17/lib/libverify.so
7f4b74026000-7f4b74027000 rw-p 0000e000 08:05 14288750                   /home/oliv/.jdks/openjdk-17/lib/libverify.so
7f4b74027000-7f4b7403c000 r-xp 00000000 08:05 14288741                   /home/oliv/.jdks/openjdk-17/lib/libnet.so
7f4b7403c000-7f4b7403d000 ---p 00015000 08:05 14288741                   /home/oliv/.jdks/openjdk-17/lib/libnet.so
7f4b7403d000-7f4b7403e000 r--p 00015000 08:05 14288741                   /home/oliv/.jdks/openjdk-17/lib/libnet.so
7f4b7403e000-7f4b7403f000 rw-p 00016000 08:05 14288741                   /home/oliv/.jdks/openjdk-17/lib/libnet.so
7f4b7403f000-7f4b740db000 rw-p 00000000 00:00 0 
7f4b740db000-7f4b740dc000 ---p 00000000 00:00 0 
7f4b740dc000-7f4b741dd000 rw-p 00000000 00:00 0 
7f4b741dd000-7f4b741de000 ---p 00000000 00:00 0 
7f4b741de000-7f4b742df000 rw-p 00000000 00:00 0 
7f4b742df000-7f4b742e0000 ---p 00000000 00:00 0 
7f4b742e0000-7f4b745d9000 rw-p 00000000 00:00 0 
7f4b745d9000-7f4b762e1000 ---p 00000000 00:00 0 
7f4b762e1000-7f4b764e1000 rw-p 00000000 00:00 0 
7f4b764e1000-7f4b781e9000 ---p 00000000 00:00 0 
7f4b781e9000-7f4b78230000 rw-p 00000000 00:00 0 
7f4b78230000-7f4b785d1000 ---p 00000000 00:00 0 
7f4b785d1000-7f4b78611000 rw-p 00000000 00:00 0 
7f4b78611000-7f4b789b2000 ---p 00000000 00:00 0 
7f4b789b2000-7f4b789f2000 rw-p 00000000 00:00 0 
7f4b789f2000-7f4b78d93000 ---p 00000000 00:00 0 
7f4b78d93000-7f4b795a1000 rw-p 00000000 00:00 0 
7f4b795a1000-7f4b79687000 ---p 00000000 00:00 0 
7f4b79687000-7f4b7968c000 rw-p 00000000 00:00 0 
7f4b7968c000-7f4b79772000 ---p 00000000 00:00 0 
7f4b79772000-7f4b799e2000 rwxp 00000000 00:00 0 
7f4b799e2000-7f4b79d04000 ---p 00000000 00:00 0 
7f4b79d04000-7f4b79f74000 rwxp 00000000 00:00 0 
7f4b79f74000-7f4b8123b000 ---p 00000000 00:00 0 
7f4b8123b000-7f4b814ab000 rwxp 00000000 00:00 0 
7f4b814ab000-7f4b88772000 ---p 00000000 00:00 0 
7f4b88772000-7f4b90000000 r--s 00000000 08:05 14288752                   /home/oliv/.jdks/openjdk-17/lib/modules
7f4b90000000-7f4b905b1000 rw-p 00000000 00:00 0 
7f4b905b1000-7f4b94000000 ---p 00000000 00:00 0 
7f4b94008000-7f4b94009000 r--p 00000000 08:05 10417263                   /usr/lib/x86_64-linux-gnu/libutil.so.1
7f4b94009000-7f4b9400a000 r-xp 00001000 08:05 10417263                   /usr/lib/x86_64-linux-gnu/libutil.so.1
7f4b9400a000-7f4b9400b000 r--p 00002000 08:05 10417263                   /usr/lib/x86_64-linux-gnu/libutil.so.1
7f4b9400b000-7f4b9400c000 r--p 00002000 08:05 10417263                   /usr/lib/x86_64-linux-gnu/libutil.so.1
7f4b9400c000-7f4b9400d000 rw-p 00003000 08:05 10417263                   /usr/lib/x86_64-linux-gnu/libutil.so.1
7f4b9400d000-7f4b9400f000 r-xp 00000000 08:05 14288721                   /home/oliv/.jdks/openjdk-17/lib/libextnet.so
7f4b9400f000-7f4b94010000 r--p 00001000 08:05 14288721                   /home/oliv/.jdks/openjdk-17/lib/libextnet.so
7f4b94010000-7f4b94011000 rw-p 00002000 08:05 14288721                   /home/oliv/.jdks/openjdk-17/lib/libextnet.so
7f4b94011000-7f4b94024000 r-xp 00000000 08:05 14288742                   /home/oliv/.jdks/openjdk-17/lib/libnio.so
7f4b94024000-7f4b94025000 r--p 00012000 08:05 14288742                   /home/oliv/.jdks/openjdk-17/lib/libnio.so
7f4b94025000-7f4b94026000 rw-p 00013000 08:05 14288742                   /home/oliv/.jdks/openjdk-17/lib/libnio.so
7f4b94026000-7f4b9402d000 r-xp 00000000 08:05 14288751                   /home/oliv/.jdks/openjdk-17/lib/libzip.so
7f4b9402d000-7f4b9402e000 ---p 00007000 08:05 14288751                   /home/oliv/.jdks/openjdk-17/lib/libzip.so
7f4b9402e000-7f4b9402f000 r--p 00007000 08:05 14288751                   /home/oliv/.jdks/openjdk-17/lib/libzip.so
7f4b9402f000-7f4b94030000 rw-p 00008000 08:05 14288751                   /home/oliv/.jdks/openjdk-17/lib/libzip.so
7f4b94030000-7f4b94031000 r--p 00000000 08:05 10493092                   /usr/share/runtime/locale/fr/lib/fr_FR.utf8/LC_NUMERIC
7f4b94031000-7f4b94032000 r--p 00000000 08:05 10489042                   /usr/share/runtime/locale/fr/lib/fr_FR.utf8/LC_TIME
7f4b94032000-7f4b94033000 r--p 00000000 08:05 10488950                   /usr/share/runtime/locale/fr/lib/fr_FR.utf8/LC_MONETARY
7f4b94033000-7f4b94034000 r--p 00000000 08:05 10491911                   /usr/share/runtime/locale/fr/lib/fr_FR.utf8/LC_MESSAGES/SYS_LC_MESSAGES
7f4b94034000-7f4b94035000 r--p 00000000 08:05 10488849                   /usr/share/runtime/locale/fr/lib/fr_FR.utf8/LC_PAPER
7f4b94035000-7f4b94036000 r--p 00000000 08:05 10489751                   /usr/share/runtime/locale/fr/lib/fr_FR.utf8/LC_NAME
7f4b94036000-7f4b94037000 r--p 00000000 08:05 10491629                   /usr/share/runtime/locale/fr/lib/fr_FR.utf8/LC_ADDRESS
7f4b94037000-7f4b9403e000 r--s 00000000 08:05 10408761                   /usr/lib/x86_64-linux-gnu/gconv/gconv-modules.cache
7f4b9403e000-7f4b940c4000 rw-p 00000000 00:00 0 
7f4b940c4000-7f4b940cb000 ---p 00000000 00:00 0 
7f4b940cb000-7f4b940ef000 r-xp 00000000 08:05 14288728                   /home/oliv/.jdks/openjdk-17/lib/libjava.so
7f4b940ef000-7f4b940f0000 ---p 00024000 08:05 14288728                   /home/oliv/.jdks/openjdk-17/lib/libjava.so
7f4b940f0000-7f4b940f1000 r--p 00024000 08:05 14288728                   /home/oliv/.jdks/openjdk-17/lib/libjava.so
7f4b940f1000-7f4b940f2000 rw-p 00025000 08:05 14288728                   /home/oliv/.jdks/openjdk-17/lib/libjava.so
7f4b940f2000-7f4b940f3000 rw-p 00000000 00:00 0 
7f4b940f3000-7f4b940fd000 r-xp 00000000 08:05 14288723                   /home/oliv/.jdks/openjdk-17/lib/libinstrument.so
7f4b940fd000-7f4b940fe000 r--p 00009000 08:05 14288723                   /home/oliv/.jdks/openjdk-17/lib/libinstrument.so
7f4b940fe000-7f4b940ff000 rw-p 0000a000 08:05 14288723                   /home/oliv/.jdks/openjdk-17/lib/libinstrument.so
7f4b940ff000-7f4b9411a000 r-xp 00000000 08:05 14288732                   /home/oliv/.jdks/openjdk-17/lib/libjimage.so
7f4b9411a000-7f4b9411b000 ---p 0001b000 08:05 14288732                   /home/oliv/.jdks/openjdk-17/lib/libjimage.so
7f4b9411b000-7f4b9411d000 r--p 0001b000 08:05 14288732                   /home/oliv/.jdks/openjdk-17/lib/libjimage.so
7f4b9411d000-7f4b9411e000 rw-p 0001d000 08:05 14288732                   /home/oliv/.jdks/openjdk-17/lib/libjimage.so
7f4b9411e000-7f4b94122000 ---p 00000000 00:00 0 
7f4b94122000-7f4b9421e000 rw-p 00000000 00:00 0 
7f4b9421e000-7f4b9422c000 r--p 00000000 08:05 10415010                   /usr/lib/x86_64-linux-gnu/libm.so.6
7f4b9422c000-7f4b942a2000 r-xp 0000e000 08:05 10415010                   /usr/lib/x86_64-linux-gnu/libm.so.6
7f4b942a2000-7f4b942ff000 r--p 00084000 08:05 10415010                   /usr/lib/x86_64-linux-gnu/libm.so.6
7f4b942ff000-7f4b94300000 r--p 000e0000 08:05 10415010                   /usr/lib/x86_64-linux-gnu/libm.so.6
7f4b94300000-7f4b94301000 rw-p 000e1000 08:05 10415010                   /usr/lib/x86_64-linux-gnu/libm.so.6
7f4b94301000-7f4b94302000 r--p 00000000 08:05 10417319                   /usr/lib/x86_64-linux-gnu/librt.so.1
7f4b94302000-7f4b94303000 r-xp 00001000 08:05 10417319                   /usr/lib/x86_64-linux-gnu/librt.so.1
7f4b94303000-7f4b94304000 r--p 00002000 08:05 10417319                   /usr/lib/x86_64-linux-gnu/librt.so.1
7f4b94304000-7f4b94305000 r--p 00002000 08:05 10417319                   /usr/lib/x86_64-linux-gnu/librt.so.1
7f4b94305000-7f4b94306000 rw-p 00003000 08:05 10417319                   /usr/lib/x86_64-linux-gnu/librt.so.1
7f4b94306000-7f4b9542c000 r-xp 00000000 08:05 14288764                   /home/oliv/.jdks/openjdk-17/lib/server/libjvm.so
7f4b9542c000-7f4b9542d000 ---p 01126000 08:05 14288764                   /home/oliv/.jdks/openjdk-17/lib/server/libjvm.so
7f4b9542d000-7f4b954e2000 r--p 01126000 08:05 14288764                   /home/oliv/.jdks/openjdk-17/lib/server/libjvm.so
7f4b954e2000-7f4b95515000 rw-p 011db000 08:05 14288764                   /home/oliv/.jdks/openjdk-17/lib/server/libjvm.so
7f4b95515000-7f4b95571000 rw-p 00000000 00:00 0 
7f4b95571000-7f4b95599000 r--p 00000000 08:05 10420242                   /usr/lib/x86_64-linux-gnu/libc.so.6
7f4b95599000-7f4b95719000 r-xp 00028000 08:05 10420242                   /usr/lib/x86_64-linux-gnu/libc.so.6
7f4b95719000-7f4b9576b000 r--p 001a8000 08:05 10420242                   /usr/lib/x86_64-linux-gnu/libc.so.6
7f4b9576b000-7f4b9576f000 r--p 001f9000 08:05 10420242                   /usr/lib/x86_64-linux-gnu/libc.so.6
7f4b9576f000-7f4b95771000 rw-p 001fd000 08:05 10420242                   /usr/lib/x86_64-linux-gnu/libc.so.6
7f4b95771000-7f4b9577e000 rw-p 00000000 00:00 0 
7f4b9577e000-7f4b9577f000 r--p 00000000 08:05 10416568                   /usr/lib/x86_64-linux-gnu/libdl.so.2
7f4b9577f000-7f4b95780000 r-xp 00001000 08:05 10416568                   /usr/lib/x86_64-linux-gnu/libdl.so.2
7f4b95780000-7f4b95781000 r--p 00002000 08:05 10416568                   /usr/lib/x86_64-linux-gnu/libdl.so.2
7f4b95781000-7f4b95782000 r--p 00002000 08:05 10416568                   /usr/lib/x86_64-linux-gnu/libdl.so.2
7f4b95782000-7f4b95783000 rw-p 00003000 08:05 10416568                   /usr/lib/x86_64-linux-gnu/libdl.so.2
7f4b95783000-7f4b95784000 r--p 00000000 08:05 10414679                   /usr/lib/x86_64-linux-gnu/libpthread.so.0
7f4b95784000-7f4b95785000 r-xp 00001000 08:05 10414679                   /usr/lib/x86_64-linux-gnu/libpthread.so.0
7f4b95785000-7f4b95786000 r--p 00002000 08:05 10414679                   /usr/lib/x86_64-linux-gnu/libpthread.so.0
7f4b95786000-7f4b95787000 r--p 00002000 08:05 10414679                   /usr/lib/x86_64-linux-gnu/libpthread.so.0
7f4b95787000-7f4b95788000 rw-p 00003000 08:05 10414679                   /usr/lib/x86_64-linux-gnu/libpthread.so.0
7f4b95788000-7f4b95797000 r-xp 00000000 08:05 14288733                   /home/oliv/.jdks/openjdk-17/lib/libjli.so
7f4b95797000-7f4b95798000 r--p 0000e000 08:05 14288733                   /home/oliv/.jdks/openjdk-17/lib/libjli.so
7f4b95798000-7f4b95799000 rw-p 0000f000 08:05 14288733                   /home/oliv/.jdks/openjdk-17/lib/libjli.so
7f4b95799000-7f4b9579c000 r--p 00000000 08:05 10379885                   /usr/lib/x86_64-linux-gnu/libz.so.1.2.13
7f4b9579c000-7f4b957ab000 r-xp 00003000 08:05 10379885                   /usr/lib/x86_64-linux-gnu/libz.so.1.2.13
7f4b957ab000-7f4b957b1000 r--p 00012000 08:05 10379885                   /usr/lib/x86_64-linux-gnu/libz.so.1.2.13
7f4b957b1000-7f4b957b2000 ---p 00018000 08:05 10379885                   /usr/lib/x86_64-linux-gnu/libz.so.1.2.13
7f4b957b2000-7f4b957b3000 r--p 00018000 08:05 10379885                   /usr/lib/x86_64-linux-gnu/libz.so.1.2.13
7f4b957b3000-7f4b957b4000 rw-p 00019000 08:05 10379885                   /usr/lib/x86_64-linux-gnu/libz.so.1.2.13
7f4b957b4000-7f4b957b5000 r--p 00000000 08:05 10491431                   /usr/share/runtime/locale/fr/lib/fr_FR.utf8/LC_TELEPHONE
7f4b957b5000-7f4b957b6000 r--p 00000000 08:05 10490356                   /usr/share/runtime/locale/fr/lib/fr_FR.utf8/LC_MEASUREMENT
7f4b957b6000-7f4b957b7000 r--p 00000000 08:05 10488651                   /usr/share/runtime/locale/fr/lib/fr_FR.utf8/LC_IDENTIFICATION
7f4b957b7000-7f4b957bf000 rw-s 00000000 00:2a 221                        /tmp/hsperfdata_oliv/958
7f4b957bf000-7f4b957c0000 ---p 00000000 00:00 0 
7f4b957c0000-7f4b957c1000 r--p 00000000 00:00 0 
7f4b957c1000-7f4b957c2000 ---p 00000000 00:00 0 
7f4b957c2000-7f4b957c4000 rw-p 00000000 00:00 0 
7f4b957c4000-7f4b957c6000 r--p 00000000 08:05 10414124                   /usr/lib/x86_64-linux-gnu/ld-linux-x86-64.so.2
7f4b957c6000-7f4b957ee000 r-xp 00002000 08:05 10414124                   /usr/lib/x86_64-linux-gnu/ld-linux-x86-64.so.2
7f4b957ee000-7f4b957f9000 r--p 0002a000 08:05 10414124                   /usr/lib/x86_64-linux-gnu/ld-linux-x86-64.so.2
7f4b957f9000-7f4b957fb000 r--p 00034000 08:05 10414124                   /usr/lib/x86_64-linux-gnu/ld-linux-x86-64.so.2
7f4b957fb000-7f4b957fd000 rw-p 00036000 08:05 10414124                   /usr/lib/x86_64-linux-gnu/ld-linux-x86-64.so.2
7ffe9c71d000-7ffe9c73e000 rw-p 00000000 00:00 0                          [stack]
7ffe9c7ac000-7ffe9c7b0000 r--p 00000000 00:00 0                          [vvar]
7ffe9c7b0000-7ffe9c7b2000 r-xp 00000000 00:00 0                          [vdso]
ffffffffff600000-ffffffffff601000 --xp 00000000 00:00 0                  [vsyscall]


VM Arguments:
jvm_args: -Dmaven.multiModuleProjectDirectory=/home/oliv/Documents/openclassrooms/P9/patient-info -Djansi.passthrough=true -Dmaven.home=/app/IDEA-C/plugins/maven/lib/maven3 -Dclassworlds.conf=/app/IDEA-C/plugins/maven/lib/maven3/bin/m2.conf -Dmaven.ext.class.path=/app/IDEA-C/plugins/maven/lib/maven-event-listener.jar -javaagent:/app/IDEA-C/lib/idea_rt.jar=33469:/app/IDEA-C/bin -Dfile.encoding=UTF-8 
java_command: org.codehaus.classworlds.Launcher -Didea.version=2023.1.2 install
java_class_path (initial): /app/IDEA-C/plugins/maven/lib/maven3/boot/plexus-classworlds.license:/app/IDEA-C/plugins/maven/lib/maven3/boot/plexus-classworlds-2.6.0.jar
Launcher Type: SUN_STANDARD

[Global flags]
     intx CICompilerCount                          = 4                                         {product} {ergonomic}
     uint ConcGCThreads                            = 2                                         {product} {ergonomic}
     uint G1ConcRefinementThreads                  = 8                                         {product} {ergonomic}
   size_t G1HeapRegionSize                         = 1048576                                   {product} {ergonomic}
    uintx GCDrainStackTargetSize                   = 64                                        {product} {ergonomic}
   size_t InitialHeapSize                          = 132120576                                 {product} {ergonomic}
   size_t MarkStackSize                            = 4194304                                   {product} {ergonomic}
   size_t MaxHeapSize                              = 2082471936                                {product} {ergonomic}
   size_t MaxNewSize                               = 1248854016                                {product} {ergonomic}
   size_t MinHeapDeltaBytes                        = 1048576                                   {product} {ergonomic}
   size_t MinHeapSize                              = 8388608                                   {product} {ergonomic}
    uintx NonNMethodCodeHeapSize                   = 5839372                                {pd product} {ergonomic}
    uintx NonProfiledCodeHeapSize                  = 122909434                              {pd product} {ergonomic}
    uintx ProfiledCodeHeapSize                     = 122909434                              {pd product} {ergonomic}
    uintx ReservedCodeCacheSize                    = 251658240                              {pd product} {ergonomic}
     bool SegmentedCodeCache                       = true                                      {product} {ergonomic}
   size_t SoftMaxHeapSize                          = 2082471936                             {manageable} {ergonomic}
     bool UseCompressedClassPointers               = true                           {product lp64_product} {ergonomic}
     bool UseCompressedOops                        = true                           {product lp64_product} {ergonomic}
     bool UseG1GC                                  = true                                      {product} {ergonomic}

Logging:
Log output configuration:
 #0: stdout all=warning uptime,level,tags
 #1: stderr all=off uptime,level,tags

Environment Variables:
PATH=/app/bin:/usr/bin:/home/oliv/.var/app/com.jetbrains.IntelliJ-IDEA-Community/data/node/bin:/home/oliv/.var/app/com.jetbrains.IntelliJ-IDEA-Community/data/cargo/bin:/home/oliv/.var/app/com.jetbrains.IntelliJ-IDEA-Community/data/python/bin:/home/oliv/.var/app/com.jetbrains.IntelliJ-IDEA-Community/data/gem/ruby/3.1.0/bin
LD_LIBRARY_PATH=
SHELL=/bin/sh
DISPLAY=:99.0
LANG=fr_FR.UTF-8

Signal Handlers:
   SIGSEGV: crash_handler in libjvm.so, mask=11100100010111111101111111111110, flags=SA_RESTART|SA_SIGINFO
    SIGBUS: crash_handler in libjvm.so, mask=11100100010111111101111111111110, flags=SA_RESTART|SA_SIGINFO
    SIGFPE: crash_handler in libjvm.so, mask=11100100010111111101111111111110, flags=SA_RESTART|SA_SIGINFO
   SIGPIPE: javaSignalHandler in libjvm.so, mask=11100100010111111101111111111110, flags=SA_RESTART|SA_SIGINFO
   SIGXFSZ: javaSignalHandler in libjvm.so, mask=11100100010111111101111111111110, flags=SA_RESTART|SA_SIGINFO
    SIGILL: crash_handler in libjvm.so, mask=11100100010111111101111111111110, flags=SA_RESTART|SA_SIGINFO
   SIGUSR2: SR_handler in libjvm.so, mask=00100000000000000000000000000000, flags=SA_RESTART|SA_SIGINFO
    SIGHUP: UserHandler in libjvm.so, mask=11100100010111111101111111111110, flags=SA_RESTART|SA_SIGINFO
    SIGINT: UserHandler in libjvm.so, mask=11100100010111111101111111111110, flags=SA_RESTART|SA_SIGINFO
   SIGTERM: UserHandler in libjvm.so, mask=11100100010111111101111111111110, flags=SA_RESTART|SA_SIGINFO
   SIGQUIT: UserHandler in libjvm.so, mask=11100100010111111101111111111110, flags=SA_RESTART|SA_SIGINFO
   SIGTRAP: crash_handler in libjvm.so, mask=11100100010111111101111111111110, flags=SA_RESTART|SA_SIGINFO


---------------  S Y S T E M  ---------------

OS:
NAME="Freedesktop SDK"
VERSION="22.08 (Flatpak runtime)"
VERSION_ID=22.08
ID=org.freedesktop.platform
PRETTY_NAME="Freedesktop.org SDK 22.08 (Flatpak runtime)"
BUG_REPORT_URL=https://gitlab.com/freedesktop-sdk/freedesktop-sdk/issues
uname: Linux 5.15.0-73-generic #80-Ubuntu SMP Mon May 15 15:18:26 UTC 2023 x86_64
OS uptime: 0 days 0:56 hours
libc: glibc 2.35 NPTL 2.35 
rlimit (soft/hard): STACK 8192k/infinity , CORE 0k/infinity , NPROC 31275/31275 , NOFILE 1048576/1048576 , AS infinity/infinity , CPU infinity/infinity , DATA infinity/infinity , FSIZE infinity/infinity , MEMLOCK 1016008k/1016008k
load average: 0,28 0,48 0,73

/proc/meminfo:
MemTotal:        8128072 kB
MemFree:          534188 kB
MemAvailable:    4375152 kB
Buffers:          805516 kB
Cached:          2745756 kB
SwapCached:           60 kB
Active:          1483504 kB
Inactive:        5223516 kB
Active(anon):       2824 kB
Inactive(anon):  3166448 kB
Active(file):    1480680 kB
Inactive(file):  2057068 kB
Unevictable:          48 kB
Mlocked:              48 kB
SwapTotal:       2097148 kB
SwapFree:        2095868 kB
Dirty:              3568 kB
Writeback:             0 kB
AnonPages:       3155908 kB
Mapped:           977440 kB
Shmem:             17820 kB
KReclaimable:     607912 kB
Slab:             718532 kB
SReclaimable:     607912 kB
SUnreclaim:       110620 kB
KernelStack:       12336 kB
PageTables:        27356 kB
NFS_Unstable:          0 kB
Bounce:                0 kB
WritebackTmp:          0 kB
CommitLimit:     6161184 kB
Committed_AS:    6954112 kB
VmallocTotal:   34359738367 kB
VmallocUsed:       43476 kB
VmallocChunk:          0 kB
Percpu:             6720 kB
HardwareCorrupted:     0 kB
AnonHugePages:         0 kB
ShmemHugePages:        0 kB
ShmemPmdMapped:        0 kB
FileHugePages:         0 kB
FilePmdMapped:         0 kB
HugePages_Total:       0
HugePages_Free:        0
HugePages_Rsvd:        0
HugePages_Surp:        0
Hugepagesize:       2048 kB
Hugetlb:               0 kB
DirectMap4k:      441236 kB
DirectMap2M:     7936000 kB

/sys/kernel/mm/transparent_hugepage/enabled: <Not Available>
/sys/kernel/mm/transparent_hugepage/defrag (defrag/compaction efforts parameter): <Not Available>

Process Memory:
Virtual Size: 5097524K (peak: 5098004K)
Resident Set Size: 89740K (peak: 89740K) (anon: 61576K, file: 28120K, shmem: 44K)
Swapped out: 0K
C-Heap outstanding allocations: 14948K

/proc/sys/kernel/threads-max (system-wide limit on the number of threads): 62550
/proc/sys/vm/max_map_count (maximum number of memory map areas a process may have): 65530
/proc/sys/kernel/pid_max (system-wide limit on number of process identifiers): 4194304

Steal ticks since vm start: 0
Steal ticks percentage since vm start:  0,000

CPU: total 8 (initial active 8) (4 cores per cpu, 2 threads per core) family 6 model 30 stepping 5 microcode 0xa, cx8, cmov, fxsr, ht, mmx, sse, sse2, sse3, ssse3, sse4.1, sse4.2, popcnt, tsc, tscinvbit, clflush
CPU Model and flags from /proc/cpuinfo:
model name	: Intel(R) Core(TM) i7 CPU       Q 720  @ 1.60GHz
flags		: fpu vme de pse tsc msr pae mce cx8 apic sep mtrr pge mca cmov pat pse36 clflush dts acpi mmx fxsr sse sse2 ht tm pbe syscall nx rdtscp lm constant_tsc arch_perfmon pebs bts rep_good nopl xtopology nonstop_tsc cpuid aperfmperf pni dtes64 monitor ds_cpl vmx smx est tm2 ssse3 cx16 xtpr pdcm sse4_1 sse4_2 popcnt lahf_lm pti ssbd ibrs ibpb stibp tpr_shadow vnmi flexpriority ept vpid dtherm ida flush_l1d

Online cpus: 0-7
Offline cpus: 
BIOS frequency limitation: 1600000
Frequency switch latency (ns): 10000
Available cpu frequencies: 1600000 1599000 1466000 1333000 1199000 1066000 933000 
Current governor: schedutil
Core performance/turbo boost: 1

Memory: 4k page, physical 8128072k(534188k free), swap 2097148k(2095868k free)
Page Sizes: 4k

vm_info: OpenJDK 64-Bit Server VM (17+35-2724) for linux-amd64 JRE (17+35-2724), built on Aug  5 2021 22:17:49 by "mach5one" with gcc 10.3.0

END.
